> cuda memory allocated: 44781056
> n_trainable_params: 11181642, n_nontrainable_params: 0
> training arguments:
>>> dataset: cifar10
>>> data_dir: data
>>> num_epoch: 100
>>> batch_size: 128
>>> resize: 256
>>> gpus: 0
>>> seed: 7890
>>> lr: 0.01
>>> clip_norm: 50
>>> default_directory: drive/app/torch/save_models
>>> optimizer: SGD
>>> device: cuda:2
>>> log_name: cifar10_23-06-04_19-40-42.log
1/100 - 1.00%
[train] loss: 0.0008, acc: 79.26, err: 20.74
[test] loss: 0.0027, acc: 90.90, err: 9.10
2/100 - 2.00%
[train] loss: 0.0006, acc: 87.38, err: 12.62
[test] loss: 0.0022, acc: 92.15, err: 7.85
3/100 - 3.00%
[train] loss: 0.0006, acc: 89.34, err: 10.66
[test] loss: 0.0019, acc: 93.40, err: 6.60
4/100 - 4.00%
[train] loss: 0.0005, acc: 90.66, err: 9.34
[test] loss: 0.0017, acc: 94.30, err: 5.70
5/100 - 5.00%
[train] loss: 0.0004, acc: 91.58, err: 8.42
[test] loss: 0.0018, acc: 93.69, err: 6.31
6/100 - 6.00%
[train] loss: 0.0004, acc: 92.34, err: 7.66
[test] loss: 0.0020, acc: 93.44, err: 6.56
7/100 - 7.00%
[train] loss: 0.0004, acc: 92.97, err: 7.03
[test] loss: 0.0016, acc: 94.29, err: 5.71
8/100 - 8.00%
[train] loss: 0.0004, acc: 93.42, err: 6.58
[test] loss: 0.0017, acc: 94.55, err: 5.45
9/100 - 9.00%
[train] loss: 0.0003, acc: 93.59, err: 6.41
[test] loss: 0.0018, acc: 94.20, err: 5.80
10/100 - 10.00%
[train] loss: 0.0003, acc: 93.91, err: 6.09
[test] loss: 0.0018, acc: 94.26, err: 5.74
11/100 - 11.00%
[train] loss: 0.0003, acc: 94.45, err: 5.55
[test] loss: 0.0015, acc: 95.16, err: 4.84
12/100 - 12.00%
[train] loss: 0.0003, acc: 94.72, err: 5.28
[test] loss: 0.0016, acc: 94.93, err: 5.07
13/100 - 13.00%
[train] loss: 0.0003, acc: 94.69, err: 5.31
[test] loss: 0.0017, acc: 95.03, err: 4.97
14/100 - 14.00%
[train] loss: 0.0003, acc: 94.74, err: 5.26
[test] loss: 0.0015, acc: 95.49, err: 4.51
15/100 - 15.00%
[train] loss: 0.0003, acc: 95.10, err: 4.90
[test] loss: 0.0017, acc: 95.04, err: 4.96
16/100 - 16.00%
[train] loss: 0.0002, acc: 95.25, err: 4.75
[test] loss: 0.0017, acc: 95.00, err: 5.00
17/100 - 17.00%
[train] loss: 0.0002, acc: 95.21, err: 4.79
[test] loss: 0.0015, acc: 95.45, err: 4.55
18/100 - 18.00%
[train] loss: 0.0002, acc: 95.50, err: 4.50
[test] loss: 0.0018, acc: 95.11, err: 4.89
19/100 - 19.00%
[train] loss: 0.0002, acc: 95.58, err: 4.42
[test] loss: 0.0016, acc: 95.30, err: 4.70
20/100 - 20.00%
[train] loss: 0.0002, acc: 95.96, err: 4.04
[test] loss: 0.0017, acc: 95.02, err: 4.98
21/100 - 21.00%
[train] loss: 0.0002, acc: 95.87, err: 4.13
[test] loss: 0.0017, acc: 95.47, err: 4.53
22/100 - 22.00%
[train] loss: 0.0002, acc: 95.86, err: 4.14
[test] loss: 0.0016, acc: 95.40, err: 4.60
23/100 - 23.00%
[train] loss: 0.0002, acc: 96.11, err: 3.89
[test] loss: 0.0015, acc: 95.70, err: 4.30
24/100 - 24.00%
[train] loss: 0.0002, acc: 96.17, err: 3.83
[test] loss: 0.0015, acc: 95.80, err: 4.20
25/100 - 25.00%
[train] loss: 0.0002, acc: 96.25, err: 3.75
[test] loss: 0.0016, acc: 95.24, err: 4.76
26/100 - 26.00%
[train] loss: 0.0002, acc: 96.30, err: 3.70
[test] loss: 0.0015, acc: 95.67, err: 4.33
27/100 - 27.00%
[train] loss: 0.0002, acc: 96.23, err: 3.77
[test] loss: 0.0015, acc: 95.70, err: 4.30
28/100 - 28.00%
[train] loss: 0.0002, acc: 96.54, err: 3.46
[test] loss: 0.0016, acc: 95.65, err: 4.35
29/100 - 29.00%
[train] loss: 0.0002, acc: 96.41, err: 3.59
[test] loss: 0.0016, acc: 95.62, err: 4.38
30/100 - 30.00%
[train] loss: 0.0002, acc: 96.67, err: 3.33
[test] loss: 0.0014, acc: 95.81, err: 4.19
31/100 - 31.00%
[train] loss: 0.0001, acc: 97.21, err: 2.79
[test] loss: 0.0012, acc: 96.49, err: 3.51
32/100 - 32.00%
[train] loss: 0.0001, acc: 97.57, err: 2.43
[test] loss: 0.0012, acc: 96.51, err: 3.49
33/100 - 33.00%
[train] loss: 0.0001, acc: 97.76, err: 2.24
[test] loss: 0.0012, acc: 96.62, err: 3.38
34/100 - 34.00%
[train] loss: 0.0001, acc: 97.88, err: 2.12
[test] loss: 0.0012, acc: 96.67, err: 3.33
35/100 - 35.00%
[train] loss: 0.0001, acc: 97.74, err: 2.26
[test] loss: 0.0012, acc: 96.64, err: 3.36
36/100 - 36.00%
[train] loss: 0.0001, acc: 97.84, err: 2.16
[test] loss: 0.0011, acc: 96.66, err: 3.34
37/100 - 37.00%
[train] loss: 0.0001, acc: 97.80, err: 2.20
[test] loss: 0.0011, acc: 96.57, err: 3.43
38/100 - 38.00%
[train] loss: 0.0001, acc: 97.83, err: 2.17
[test] loss: 0.0012, acc: 96.70, err: 3.30
39/100 - 39.00%
[train] loss: 0.0001, acc: 97.92, err: 2.08
[test] loss: 0.0012, acc: 96.65, err: 3.35
40/100 - 40.00%
[train] loss: 0.0001, acc: 98.01, err: 1.99
[test] loss: 0.0012, acc: 96.59, err: 3.41
41/100 - 41.00%
[train] loss: 0.0001, acc: 97.84, err: 2.16
[test] loss: 0.0011, acc: 96.59, err: 3.41
42/100 - 42.00%
[train] loss: 0.0001, acc: 98.01, err: 1.99
[test] loss: 0.0012, acc: 96.60, err: 3.40
43/100 - 43.00%
[train] loss: 0.0001, acc: 97.93, err: 2.07
[test] loss: 0.0012, acc: 96.70, err: 3.30
44/100 - 44.00%
[train] loss: 0.0001, acc: 97.92, err: 2.08
[test] loss: 0.0012, acc: 96.54, err: 3.46
45/100 - 45.00%
[train] loss: 0.0001, acc: 97.92, err: 2.08
[test] loss: 0.0011, acc: 96.67, err: 3.33
46/100 - 46.00%
[train] loss: 0.0001, acc: 98.05, err: 1.95
[test] loss: 0.0011, acc: 96.62, err: 3.38
47/100 - 47.00%
[train] loss: 0.0001, acc: 98.01, err: 1.99
[test] loss: 0.0011, acc: 96.72, err: 3.28
48/100 - 48.00%
[train] loss: 0.0001, acc: 98.15, err: 1.85
[test] loss: 0.0011, acc: 96.68, err: 3.32
49/100 - 49.00%
[train] loss: 0.0001, acc: 98.04, err: 1.96
[test] loss: 0.0011, acc: 96.62, err: 3.38
50/100 - 50.00%
[train] loss: 0.0001, acc: 98.01, err: 1.99
[test] loss: 0.0011, acc: 96.66, err: 3.34
51/100 - 51.00%
[train] loss: 0.0001, acc: 98.12, err: 1.88
[test] loss: 0.0011, acc: 96.64, err: 3.36
52/100 - 52.00%
[train] loss: 0.0001, acc: 98.03, err: 1.97
[test] loss: 0.0011, acc: 96.73, err: 3.27
53/100 - 53.00%
[train] loss: 0.0001, acc: 98.07, err: 1.93
[test] loss: 0.0011, acc: 96.67, err: 3.33
54/100 - 54.00%
[train] loss: 0.0001, acc: 98.14, err: 1.86
[test] loss: 0.0011, acc: 96.71, err: 3.29
55/100 - 55.00%
[train] loss: 0.0001, acc: 98.15, err: 1.85
[test] loss: 0.0011, acc: 96.70, err: 3.30
56/100 - 56.00%
[train] loss: 0.0001, acc: 98.16, err: 1.84
[test] loss: 0.0011, acc: 96.73, err: 3.27
57/100 - 57.00%
[train] loss: 0.0001, acc: 98.30, err: 1.70
[test] loss: 0.0011, acc: 96.67, err: 3.33
58/100 - 58.00%
[train] loss: 0.0001, acc: 98.09, err: 1.91
[test] loss: 0.0011, acc: 96.72, err: 3.28
59/100 - 59.00%
[train] loss: 0.0001, acc: 98.16, err: 1.84
[test] loss: 0.0011, acc: 96.71, err: 3.29
60/100 - 60.00%
[train] loss: 0.0001, acc: 98.15, err: 1.85
[test] loss: 0.0011, acc: 96.74, err: 3.26
61/100 - 61.00%
[train] loss: 0.0001, acc: 98.24, err: 1.76
[test] loss: 0.0011, acc: 96.79, err: 3.21
62/100 - 62.00%
[train] loss: 0.0001, acc: 98.20, err: 1.80
[test] loss: 0.0011, acc: 96.76, err: 3.24
63/100 - 63.00%
[train] loss: 0.0001, acc: 98.23, err: 1.77
[test] loss: 0.0011, acc: 96.78, err: 3.22
64/100 - 64.00%
[train] loss: 0.0001, acc: 98.18, err: 1.82
[test] loss: 0.0011, acc: 96.86, err: 3.14
65/100 - 65.00%
[train] loss: 0.0001, acc: 98.18, err: 1.82
[test] loss: 0.0011, acc: 96.69, err: 3.31
66/100 - 66.00%
[train] loss: 0.0001, acc: 98.13, err: 1.87
[test] loss: 0.0011, acc: 96.81, err: 3.19
67/100 - 67.00%
[train] loss: 0.0001, acc: 98.17, err: 1.83
[test] loss: 0.0011, acc: 96.77, err: 3.23
68/100 - 68.00%
[train] loss: 0.0001, acc: 98.18, err: 1.82
[test] loss: 0.0011, acc: 96.79, err: 3.21
69/100 - 69.00%
[train] loss: 0.0001, acc: 98.22, err: 1.78
[test] loss: 0.0011, acc: 96.75, err: 3.25
70/100 - 70.00%
[train] loss: 0.0001, acc: 98.15, err: 1.85
[test] loss: 0.0011, acc: 96.70, err: 3.30
71/100 - 71.00%
[train] loss: 0.0001, acc: 98.17, err: 1.83
[test] loss: 0.0011, acc: 96.75, err: 3.25
72/100 - 72.00%
[train] loss: 0.0001, acc: 98.20, err: 1.80
[test] loss: 0.0011, acc: 96.78, err: 3.22
73/100 - 73.00%
[train] loss: 0.0001, acc: 98.19, err: 1.81
[test] loss: 0.0011, acc: 96.80, err: 3.20
74/100 - 74.00%
[train] loss: 0.0001, acc: 98.31, err: 1.69
[test] loss: 0.0011, acc: 96.77, err: 3.23
75/100 - 75.00%
[train] loss: 0.0001, acc: 98.20, err: 1.80
[test] loss: 0.0011, acc: 96.81, err: 3.19
76/100 - 76.00%
[train] loss: 0.0001, acc: 98.27, err: 1.73
[test] loss: 0.0011, acc: 96.85, err: 3.15
77/100 - 77.00%
[train] loss: 0.0001, acc: 98.19, err: 1.81
[test] loss: 0.0011, acc: 96.79, err: 3.21
78/100 - 78.00%
[train] loss: 0.0001, acc: 98.17, err: 1.83
[test] loss: 0.0011, acc: 96.83, err: 3.17
79/100 - 79.00%
[train] loss: 0.0001, acc: 98.18, err: 1.82
[test] loss: 0.0011, acc: 96.81, err: 3.19
80/100 - 80.00%
[train] loss: 0.0001, acc: 98.16, err: 1.84
[test] loss: 0.0011, acc: 96.80, err: 3.20
81/100 - 81.00%
[train] loss: 0.0001, acc: 98.31, err: 1.69
[test] loss: 0.0011, acc: 96.80, err: 3.20
82/100 - 82.00%
[train] loss: 0.0001, acc: 98.11, err: 1.89
[test] loss: 0.0011, acc: 96.79, err: 3.21
83/100 - 83.00%
[train] loss: 0.0001, acc: 98.24, err: 1.76
[test] loss: 0.0011, acc: 96.82, err: 3.18
84/100 - 84.00%
[train] loss: 0.0001, acc: 98.21, err: 1.79
[test] loss: 0.0011, acc: 96.84, err: 3.16
85/100 - 85.00%
[train] loss: 0.0001, acc: 98.16, err: 1.84
[test] loss: 0.0011, acc: 96.83, err: 3.17
86/100 - 86.00%
[train] loss: 0.0001, acc: 98.21, err: 1.79
[test] loss: 0.0011, acc: 96.89, err: 3.11
87/100 - 87.00%
[train] loss: 0.0001, acc: 98.19, err: 1.81
[test] loss: 0.0011, acc: 96.80, err: 3.20
88/100 - 88.00%
[train] loss: 0.0001, acc: 98.19, err: 1.81
[test] loss: 0.0011, acc: 96.76, err: 3.24
89/100 - 89.00%
[train] loss: 0.0001, acc: 98.07, err: 1.93
[test] loss: 0.0011, acc: 96.80, err: 3.20
90/100 - 90.00%
[train] loss: 0.0001, acc: 98.14, err: 1.86
[test] loss: 0.0011, acc: 96.88, err: 3.12
91/100 - 91.00%
[train] loss: 0.0001, acc: 98.21, err: 1.79
[test] loss: 0.0011, acc: 96.85, err: 3.15
92/100 - 92.00%
[train] loss: 0.0001, acc: 98.30, err: 1.70
[test] loss: 0.0011, acc: 96.82, err: 3.18
93/100 - 93.00%
[train] loss: 0.0001, acc: 98.19, err: 1.81
[test] loss: 0.0011, acc: 96.80, err: 3.20
94/100 - 94.00%
[train] loss: 0.0001, acc: 98.20, err: 1.80
[test] loss: 0.0011, acc: 96.76, err: 3.24
95/100 - 95.00%
[train] loss: 0.0001, acc: 98.26, err: 1.74
[test] loss: 0.0011, acc: 96.89, err: 3.11
96/100 - 96.00%
[train] loss: 0.0001, acc: 98.30, err: 1.70
[test] loss: 0.0011, acc: 96.89, err: 3.11
97/100 - 97.00%
[train] loss: 0.0001, acc: 98.30, err: 1.70
[test] loss: 0.0011, acc: 96.81, err: 3.19
98/100 - 98.00%
[train] loss: 0.0001, acc: 98.18, err: 1.82
[test] loss: 0.0011, acc: 96.83, err: 3.17
99/100 - 99.00%
[train] loss: 0.0001, acc: 98.33, err: 1.67
[test] loss: 0.0011, acc: 96.89, err: 3.11
100/100 - 100.00%
[train] loss: 0.0001, acc: 98.26, err: 1.74
[test] loss: 0.0011, acc: 96.83, err: 3.17
best loss: 0.0011, best acc: 96.89, best err: 3.11
log saved: cifar10_23-06-04_19-40-42.log
