> cuda memory allocated: 44781056
> n_trainable_params: 11181642, n_nontrainable_params: 0
> training arguments:
>>> dataset: cifar10
>>> data_dir: data
>>> num_epoch: 200
>>> batch_size: 128
>>> resize: 256
>>> gpus: 0
>>> seed: 7890
>>> lr: 0.0001
>>> weight_decay: 0.0
>>> clip_norm: 50
>>> default_directory: drive/app/torch/save_models
>>> optimizer: adam
>>> device: cuda:2
>>> log_name: cifar10_23-06-04_21-13-00.log
1/200 - 0.50%
[train] loss: 0.0030, acc: 34.72, err: 65.28
[test] loss: 0.0130, acc: 65.67, err: 34.33
2/200 - 1.00%
[train] loss: 0.0020, acc: 61.71, err: 38.29
[test] loss: 0.0083, acc: 76.00, err: 24.00
