> cuda memory allocated: 44781056
> n_trainable_params: 11181642, n_nontrainable_params: 0
> training arguments:
>>> dataset: cifar10
>>> data_dir: data
>>> num_epoch: 100
>>> batch_size: 128
>>> resize: 256
>>> gpus: 0
>>> seed: 7890
>>> lr: 0.0001
>>> weight_decay: 0.0001
>>> clip_norm: 50
>>> default_directory: drive/app/torch/save_models
>>> optimizer: adam
>>> device: cuda:2
>>> log_name: cifar10_23-06-04_21-45-24.log
1/100 - 1.00%
[train] loss: 0.0031, acc: 31.28, err: 68.72
[test] loss: 0.0139, acc: 61.10, err: 38.90
2/100 - 2.00%
[train] loss: 0.0022, acc: 59.71, err: 40.29
[test] loss: 0.0090, acc: 73.81, err: 26.19
3/100 - 3.00%
[train] loss: 0.0017, acc: 68.23, err: 31.77
[test] loss: 0.0069, acc: 79.16, err: 20.84
4/100 - 4.00%
[train] loss: 0.0015, acc: 72.93, err: 27.07
[test] loss: 0.0057, acc: 82.47, err: 17.53
