Loading pretrained weights from Hugging Face hub (timm/resnet18.a1_in1k)
[timm/resnet18.a1_in1k] Safe alternative available for 'pytorch_model.bin' (as 'model.safetensors'). Loading weights using safetensors.
> cuda memory allocated: 44781056
> n_trainable_params: 11181642, n_nontrainable_params: 0
> training arguments:
>>> dataset: cifar10
>>> data_dir: data
>>> num_epoch: 500
>>> batch_size: 128
>>> resize: 224
>>> gpus: 0
>>> seed: 7890
>>> lr: 0.001
>>> weight_decay: 0.0
>>> clip_norm: 50
>>> no_data_aug: False
>>> cutout: True
>>> autoaug: True
>>> default_directory: drive/app/torch/save_models
>>> optimizer: adam
>>> device: cuda:2
>>> log_name: cifar10_23-06-04_16-33-33.log
1/500 - 0.20%
[train] loss: 0.0025, acc: 40.09, err: 59.91
[test] loss: 0.0094, acc: 66.98, err: 33.02
2/500 - 0.40%
[train] loss: 0.0022, acc: 54.48, err: 45.52
[test] loss: 0.0083, acc: 71.61, err: 28.39
3/500 - 0.60%
[train] loss: 0.0021, acc: 59.10, err: 40.90
[test] loss: 0.0070, acc: 75.98, err: 24.02
4/500 - 0.80%
[train] loss: 0.0020, acc: 61.40, err: 38.60
[test] loss: 0.0064, acc: 78.23, err: 21.77
5/500 - 1.00%
[train] loss: 0.0018, acc: 63.26, err: 36.74
[test] loss: 0.0063, acc: 78.12, err: 21.88
6/500 - 1.20%
[train] loss: 0.0018, acc: 64.53, err: 35.47
[test] loss: 0.0058, acc: 79.71, err: 20.29
7/500 - 1.40%
[train] loss: 0.0018, acc: 65.30, err: 34.70
[test] loss: 0.0057, acc: 80.20, err: 19.80
8/500 - 1.60%
[train] loss: 0.0017, acc: 66.79, err: 33.21
[test] loss: 0.0052, acc: 81.91, err: 18.09
9/500 - 1.80%
[train] loss: 0.0017, acc: 67.54, err: 32.46
[test] loss: 0.0057, acc: 80.42, err: 19.58
10/500 - 2.00%
[train] loss: 0.0016, acc: 67.97, err: 32.03
[test] loss: 0.0051, acc: 82.42, err: 17.58
11/500 - 2.20%
[train] loss: 0.0016, acc: 68.61, err: 31.39
[test] loss: 0.0050, acc: 82.73, err: 17.27
12/500 - 2.40%
[train] loss: 0.0016, acc: 69.27, err: 30.73
[test] loss: 0.0049, acc: 83.33, err: 16.67
13/500 - 2.60%
[train] loss: 0.0016, acc: 69.38, err: 30.62
[test] loss: 0.0047, acc: 84.17, err: 15.83
