Loading pretrained weights from Hugging Face hub (timm/resnet18.a1_in1k)
[timm/resnet18.a1_in1k] Safe alternative available for 'pytorch_model.bin' (as 'model.safetensors'). Loading weights using safetensors.
> cuda memory allocated: 44781056
> n_trainable_params: 11181642, n_nontrainable_params: 0
> training arguments:
>>> dataset: cifar10
>>> data_dir: data
>>> num_epoch: 500
>>> batch_size: 128
>>> resize: 256
>>> gpus: 0
>>> seed: 7890
>>> lr: 0.01
>>> no_data_aug: False
>>> cutout: False
>>> autoaug: False
>>> default_directory: drive/app/torch/save_models
>>> optimizer: SGD
>>> device: cuda:2
>>> log_name: cifar10_23-06-04_17-48-53.log
1/500 - 0.20%
[train] loss: 0.0024, acc: 44.63, err: 55.37
[test] loss: 0.0122, acc: 56.75, err: 43.25
2/500 - 0.40%
[train] loss: 0.0020, acc: 58.80, err: 41.20
[test] loss: 0.0105, acc: 63.09, err: 36.91
3/500 - 0.60%
[train] loss: 0.0018, acc: 64.62, err: 35.38
[test] loss: 0.0091, acc: 68.61, err: 31.39
4/500 - 0.80%
[train] loss: 0.0016, acc: 68.19, err: 31.81
[test] loss: 0.0084, acc: 71.16, err: 28.84
5/500 - 1.00%
[train] loss: 0.0015, acc: 70.52, err: 29.48
[test] loss: 0.0080, acc: 71.95, err: 28.05
6/500 - 1.20%
[train] loss: 0.0014, acc: 71.94, err: 28.06
[test] loss: 0.0076, acc: 73.76, err: 26.24
7/500 - 1.40%
[train] loss: 0.0014, acc: 73.16, err: 26.84
[test] loss: 0.0074, acc: 74.64, err: 25.36
8/500 - 1.60%
[train] loss: 0.0013, acc: 74.17, err: 25.83
[test] loss: 0.0068, acc: 76.36, err: 23.64
9/500 - 1.80%
[train] loss: 0.0013, acc: 75.41, err: 24.59
[test] loss: 0.0066, acc: 76.82, err: 23.18
10/500 - 2.00%
[train] loss: 0.0012, acc: 76.25, err: 23.75
[test] loss: 0.0065, acc: 77.64, err: 22.36
11/500 - 2.20%
[train] loss: 0.0012, acc: 76.91, err: 23.09
[test] loss: 0.0065, acc: 77.27, err: 22.73
12/500 - 2.40%
[train] loss: 0.0012, acc: 77.61, err: 22.39
[test] loss: 0.0062, acc: 78.41, err: 21.59
13/500 - 2.60%
[train] loss: 0.0012, acc: 78.15, err: 21.85
[test] loss: 0.0064, acc: 78.34, err: 21.66
