Loading pretrained weights from Hugging Face hub (timm/resnet18.a1_in1k)
[timm/resnet18.a1_in1k] Safe alternative available for 'pytorch_model.bin' (as 'model.safetensors'). Loading weights using safetensors.
> cuda memory allocated: 44781056
> n_trainable_params: 11181642, n_nontrainable_params: 0
> training arguments:
>>> dataset: cifar10
>>> data_dir: data
>>> num_epoch: 500
>>> batch_size: 128
>>> resize: 224
>>> gpus: 0
>>> seed: 7890
>>> lr: 0.01
>>> weight_decay: 0.0005
>>> clip_norm: 50
>>> no_data_aug: False
>>> cutout: False
>>> autoaug: False
>>> default_directory: drive/app/torch/save_models
>>> optimizer: adam
>>> device: cuda:2
>>> log_name: cifar10_23-06-04_17-34-08.log
1/500 - 0.20%
[train] loss: 0.0023, acc: 45.10, err: 54.90
[test] loss: 0.0121, acc: 56.71, err: 43.29
2/500 - 0.40%
[train] loss: 0.0020, acc: 59.50, err: 40.50
[test] loss: 0.0102, acc: 63.90, err: 36.10
3/500 - 0.60%
[train] loss: 0.0018, acc: 64.54, err: 35.46
[test] loss: 0.0092, acc: 68.33, err: 31.67
4/500 - 0.80%
[train] loss: 0.0016, acc: 68.02, err: 31.98
[test] loss: 0.0086, acc: 70.40, err: 29.60
5/500 - 1.00%
[train] loss: 0.0015, acc: 70.13, err: 29.87
[test] loss: 0.0082, acc: 71.49, err: 28.51
6/500 - 1.20%
[train] loss: 0.0014, acc: 71.79, err: 28.21
[test] loss: 0.0075, acc: 74.28, err: 25.72
7/500 - 1.40%
[train] loss: 0.0014, acc: 73.11, err: 26.89
[test] loss: 0.0076, acc: 73.81, err: 26.19
8/500 - 1.60%
[train] loss: 0.0013, acc: 74.18, err: 25.82
[test] loss: 0.0072, acc: 75.56, err: 24.44
9/500 - 1.80%
[train] loss: 0.0013, acc: 75.31, err: 24.69
[test] loss: 0.0068, acc: 76.27, err: 23.73
10/500 - 2.00%
[train] loss: 0.0012, acc: 75.94, err: 24.06
[test] loss: 0.0067, acc: 76.97, err: 23.03
11/500 - 2.20%
[train] loss: 0.0012, acc: 76.79, err: 23.21
[test] loss: 0.0065, acc: 77.64, err: 22.36
12/500 - 2.40%
[train] loss: 0.0012, acc: 77.42, err: 22.58
[test] loss: 0.0064, acc: 77.74, err: 22.26
13/500 - 2.60%
[train] loss: 0.0012, acc: 77.51, err: 22.49
[test] loss: 0.0064, acc: 78.03, err: 21.97
14/500 - 2.80%
[train] loss: 0.0011, acc: 77.94, err: 22.06
[test] loss: 0.0062, acc: 78.92, err: 21.08
15/500 - 3.00%
[train] loss: 0.0011, acc: 78.49, err: 21.51
[test] loss: 0.0060, acc: 79.05, err: 20.95
