> cuda memory allocated: 44781056
> n_trainable_params: 11181642, n_nontrainable_params: 0
> training arguments:
>>> dataset: cifar10
>>> data_dir: data
>>> num_epoch: 200
>>> batch_size: 128
>>> resize: 256
>>> gpus: 0
>>> seed: 7890
>>> lr: 0.0005
>>> weight_decay: 0.0
>>> clip_norm: 50
>>> default_directory: drive/app/torch/save_models
>>> optimizer: adam
>>> device: cuda:2
>>> log_name: cifar10_23-06-04_21-17-15.log
1/200 - 0.50%
[train] loss: 0.0014, acc: 60.23, err: 39.77
[test] loss: 0.0052, acc: 83.35, err: 16.65
2/200 - 1.00%
[train] loss: 0.0010, acc: 79.58, err: 20.42
[test] loss: 0.0035, acc: 88.42, err: 11.58
3/200 - 1.50%
[train] loss: 0.0008, acc: 83.56, err: 16.44
[test] loss: 0.0028, acc: 90.48, err: 9.52
4/200 - 2.00%
[train] loss: 0.0008, acc: 85.43, err: 14.57
[test] loss: 0.0025, acc: 91.40, err: 8.60
5/200 - 2.50%
[train] loss: 0.0007, acc: 86.58, err: 13.42
[test] loss: 0.0023, acc: 92.06, err: 7.94
6/200 - 3.00%
[train] loss: 0.0006, acc: 87.65, err: 12.35
[test] loss: 0.0021, acc: 92.56, err: 7.44
7/200 - 3.50%
[train] loss: 0.0006, acc: 88.35, err: 11.65
[test] loss: 0.0020, acc: 93.17, err: 6.83
8/200 - 4.00%
[train] loss: 0.0006, acc: 88.92, err: 11.08
[test] loss: 0.0019, acc: 93.22, err: 6.78
9/200 - 4.50%
[train] loss: 0.0006, acc: 89.68, err: 10.32
[test] loss: 0.0018, acc: 93.66, err: 6.34
10/200 - 5.00%
[train] loss: 0.0005, acc: 89.88, err: 10.12
[test] loss: 0.0018, acc: 93.81, err: 6.19
11/200 - 5.50%
[train] loss: 0.0005, acc: 90.32, err: 9.68
[test] loss: 0.0017, acc: 93.97, err: 6.03
12/200 - 6.00%
[train] loss: 0.0005, acc: 90.73, err: 9.27
[test] loss: 0.0017, acc: 94.01, err: 5.99
13/200 - 6.50%
[train] loss: 0.0005, acc: 90.89, err: 9.11
[test] loss: 0.0016, acc: 94.26, err: 5.74
14/200 - 7.00%
[train] loss: 0.0005, acc: 91.38, err: 8.62
[test] loss: 0.0016, acc: 94.24, err: 5.76
15/200 - 7.50%
[train] loss: 0.0004, acc: 91.49, err: 8.51
[test] loss: 0.0016, acc: 94.56, err: 5.44
16/200 - 8.00%
[train] loss: 0.0004, acc: 91.75, err: 8.25
[test] loss: 0.0015, acc: 94.72, err: 5.28
17/200 - 8.50%
[train] loss: 0.0004, acc: 92.03, err: 7.97
[test] loss: 0.0015, acc: 94.78, err: 5.22
18/200 - 9.00%
[train] loss: 0.0004, acc: 92.23, err: 7.77
[test] loss: 0.0015, acc: 94.90, err: 5.10
19/200 - 9.50%
[train] loss: 0.0004, acc: 92.33, err: 7.67
[test] loss: 0.0015, acc: 95.01, err: 4.99
20/200 - 10.00%
[train] loss: 0.0004, acc: 92.60, err: 7.40
[test] loss: 0.0014, acc: 95.34, err: 4.66
21/200 - 10.50%
[train] loss: 0.0004, acc: 92.91, err: 7.09
[test] loss: 0.0014, acc: 95.21, err: 4.79
22/200 - 11.00%
[train] loss: 0.0004, acc: 92.86, err: 7.14
[test] loss: 0.0014, acc: 95.16, err: 4.84
23/200 - 11.50%
[train] loss: 0.0003, acc: 93.08, err: 6.92
[test] loss: 0.0014, acc: 95.30, err: 4.70
24/200 - 12.00%
[train] loss: 0.0004, acc: 93.20, err: 6.80
[test] loss: 0.0014, acc: 95.45, err: 4.55
25/200 - 12.50%
[train] loss: 0.0004, acc: 93.30, err: 6.70
[test] loss: 0.0014, acc: 95.22, err: 4.78
26/200 - 13.00%
[train] loss: 0.0003, acc: 93.42, err: 6.58
[test] loss: 0.0014, acc: 95.47, err: 4.53
27/200 - 13.50%
[train] loss: 0.0003, acc: 93.54, err: 6.46
[test] loss: 0.0014, acc: 95.23, err: 4.77
28/200 - 14.00%
[train] loss: 0.0003, acc: 93.73, err: 6.27
[test] loss: 0.0013, acc: 95.45, err: 4.55
29/200 - 14.50%
[train] loss: 0.0003, acc: 93.72, err: 6.28
[test] loss: 0.0013, acc: 95.47, err: 4.53
