Loading pretrained weights from Hugging Face hub (timm/resnet18.a1_in1k)
[timm/resnet18.a1_in1k] Safe alternative available for 'pytorch_model.bin' (as 'model.safetensors'). Loading weights using safetensors.
> cuda memory allocated: 44781056
> n_trainable_params: 11181642, n_nontrainable_params: 0
> training arguments:
>>> dataset: cifar10
>>> data_dir: data
>>> num_epoch: 100
>>> batch_size: 128
>>> resize: 224
>>> gpus: 0
>>> seed: 7890
>>> lr: 1e-05
>>> weight_decay: 0.01
>>> clip_norm: 50
>>> no_data_aug: False
>>> cutout: False
>>> autoaug: False
>>> default_directory: drive/app/torch/save_models
>>> optimizer: adam
>>> device: cuda:2
>>> log_name: cifar10_23-06-04_07-17-17.log
1/100 - 1.00%
[train] loss: 0.0042, acc: 11.20, err: 88.80
[test] loss: 0.0232, acc: 11.80, err: 88.20
2/100 - 2.00%
[train] loss: 0.0041, acc: 13.77, err: 86.23
[test] loss: 0.0227, acc: 15.09, err: 84.91
3/100 - 3.00%
[train] loss: 0.0041, acc: 16.64, err: 83.36
[test] loss: 0.0224, acc: 17.70, err: 82.30
4/100 - 4.00%
[train] loss: 0.0040, acc: 19.61, err: 80.39
[test] loss: 0.0219, acc: 21.25, err: 78.75
5/100 - 5.00%
[train] loss: 0.0039, acc: 22.49, err: 77.51
[test] loss: 0.0215, acc: 23.95, err: 76.05
6/100 - 6.00%
[train] loss: 0.0038, acc: 25.12, err: 74.88
[test] loss: 0.0211, acc: 26.87, err: 73.13
7/100 - 7.00%
[train] loss: 0.0038, acc: 27.95, err: 72.05
[test] loss: 0.0207, acc: 29.35, err: 70.65
8/100 - 8.00%
[train] loss: 0.0037, acc: 29.87, err: 70.13
[test] loss: 0.0202, acc: 31.49, err: 68.51
9/100 - 9.00%
[train] loss: 0.0036, acc: 32.05, err: 67.95
[test] loss: 0.0197, acc: 33.75, err: 66.25
10/100 - 10.00%
[train] loss: 0.0035, acc: 34.23, err: 65.77
[test] loss: 0.0192, acc: 36.10, err: 63.90
11/100 - 11.00%
[train] loss: 0.0035, acc: 35.59, err: 64.41
[test] loss: 0.0189, acc: 37.42, err: 62.58
12/100 - 12.00%
[train] loss: 0.0034, acc: 37.32, err: 62.68
[test] loss: 0.0184, acc: 39.34, err: 60.66
13/100 - 13.00%
[train] loss: 0.0033, acc: 38.94, err: 61.06
[test] loss: 0.0180, acc: 40.43, err: 59.57
14/100 - 14.00%
[train] loss: 0.0032, acc: 39.71, err: 60.29
[test] loss: 0.0176, acc: 41.91, err: 58.09
15/100 - 15.00%
[train] loss: 0.0032, acc: 41.14, err: 58.86
[test] loss: 0.0172, acc: 43.31, err: 56.69
16/100 - 16.00%
[train] loss: 0.0031, acc: 42.48, err: 57.52
[test] loss: 0.0168, acc: 44.55, err: 55.45
17/100 - 17.00%
[train] loss: 0.0030, acc: 43.63, err: 56.37
[test] loss: 0.0165, acc: 45.03, err: 54.97
18/100 - 18.00%
[train] loss: 0.0030, acc: 44.82, err: 55.18
[test] loss: 0.0161, acc: 46.96, err: 53.04
19/100 - 19.00%
[train] loss: 0.0029, acc: 45.82, err: 54.18
[test] loss: 0.0158, acc: 47.60, err: 52.40
20/100 - 20.00%
[train] loss: 0.0029, acc: 46.58, err: 53.42
[test] loss: 0.0153, acc: 49.26, err: 50.74
21/100 - 21.00%
[train] loss: 0.0028, acc: 47.63, err: 52.37
[test] loss: 0.0150, acc: 50.26, err: 49.74
22/100 - 22.00%
[train] loss: 0.0028, acc: 48.23, err: 51.77
[test] loss: 0.0148, acc: 50.55, err: 49.45
23/100 - 23.00%
[train] loss: 0.0027, acc: 49.22, err: 50.78
[test] loss: 0.0145, acc: 51.50, err: 48.50
24/100 - 24.00%
[train] loss: 0.0027, acc: 50.07, err: 49.93
[test] loss: 0.0143, acc: 52.35, err: 47.65
25/100 - 25.00%
[train] loss: 0.0026, acc: 50.48, err: 49.52
[test] loss: 0.0140, acc: 53.06, err: 46.94
26/100 - 26.00%
[train] loss: 0.0026, acc: 51.44, err: 48.56
[test] loss: 0.0137, acc: 53.62, err: 46.38
27/100 - 27.00%
[train] loss: 0.0026, acc: 51.97, err: 48.03
[test] loss: 0.0135, acc: 54.28, err: 45.72
28/100 - 28.00%
[train] loss: 0.0025, acc: 52.41, err: 47.59
[test] loss: 0.0133, acc: 54.70, err: 45.30
29/100 - 29.00%
[train] loss: 0.0025, acc: 53.53, err: 46.47
[test] loss: 0.0132, acc: 55.18, err: 44.82
30/100 - 30.00%
[train] loss: 0.0025, acc: 54.09, err: 45.91
[test] loss: 0.0131, acc: 55.55, err: 44.45
31/100 - 31.00%
[train] loss: 0.0024, acc: 54.32, err: 45.68
[test] loss: 0.0128, acc: 56.28, err: 43.72
32/100 - 32.00%
[train] loss: 0.0024, acc: 55.23, err: 44.77
[test] loss: 0.0126, acc: 56.84, err: 43.16
33/100 - 33.00%
[train] loss: 0.0023, acc: 55.66, err: 44.34
[test] loss: 0.0125, acc: 56.83, err: 43.17
34/100 - 34.00%
[train] loss: 0.0023, acc: 56.32, err: 43.68
[test] loss: 0.0124, acc: 57.78, err: 42.22
35/100 - 35.00%
[train] loss: 0.0023, acc: 56.58, err: 43.42
[test] loss: 0.0123, acc: 57.89, err: 42.11
36/100 - 36.00%
[train] loss: 0.0023, acc: 57.26, err: 42.74
[test] loss: 0.0122, acc: 58.52, err: 41.48
37/100 - 37.00%
[train] loss: 0.0022, acc: 57.80, err: 42.20
[test] loss: 0.0121, acc: 58.97, err: 41.03
38/100 - 38.00%
[train] loss: 0.0022, acc: 57.92, err: 42.08
[test] loss: 0.0119, acc: 59.50, err: 40.50
39/100 - 39.00%
[train] loss: 0.0022, acc: 58.41, err: 41.59
[test] loss: 0.0117, acc: 60.11, err: 39.89
40/100 - 40.00%
[train] loss: 0.0022, acc: 58.96, err: 41.04
[test] loss: 0.0117, acc: 60.35, err: 39.65
41/100 - 41.00%
[train] loss: 0.0022, acc: 59.16, err: 40.84
[test] loss: 0.0114, acc: 60.83, err: 39.17
42/100 - 42.00%
[train] loss: 0.0021, acc: 59.53, err: 40.47
[test] loss: 0.0114, acc: 61.45, err: 38.55
43/100 - 43.00%
[train] loss: 0.0021, acc: 59.94, err: 40.06
[test] loss: 0.0114, acc: 61.33, err: 38.67
44/100 - 44.00%
[train] loss: 0.0021, acc: 60.26, err: 39.74
[test] loss: 0.0114, acc: 62.04, err: 37.96
45/100 - 45.00%
[train] loss: 0.0021, acc: 60.83, err: 39.17
[test] loss: 0.0112, acc: 62.38, err: 37.62
46/100 - 46.00%
[train] loss: 0.0021, acc: 61.00, err: 39.00
[test] loss: 0.0110, acc: 62.39, err: 37.61
47/100 - 47.00%
[train] loss: 0.0020, acc: 61.13, err: 38.87
[test] loss: 0.0112, acc: 62.78, err: 37.22
48/100 - 48.00%
[train] loss: 0.0020, acc: 61.32, err: 38.68
[test] loss: 0.0108, acc: 63.27, err: 36.73
49/100 - 49.00%
[train] loss: 0.0020, acc: 61.96, err: 38.04
[test] loss: 0.0108, acc: 63.42, err: 36.58
50/100 - 50.00%
[train] loss: 0.0019, acc: 62.10, err: 37.90
[test] loss: 0.0106, acc: 63.77, err: 36.23
51/100 - 51.00%
[train] loss: 0.0020, acc: 62.55, err: 37.45
[test] loss: 0.0108, acc: 63.77, err: 36.23
52/100 - 52.00%
[train] loss: 0.0019, acc: 62.86, err: 37.14
[test] loss: 0.0105, acc: 64.32, err: 35.68
53/100 - 53.00%
[train] loss: 0.0019, acc: 62.93, err: 37.07
[test] loss: 0.0103, acc: 64.94, err: 35.06
54/100 - 54.00%
[train] loss: 0.0019, acc: 63.34, err: 36.66
[test] loss: 0.0105, acc: 64.97, err: 35.03
55/100 - 55.00%
[train] loss: 0.0019, acc: 63.46, err: 36.54
[test] loss: 0.0102, acc: 65.48, err: 34.52
56/100 - 56.00%
[train] loss: 0.0019, acc: 63.92, err: 36.08
[test] loss: 0.0106, acc: 65.62, err: 34.38
57/100 - 57.00%
[train] loss: 0.0019, acc: 63.97, err: 36.03
[test] loss: 0.0103, acc: 65.79, err: 34.21
58/100 - 58.00%
[train] loss: 0.0019, acc: 64.25, err: 35.75
[test] loss: 0.0102, acc: 66.09, err: 33.91
59/100 - 59.00%
[train] loss: 0.0019, acc: 64.34, err: 35.66
[test] loss: 0.0106, acc: 66.17, err: 33.83
60/100 - 60.00%
[train] loss: 0.0019, acc: 64.65, err: 35.35
[test] loss: 0.0102, acc: 66.70, err: 33.30
61/100 - 61.00%
[train] loss: 0.0019, acc: 64.83, err: 35.17
[test] loss: 0.0097, acc: 67.12, err: 32.88
62/100 - 62.00%
[train] loss: 0.0018, acc: 65.39, err: 34.61
[test] loss: 0.0097, acc: 67.39, err: 32.61
63/100 - 63.00%
[train] loss: 0.0018, acc: 65.65, err: 34.35
[test] loss: 0.0097, acc: 67.57, err: 32.43
64/100 - 64.00%
[train] loss: 0.0018, acc: 65.65, err: 34.35
[test] loss: 0.0094, acc: 67.91, err: 32.09
65/100 - 65.00%
[train] loss: 0.0018, acc: 66.08, err: 33.92
[test] loss: 0.0094, acc: 67.89, err: 32.11
66/100 - 66.00%
[train] loss: 0.0018, acc: 66.23, err: 33.77
[test] loss: 0.0093, acc: 68.30, err: 31.70
67/100 - 67.00%
[train] loss: 0.0017, acc: 66.37, err: 33.63
[test] loss: 0.0093, acc: 68.41, err: 31.59
68/100 - 68.00%
[train] loss: 0.0018, acc: 66.64, err: 33.36
[test] loss: 0.0093, acc: 68.59, err: 31.41
69/100 - 69.00%
[train] loss: 0.0018, acc: 66.81, err: 33.19
[test] loss: 0.0092, acc: 68.86, err: 31.14
70/100 - 70.00%
[train] loss: 0.0017, acc: 66.95, err: 33.05
[test] loss: 0.0091, acc: 68.98, err: 31.02
71/100 - 71.00%
[train] loss: 0.0017, acc: 67.46, err: 32.54
[test] loss: 0.0092, acc: 69.10, err: 30.90
72/100 - 72.00%
[train] loss: 0.0017, acc: 67.38, err: 32.62
[test] loss: 0.0090, acc: 69.41, err: 30.59
73/100 - 73.00%
[train] loss: 0.0017, acc: 67.78, err: 32.22
[test] loss: 0.0090, acc: 69.55, err: 30.45
74/100 - 74.00%
[train] loss: 0.0017, acc: 67.68, err: 32.32
[test] loss: 0.0088, acc: 69.92, err: 30.08
75/100 - 75.00%
[train] loss: 0.0017, acc: 68.09, err: 31.91
[test] loss: 0.0087, acc: 70.09, err: 29.91
76/100 - 76.00%
[train] loss: 0.0017, acc: 68.21, err: 31.79
[test] loss: 0.0088, acc: 70.18, err: 29.82
77/100 - 77.00%
[train] loss: 0.0017, acc: 68.49, err: 31.51
[test] loss: 0.0088, acc: 70.33, err: 29.67
78/100 - 78.00%
[train] loss: 0.0017, acc: 68.47, err: 31.53
[test] loss: 0.0087, acc: 70.26, err: 29.74
79/100 - 79.00%
[train] loss: 0.0016, acc: 68.92, err: 31.08
[test] loss: 0.0087, acc: 70.58, err: 29.42
80/100 - 80.00%
[train] loss: 0.0016, acc: 68.95, err: 31.05
[test] loss: 0.0086, acc: 70.85, err: 29.15
81/100 - 81.00%
[train] loss: 0.0016, acc: 69.18, err: 30.82
[test] loss: 0.0085, acc: 71.26, err: 28.74
82/100 - 82.00%
[train] loss: 0.0016, acc: 69.40, err: 30.60
[test] loss: 0.0084, acc: 71.15, err: 28.85
83/100 - 83.00%
[train] loss: 0.0016, acc: 69.59, err: 30.41
[test] loss: 0.0084, acc: 71.32, err: 28.68
84/100 - 84.00%
[train] loss: 0.0016, acc: 70.05, err: 29.95
[test] loss: 0.0085, acc: 71.39, err: 28.61
85/100 - 85.00%
[train] loss: 0.0016, acc: 69.97, err: 30.03
[test] loss: 0.0083, acc: 71.53, err: 28.47
86/100 - 86.00%
[train] loss: 0.0015, acc: 70.04, err: 29.96
[test] loss: 0.0082, acc: 72.27, err: 27.73
87/100 - 87.00%
[train] loss: 0.0016, acc: 70.02, err: 29.98
[test] loss: 0.0083, acc: 72.01, err: 27.99
88/100 - 88.00%
[train] loss: 0.0016, acc: 70.68, err: 29.32
[test] loss: 0.0081, acc: 72.21, err: 27.79
89/100 - 89.00%
[train] loss: 0.0016, acc: 70.48, err: 29.52
[test] loss: 0.0081, acc: 72.22, err: 27.78
90/100 - 90.00%
[train] loss: 0.0016, acc: 70.79, err: 29.21
[test] loss: 0.0080, acc: 72.52, err: 27.48
91/100 - 91.00%
[train] loss: 0.0015, acc: 71.11, err: 28.89
[test] loss: 0.0081, acc: 72.69, err: 27.31
92/100 - 92.00%
[train] loss: 0.0015, acc: 71.21, err: 28.79
[test] loss: 0.0079, acc: 72.88, err: 27.12
93/100 - 93.00%
[train] loss: 0.0015, acc: 71.12, err: 28.88
[test] loss: 0.0079, acc: 73.05, err: 26.95
94/100 - 94.00%
[train] loss: 0.0015, acc: 71.51, err: 28.49
[test] loss: 0.0080, acc: 72.76, err: 27.24
95/100 - 95.00%
[train] loss: 0.0015, acc: 71.77, err: 28.23
[test] loss: 0.0078, acc: 73.30, err: 26.70
96/100 - 96.00%
[train] loss: 0.0015, acc: 71.85, err: 28.15
[test] loss: 0.0079, acc: 73.26, err: 26.74
97/100 - 97.00%
[train] loss: 0.0015, acc: 71.86, err: 28.14
[test] loss: 0.0077, acc: 73.78, err: 26.22
98/100 - 98.00%
[train] loss: 0.0015, acc: 72.09, err: 27.91
[test] loss: 0.0077, acc: 73.71, err: 26.29
99/100 - 99.00%
[train] loss: 0.0015, acc: 72.25, err: 27.75
[test] loss: 0.0076, acc: 73.90, err: 26.10
100/100 - 100.00%
[train] loss: 0.0015, acc: 72.39, err: 27.61
[test] loss: 0.0076, acc: 74.06, err: 25.94
best loss: 0.0076, best acc: 74.06, best err: 25.94
log saved: cifar10_23-06-04_07-17-17.log
