Loading pretrained weights from Hugging Face hub (timm/resnet18.a1_in1k)
[timm/resnet18.a1_in1k] Safe alternative available for 'pytorch_model.bin' (as 'model.safetensors'). Loading weights using safetensors.
> cuda memory allocated: 44781056
> n_trainable_params: 11181642, n_nontrainable_params: 0
> training arguments:
>>> dataset: cifar10
>>> data_dir: data
>>> num_epoch: 100
>>> batch_size: 128
>>> resize: 224
>>> gpus: 0
>>> seed: 7890
>>> lr: 1e-05
>>> weight_decay: 0.01
>>> clip_norm: 50
>>> no_data_aug: False
>>> cutout: True
>>> autoaug: True
>>> default_directory: drive/app/torch/save_models
>>> optimizer: adam
>>> device: cuda:2
>>> log_name: cifar10_23-06-04_06-49-29.log
1/100 - 1.00%
[train] loss: 0.0042, acc: 10.82, err: 89.18
[test] loss: 0.0234, acc: 12.31, err: 87.69
2/100 - 2.00%
[train] loss: 0.0042, acc: 11.95, err: 88.05
[test] loss: 0.0231, acc: 13.72, err: 86.28
3/100 - 3.00%
[train] loss: 0.0042, acc: 13.21, err: 86.79
[test] loss: 0.0228, acc: 15.72, err: 84.28
4/100 - 4.00%
[train] loss: 0.0041, acc: 14.61, err: 85.39
[test] loss: 0.0225, acc: 17.91, err: 82.09
5/100 - 5.00%
[train] loss: 0.0041, acc: 16.00, err: 84.00
[test] loss: 0.0222, acc: 19.46, err: 80.54
6/100 - 6.00%
[train] loss: 0.0041, acc: 17.58, err: 82.42
[test] loss: 0.0220, acc: 21.47, err: 78.53
7/100 - 7.00%
[train] loss: 0.0040, acc: 18.54, err: 81.46
[test] loss: 0.0217, acc: 22.98, err: 77.02
8/100 - 8.00%
[train] loss: 0.0040, acc: 19.64, err: 80.36
[test] loss: 0.0215, acc: 24.45, err: 75.55
9/100 - 9.00%
[train] loss: 0.0040, acc: 20.67, err: 79.33
[test] loss: 0.0212, acc: 25.55, err: 74.45
10/100 - 10.00%
[train] loss: 0.0039, acc: 22.20, err: 77.80
[test] loss: 0.0209, acc: 27.06, err: 72.94
11/100 - 11.00%
[train] loss: 0.0039, acc: 23.09, err: 76.91
[test] loss: 0.0206, acc: 28.95, err: 71.05
12/100 - 12.00%
[train] loss: 0.0039, acc: 24.30, err: 75.70
[test] loss: 0.0203, acc: 30.39, err: 69.61
13/100 - 13.00%
[train] loss: 0.0038, acc: 24.79, err: 75.21
[test] loss: 0.0200, acc: 31.49, err: 68.51
14/100 - 14.00%
[train] loss: 0.0038, acc: 25.59, err: 74.41
[test] loss: 0.0197, acc: 32.77, err: 67.23
15/100 - 15.00%
[train] loss: 0.0038, acc: 26.57, err: 73.43
[test] loss: 0.0194, acc: 33.55, err: 66.45
16/100 - 16.00%
[train] loss: 0.0037, acc: 27.90, err: 72.10
[test] loss: 0.0191, acc: 34.64, err: 65.36
17/100 - 17.00%
[train] loss: 0.0037, acc: 28.10, err: 71.90
[test] loss: 0.0188, acc: 35.95, err: 64.05
18/100 - 18.00%
[train] loss: 0.0036, acc: 29.20, err: 70.80
[test] loss: 0.0186, acc: 36.62, err: 63.38
19/100 - 19.00%
[train] loss: 0.0036, acc: 29.86, err: 70.14
[test] loss: 0.0182, acc: 38.11, err: 61.89
20/100 - 20.00%
[train] loss: 0.0036, acc: 30.30, err: 69.70
[test] loss: 0.0180, acc: 38.39, err: 61.61
21/100 - 21.00%
[train] loss: 0.0035, acc: 31.17, err: 68.83
[test] loss: 0.0177, acc: 39.33, err: 60.67
22/100 - 22.00%
[train] loss: 0.0035, acc: 32.05, err: 67.95
[test] loss: 0.0173, acc: 40.44, err: 59.56
23/100 - 23.00%
[train] loss: 0.0035, acc: 32.52, err: 67.48
[test] loss: 0.0170, acc: 41.73, err: 58.27
24/100 - 24.00%
[train] loss: 0.0034, acc: 33.40, err: 66.60
[test] loss: 0.0169, acc: 42.29, err: 57.71
25/100 - 25.00%
[train] loss: 0.0034, acc: 34.01, err: 65.99
[test] loss: 0.0165, acc: 43.39, err: 56.61
26/100 - 26.00%
[train] loss: 0.0034, acc: 34.61, err: 65.39
[test] loss: 0.0163, acc: 44.36, err: 55.64
27/100 - 27.00%
[train] loss: 0.0033, acc: 35.25, err: 64.75
[test] loss: 0.0161, acc: 45.29, err: 54.71
28/100 - 28.00%
[train] loss: 0.0033, acc: 35.37, err: 64.63
[test] loss: 0.0157, acc: 46.53, err: 53.47
29/100 - 29.00%
[train] loss: 0.0033, acc: 35.78, err: 64.22
[test] loss: 0.0155, acc: 46.66, err: 53.34
30/100 - 30.00%
[train] loss: 0.0033, acc: 36.08, err: 63.92
[test] loss: 0.0153, acc: 47.75, err: 52.25
31/100 - 31.00%
[train] loss: 0.0032, acc: 36.69, err: 63.31
[test] loss: 0.0152, acc: 48.42, err: 51.58
32/100 - 32.00%
[train] loss: 0.0032, acc: 37.23, err: 62.77
[test] loss: 0.0149, acc: 49.22, err: 50.78
33/100 - 33.00%
[train] loss: 0.0032, acc: 37.46, err: 62.54
[test] loss: 0.0148, acc: 49.92, err: 50.08
34/100 - 34.00%
[train] loss: 0.0032, acc: 38.01, err: 61.99
[test] loss: 0.0146, acc: 50.60, err: 49.40
35/100 - 35.00%
[train] loss: 0.0031, acc: 38.45, err: 61.55
[test] loss: 0.0145, acc: 50.92, err: 49.08
36/100 - 36.00%
[train] loss: 0.0031, acc: 38.54, err: 61.46
[test] loss: 0.0143, acc: 51.10, err: 48.90
37/100 - 37.00%
[train] loss: 0.0031, acc: 39.52, err: 60.48
[test] loss: 0.0141, acc: 51.90, err: 48.10
38/100 - 38.00%
[train] loss: 0.0031, acc: 39.80, err: 60.20
[test] loss: 0.0139, acc: 52.33, err: 47.67
39/100 - 39.00%
[train] loss: 0.0031, acc: 39.67, err: 60.33
[test] loss: 0.0138, acc: 52.76, err: 47.24
40/100 - 40.00%
[train] loss: 0.0030, acc: 39.86, err: 60.14
[test] loss: 0.0136, acc: 53.59, err: 46.41
41/100 - 41.00%
[train] loss: 0.0030, acc: 40.67, err: 59.33
[test] loss: 0.0135, acc: 54.04, err: 45.96
42/100 - 42.00%
[train] loss: 0.0030, acc: 40.70, err: 59.30
[test] loss: 0.0134, acc: 54.02, err: 45.98
43/100 - 43.00%
[train] loss: 0.0030, acc: 41.07, err: 58.93
[test] loss: 0.0132, acc: 54.51, err: 45.49
44/100 - 44.00%
[train] loss: 0.0030, acc: 41.32, err: 58.68
[test] loss: 0.0132, acc: 54.54, err: 45.46
45/100 - 45.00%
[train] loss: 0.0030, acc: 41.79, err: 58.21
[test] loss: 0.0130, acc: 55.28, err: 44.72
46/100 - 46.00%
[train] loss: 0.0030, acc: 41.90, err: 58.10
[test] loss: 0.0129, acc: 55.73, err: 44.27
47/100 - 47.00%
[train] loss: 0.0029, acc: 42.41, err: 57.59
[test] loss: 0.0128, acc: 56.20, err: 43.80
48/100 - 48.00%
[train] loss: 0.0029, acc: 42.63, err: 57.37
[test] loss: 0.0127, acc: 56.11, err: 43.89
49/100 - 49.00%
[train] loss: 0.0029, acc: 42.97, err: 57.03
[test] loss: 0.0125, acc: 57.10, err: 42.90
50/100 - 50.00%
[train] loss: 0.0029, acc: 42.83, err: 57.17
[test] loss: 0.0125, acc: 57.47, err: 42.53
51/100 - 51.00%
[train] loss: 0.0029, acc: 43.29, err: 56.71
[test] loss: 0.0124, acc: 57.44, err: 42.56
52/100 - 52.00%
[train] loss: 0.0029, acc: 43.33, err: 56.67
[test] loss: 0.0123, acc: 57.64, err: 42.36
53/100 - 53.00%
[train] loss: 0.0029, acc: 43.40, err: 56.60
[test] loss: 0.0122, acc: 58.01, err: 41.99
54/100 - 54.00%
[train] loss: 0.0029, acc: 43.88, err: 56.12
[test] loss: 0.0121, acc: 58.57, err: 41.43
55/100 - 55.00%
[train] loss: 0.0029, acc: 44.28, err: 55.72
[test] loss: 0.0120, acc: 58.92, err: 41.08
56/100 - 56.00%
[train] loss: 0.0029, acc: 44.27, err: 55.73
[test] loss: 0.0119, acc: 58.67, err: 41.33
57/100 - 57.00%
[train] loss: 0.0028, acc: 45.07, err: 54.93
[test] loss: 0.0120, acc: 58.50, err: 41.50
58/100 - 58.00%
[train] loss: 0.0028, acc: 44.91, err: 55.09
[test] loss: 0.0118, acc: 59.41, err: 40.59
59/100 - 59.00%
[train] loss: 0.0028, acc: 44.88, err: 55.12
[test] loss: 0.0117, acc: 59.27, err: 40.73
60/100 - 60.00%
[train] loss: 0.0028, acc: 45.15, err: 54.85
[test] loss: 0.0117, acc: 59.53, err: 40.47
61/100 - 61.00%
[train] loss: 0.0028, acc: 45.42, err: 54.58
[test] loss: 0.0116, acc: 59.72, err: 40.28
62/100 - 62.00%
[train] loss: 0.0028, acc: 45.86, err: 54.14
[test] loss: 0.0115, acc: 59.90, err: 40.10
63/100 - 63.00%
[train] loss: 0.0028, acc: 45.86, err: 54.14
[test] loss: 0.0115, acc: 60.26, err: 39.74
64/100 - 64.00%
[train] loss: 0.0028, acc: 46.12, err: 53.88
[test] loss: 0.0114, acc: 60.21, err: 39.79
65/100 - 65.00%
[train] loss: 0.0027, acc: 46.24, err: 53.76
[test] loss: 0.0113, acc: 60.53, err: 39.47
66/100 - 66.00%
[train] loss: 0.0027, acc: 46.49, err: 53.51
[test] loss: 0.0112, acc: 60.78, err: 39.22
67/100 - 67.00%
[train] loss: 0.0027, acc: 46.40, err: 53.60
[test] loss: 0.0111, acc: 61.20, err: 38.80
68/100 - 68.00%
[train] loss: 0.0027, acc: 47.25, err: 52.75
[test] loss: 0.0111, acc: 61.28, err: 38.72
69/100 - 69.00%
[train] loss: 0.0027, acc: 46.83, err: 53.17
[test] loss: 0.0111, acc: 61.64, err: 38.36
70/100 - 70.00%
[train] loss: 0.0027, acc: 46.67, err: 53.33
[test] loss: 0.0110, acc: 61.83, err: 38.17
71/100 - 71.00%
[train] loss: 0.0027, acc: 47.70, err: 52.30
[test] loss: 0.0109, acc: 61.96, err: 38.04
72/100 - 72.00%
[train] loss: 0.0027, acc: 47.38, err: 52.62
[test] loss: 0.0110, acc: 62.19, err: 37.81
73/100 - 73.00%
[train] loss: 0.0027, acc: 47.77, err: 52.23
[test] loss: 0.0108, acc: 62.54, err: 37.46
74/100 - 74.00%
[train] loss: 0.0026, acc: 47.65, err: 52.35
[test] loss: 0.0108, acc: 62.67, err: 37.33
75/100 - 75.00%
[train] loss: 0.0027, acc: 48.11, err: 51.89
[test] loss: 0.0107, acc: 62.85, err: 37.15
76/100 - 76.00%
[train] loss: 0.0026, acc: 47.83, err: 52.17
[test] loss: 0.0106, acc: 63.23, err: 36.77
77/100 - 77.00%
[train] loss: 0.0026, acc: 48.28, err: 51.72
[test] loss: 0.0106, acc: 63.35, err: 36.65
78/100 - 78.00%
[train] loss: 0.0026, acc: 48.51, err: 51.49
[test] loss: 0.0105, acc: 63.50, err: 36.50
79/100 - 79.00%
[train] loss: 0.0026, acc: 48.79, err: 51.21
[test] loss: 0.0105, acc: 63.82, err: 36.18
80/100 - 80.00%
[train] loss: 0.0026, acc: 48.99, err: 51.01
[test] loss: 0.0105, acc: 63.95, err: 36.05
81/100 - 81.00%
[train] loss: 0.0026, acc: 49.30, err: 50.70
[test] loss: 0.0104, acc: 63.91, err: 36.09
82/100 - 82.00%
[train] loss: 0.0026, acc: 49.25, err: 50.75
[test] loss: 0.0103, acc: 64.51, err: 35.49
83/100 - 83.00%
[train] loss: 0.0026, acc: 49.50, err: 50.50
[test] loss: 0.0103, acc: 64.60, err: 35.40
84/100 - 84.00%
[train] loss: 0.0026, acc: 49.44, err: 50.56
[test] loss: 0.0103, acc: 64.46, err: 35.54
85/100 - 85.00%
[train] loss: 0.0026, acc: 49.71, err: 50.29
[test] loss: 0.0102, acc: 65.10, err: 34.90
86/100 - 86.00%
[train] loss: 0.0025, acc: 49.89, err: 50.11
[test] loss: 0.0101, acc: 65.32, err: 34.68
87/100 - 87.00%
[train] loss: 0.0026, acc: 49.98, err: 50.02
[test] loss: 0.0101, acc: 65.17, err: 34.83
88/100 - 88.00%
[train] loss: 0.0025, acc: 50.13, err: 49.87
[test] loss: 0.0100, acc: 65.56, err: 34.44
89/100 - 89.00%
[train] loss: 0.0025, acc: 50.50, err: 49.50
[test] loss: 0.0100, acc: 65.54, err: 34.46
90/100 - 90.00%
[train] loss: 0.0025, acc: 50.62, err: 49.38
[test] loss: 0.0100, acc: 65.63, err: 34.37
91/100 - 91.00%
[train] loss: 0.0025, acc: 51.13, err: 48.87
[test] loss: 0.0099, acc: 65.53, err: 34.47
92/100 - 92.00%
[train] loss: 0.0025, acc: 50.47, err: 49.53
[test] loss: 0.0098, acc: 65.91, err: 34.09
93/100 - 93.00%
[train] loss: 0.0025, acc: 51.01, err: 48.99
[test] loss: 0.0098, acc: 66.06, err: 33.94
94/100 - 94.00%
[train] loss: 0.0025, acc: 51.01, err: 48.99
[test] loss: 0.0098, acc: 66.47, err: 33.53
95/100 - 95.00%
[train] loss: 0.0025, acc: 50.69, err: 49.31
[test] loss: 0.0098, acc: 66.10, err: 33.90
96/100 - 96.00%
[train] loss: 0.0025, acc: 51.84, err: 48.16
[test] loss: 0.0097, acc: 66.67, err: 33.33
97/100 - 97.00%
[train] loss: 0.0025, acc: 51.31, err: 48.69
[test] loss: 0.0096, acc: 66.71, err: 33.29
98/100 - 98.00%
[train] loss: 0.0025, acc: 51.42, err: 48.58
[test] loss: 0.0096, acc: 67.13, err: 32.87
99/100 - 99.00%
[train] loss: 0.0025, acc: 52.21, err: 47.79
[test] loss: 0.0096, acc: 67.03, err: 32.97
100/100 - 100.00%
[train] loss: 0.0025, acc: 51.78, err: 48.22
[test] loss: 0.0094, acc: 67.47, err: 32.53
best loss: 0.0094, best acc: 67.47, best err: 32.53
log saved: cifar10_23-06-04_06-49-29.log
