Loading pretrained weights from Hugging Face hub (timm/resnet18.a1_in1k)
[timm/resnet18.a1_in1k] Safe alternative available for 'pytorch_model.bin' (as 'model.safetensors'). Loading weights using safetensors.
> cuda memory allocated: 44781056
> n_trainable_params: 11181642, n_nontrainable_params: 0
> training arguments:
>>> dataset: cifar10
>>> data_dir: data
>>> num_epoch: 100
>>> batch_size: 128
>>> resize: 224
>>> gpus: 0
>>> seed: 7890
>>> lr: 5e-05
>>> weight_decay: 0.1
>>> clip_norm: 50
>>> no_data_aug: False
>>> cutout: False
>>> autoaug: False
>>> default_directory: drive/app/torch/save_models
>>> optimizer: adam
>>> device: cuda:2
>>> log_name: cifar10_23-06-04_14-35-36.log
1/100 - 1.00%
[train] loss: 0.0040, acc: 16.75, err: 83.25
[test] loss: 0.0218, acc: 23.55, err: 76.45
2/100 - 2.00%
[train] loss: 0.0038, acc: 27.24, err: 72.76
[test] loss: 0.0205, acc: 31.38, err: 68.62
3/100 - 3.00%
[train] loss: 0.0036, acc: 33.54, err: 66.46
[test] loss: 0.0196, acc: 36.58, err: 63.42
4/100 - 4.00%
[train] loss: 0.0035, acc: 37.05, err: 62.95
[test] loss: 0.0186, acc: 40.48, err: 59.52
5/100 - 5.00%
[train] loss: 0.0034, acc: 39.63, err: 60.37
[test] loss: 0.0180, acc: 41.78, err: 58.22
6/100 - 6.00%
[train] loss: 0.0033, acc: 41.12, err: 58.88
[test] loss: 0.0176, acc: 43.36, err: 56.64
7/100 - 7.00%
[train] loss: 0.0032, acc: 42.28, err: 57.72
[test] loss: 0.0172, acc: 44.09, err: 55.91
8/100 - 8.00%
[train] loss: 0.0031, acc: 43.40, err: 56.60
[test] loss: 0.0171, acc: 44.30, err: 55.70
9/100 - 9.00%
[train] loss: 0.0031, acc: 44.19, err: 55.81
[test] loss: 0.0167, acc: 45.64, err: 54.36
10/100 - 10.00%
[train] loss: 0.0030, acc: 45.23, err: 54.77
[test] loss: 0.0164, acc: 46.29, err: 53.71
11/100 - 11.00%
[train] loss: 0.0030, acc: 45.39, err: 54.61
[test] loss: 0.0162, acc: 47.37, err: 52.63
12/100 - 12.00%
[train] loss: 0.0030, acc: 46.22, err: 53.78
[test] loss: 0.0158, acc: 48.04, err: 51.96
13/100 - 13.00%
[train] loss: 0.0029, acc: 46.89, err: 53.11
[test] loss: 0.0156, acc: 49.02, err: 50.98
14/100 - 14.00%
[train] loss: 0.0029, acc: 47.29, err: 52.71
[test] loss: 0.0154, acc: 49.57, err: 50.43
15/100 - 15.00%
[train] loss: 0.0028, acc: 48.12, err: 51.88
[test] loss: 0.0151, acc: 49.52, err: 50.48
16/100 - 16.00%
[train] loss: 0.0027, acc: 48.48, err: 51.52
[test] loss: 0.0147, acc: 50.51, err: 49.49
17/100 - 17.00%
[train] loss: 0.0027, acc: 49.18, err: 50.82
[test] loss: 0.0145, acc: 51.54, err: 48.46
18/100 - 18.00%
[train] loss: 0.0026, acc: 50.22, err: 49.78
[test] loss: 0.0140, acc: 52.45, err: 47.55
19/100 - 19.00%
[train] loss: 0.0026, acc: 51.09, err: 48.91
[test] loss: 0.0135, acc: 53.78, err: 46.22
20/100 - 20.00%
[train] loss: 0.0025, acc: 51.97, err: 48.03
[test] loss: 0.0133, acc: 53.91, err: 46.09
21/100 - 21.00%
[train] loss: 0.0024, acc: 53.23, err: 46.77
[test] loss: 0.0128, acc: 56.43, err: 43.57
22/100 - 22.00%
[train] loss: 0.0024, acc: 54.21, err: 45.79
[test] loss: 0.0127, acc: 56.98, err: 43.02
23/100 - 23.00%
[train] loss: 0.0023, acc: 55.69, err: 44.31
[test] loss: 0.0124, acc: 58.29, err: 41.71
24/100 - 24.00%
[train] loss: 0.0023, acc: 56.74, err: 43.26
[test] loss: 0.0120, acc: 59.50, err: 40.50
25/100 - 25.00%
[train] loss: 0.0022, acc: 57.67, err: 42.33
[test] loss: 0.0115, acc: 61.09, err: 38.91
26/100 - 26.00%
[train] loss: 0.0021, acc: 59.03, err: 40.97
[test] loss: 0.0112, acc: 61.94, err: 38.06
27/100 - 27.00%
[train] loss: 0.0021, acc: 59.65, err: 40.35
[test] loss: 0.0112, acc: 63.10, err: 36.90
28/100 - 28.00%
[train] loss: 0.0021, acc: 60.96, err: 39.04
[test] loss: 0.0109, acc: 64.05, err: 35.95
29/100 - 29.00%
[train] loss: 0.0020, acc: 62.15, err: 37.85
[test] loss: 0.0106, acc: 65.01, err: 34.99
30/100 - 30.00%
[train] loss: 0.0020, acc: 62.96, err: 37.04
[test] loss: 0.0114, acc: 65.68, err: 34.32
31/100 - 31.00%
[train] loss: 0.0019, acc: 63.72, err: 36.28
[test] loss: 0.0099, acc: 66.42, err: 33.58
32/100 - 32.00%
[train] loss: 0.0019, acc: 64.42, err: 35.58
[test] loss: 0.0106, acc: 67.24, err: 32.76
33/100 - 33.00%
[train] loss: 0.0018, acc: 65.06, err: 34.94
[test] loss: 0.0097, acc: 68.32, err: 31.68
34/100 - 34.00%
[train] loss: 0.0018, acc: 65.98, err: 34.02
[test] loss: 0.0095, acc: 68.81, err: 31.19
35/100 - 35.00%
[train] loss: 0.0018, acc: 66.51, err: 33.49
[test] loss: 0.0102, acc: 69.46, err: 30.54
36/100 - 36.00%
[train] loss: 0.0018, acc: 67.32, err: 32.68
[test] loss: 0.0101, acc: 69.62, err: 30.38
37/100 - 37.00%
[train] loss: 0.0017, acc: 67.90, err: 32.10
[test] loss: 0.0094, acc: 70.17, err: 29.83
38/100 - 38.00%
[train] loss: 0.0017, acc: 68.85, err: 31.15
[test] loss: 0.0093, acc: 70.66, err: 29.34
39/100 - 39.00%
[train] loss: 0.0016, acc: 69.34, err: 30.66
[test] loss: 0.0098, acc: 71.45, err: 28.55
40/100 - 40.00%
[train] loss: 0.0016, acc: 69.58, err: 30.42
[test] loss: 0.0103, acc: 72.30, err: 27.70
41/100 - 41.00%
[train] loss: 0.0016, acc: 70.43, err: 29.57
[test] loss: 0.0087, acc: 72.56, err: 27.44
42/100 - 42.00%
[train] loss: 0.0016, acc: 70.81, err: 29.19
[test] loss: 0.0082, acc: 73.44, err: 26.56
43/100 - 43.00%
[train] loss: 0.0015, acc: 71.56, err: 28.44
[test] loss: 0.0088, acc: 72.78, err: 27.22
44/100 - 44.00%
[train] loss: 0.0015, acc: 71.78, err: 28.22
[test] loss: 0.0080, acc: 74.30, err: 25.70
45/100 - 45.00%
[train] loss: 0.0015, acc: 72.36, err: 27.64
[test] loss: 0.0099, acc: 74.31, err: 25.69
46/100 - 46.00%
[train] loss: 0.0015, acc: 72.68, err: 27.32
[test] loss: 0.0077, acc: 74.94, err: 25.06
47/100 - 47.00%
[train] loss: 0.0015, acc: 73.11, err: 26.89
[test] loss: 0.0125, acc: 73.52, err: 26.48
48/100 - 48.00%
[train] loss: 0.0015, acc: 73.60, err: 26.40
[test] loss: 0.0096, acc: 74.68, err: 25.32
49/100 - 49.00%
[train] loss: 0.0015, acc: 73.69, err: 26.31
[test] loss: 0.0078, acc: 75.80, err: 24.20
50/100 - 50.00%
[train] loss: 0.0015, acc: 74.04, err: 25.96
[test] loss: 0.0085, acc: 76.31, err: 23.69
51/100 - 51.00%
[train] loss: 0.0014, acc: 74.62, err: 25.38
[test] loss: 0.0073, acc: 76.29, err: 23.71
52/100 - 52.00%
[train] loss: 0.0014, acc: 74.81, err: 25.19
[test] loss: 0.0078, acc: 74.54, err: 25.46
53/100 - 53.00%
[train] loss: 0.0014, acc: 74.80, err: 25.20
[test] loss: 0.0075, acc: 76.62, err: 23.38
54/100 - 54.00%
[train] loss: 0.0014, acc: 75.78, err: 24.22
[test] loss: 0.0159, acc: 68.27, err: 31.73
55/100 - 55.00%
[train] loss: 0.0014, acc: 75.74, err: 24.26
[test] loss: 0.0074, acc: 75.83, err: 24.17
56/100 - 56.00%
[train] loss: 0.0014, acc: 75.66, err: 24.34
[test] loss: 0.0070, acc: 77.12, err: 22.88
57/100 - 57.00%
[train] loss: 0.0013, acc: 76.27, err: 23.73
[test] loss: 0.0069, acc: 77.20, err: 22.80
58/100 - 58.00%
[train] loss: 0.0013, acc: 76.70, err: 23.30
[test] loss: 0.0075, acc: 76.04, err: 23.96
59/100 - 59.00%
[train] loss: 0.0013, acc: 76.96, err: 23.04
[test] loss: 0.0074, acc: 76.95, err: 23.05
60/100 - 60.00%
[train] loss: 0.0013, acc: 77.08, err: 22.92
[test] loss: 0.0074, acc: 75.74, err: 24.26
61/100 - 61.00%
[train] loss: 0.0013, acc: 76.88, err: 23.12
[test] loss: 0.0072, acc: 76.51, err: 23.49
62/100 - 62.00%
[train] loss: 0.0013, acc: 77.69, err: 22.31
[test] loss: 0.0070, acc: 77.01, err: 22.99
63/100 - 63.00%
[train] loss: 0.0013, acc: 77.70, err: 22.30
[test] loss: 0.0071, acc: 77.71, err: 22.29
64/100 - 64.00%
[train] loss: 0.0013, acc: 77.78, err: 22.22
[test] loss: 0.0069, acc: 78.00, err: 22.00
65/100 - 65.00%
[train] loss: 0.0013, acc: 77.64, err: 22.36
[test] loss: 0.0071, acc: 77.59, err: 22.41
66/100 - 66.00%
[train] loss: 0.0013, acc: 78.05, err: 21.95
[test] loss: 0.0086, acc: 74.61, err: 25.39
67/100 - 67.00%
[train] loss: 0.0013, acc: 78.06, err: 21.94
[test] loss: 0.0073, acc: 77.47, err: 22.53
68/100 - 68.00%
[train] loss: 0.0013, acc: 78.36, err: 21.64
[test] loss: 0.0070, acc: 77.51, err: 22.49
69/100 - 69.00%
[train] loss: 0.0012, acc: 78.65, err: 21.35
[test] loss: 0.0071, acc: 77.95, err: 22.05
70/100 - 70.00%
[train] loss: 0.0012, acc: 78.58, err: 21.42
[test] loss: 0.0069, acc: 79.07, err: 20.93
71/100 - 71.00%
[train] loss: 0.0012, acc: 79.15, err: 20.85
[test] loss: 0.0071, acc: 77.99, err: 22.01
72/100 - 72.00%
[train] loss: 0.0013, acc: 78.95, err: 21.05
[test] loss: 0.0069, acc: 78.63, err: 21.37
73/100 - 73.00%
[train] loss: 0.0013, acc: 79.03, err: 20.97
[test] loss: 0.0066, acc: 80.55, err: 19.45
74/100 - 74.00%
[train] loss: 0.0012, acc: 79.69, err: 20.31
[test] loss: 0.0070, acc: 78.82, err: 21.18
75/100 - 75.00%
[train] loss: 0.0013, acc: 78.41, err: 21.59
[test] loss: 0.0073, acc: 77.47, err: 22.53
76/100 - 76.00%
[train] loss: 0.0012, acc: 79.42, err: 20.58
[test] loss: 0.0074, acc: 77.76, err: 22.24
77/100 - 77.00%
[train] loss: 0.0013, acc: 79.57, err: 20.43
[test] loss: 0.0072, acc: 77.52, err: 22.48
78/100 - 78.00%
[train] loss: 0.0013, acc: 79.79, err: 20.21
[test] loss: 0.0070, acc: 78.81, err: 21.19
79/100 - 79.00%
[train] loss: 0.0012, acc: 79.90, err: 20.10
[test] loss: 0.0069, acc: 79.47, err: 20.53
80/100 - 80.00%
[train] loss: 0.0012, acc: 79.67, err: 20.33
[test] loss: 0.0072, acc: 78.59, err: 21.41
81/100 - 81.00%
[train] loss: 0.0013, acc: 79.87, err: 20.13
[test] loss: 0.0071, acc: 78.09, err: 21.91
82/100 - 82.00%
[train] loss: 0.0012, acc: 79.72, err: 20.28
[test] loss: 0.0072, acc: 79.08, err: 20.92
83/100 - 83.00%
[train] loss: 0.0013, acc: 80.05, err: 19.95
[test] loss: 0.0077, acc: 77.41, err: 22.59
84/100 - 84.00%
[train] loss: 0.0013, acc: 80.20, err: 19.80
[test] loss: 0.0082, acc: 76.65, err: 23.35
85/100 - 85.00%
[train] loss: 0.0012, acc: 79.84, err: 20.16
[test] loss: 0.0070, acc: 79.64, err: 20.36
86/100 - 86.00%
[train] loss: 0.0011, acc: 82.70, err: 17.30
[test] loss: 0.0063, acc: 83.19, err: 16.81
87/100 - 87.00%
[train] loss: 0.0010, acc: 83.77, err: 16.23
[test] loss: 0.0059, acc: 83.85, err: 16.15
88/100 - 88.00%
[train] loss: 0.0010, acc: 84.20, err: 15.80
[test] loss: 0.0060, acc: 83.70, err: 16.30
89/100 - 89.00%
[train] loss: 0.0010, acc: 84.45, err: 15.55
[test] loss: 0.0059, acc: 84.16, err: 15.84
90/100 - 90.00%
[train] loss: 0.0010, acc: 84.76, err: 15.24
[test] loss: 0.0057, acc: 84.16, err: 15.84
91/100 - 91.00%
[train] loss: 0.0010, acc: 85.02, err: 14.98
[test] loss: 0.0058, acc: 83.89, err: 16.11
92/100 - 92.00%
[train] loss: 0.0010, acc: 85.26, err: 14.74
[test] loss: 0.0057, acc: 83.97, err: 16.03
93/100 - 93.00%
[train] loss: 0.0010, acc: 85.24, err: 14.76
[test] loss: 0.0057, acc: 84.29, err: 15.71
94/100 - 94.00%
[train] loss: 0.0010, acc: 85.50, err: 14.50
[test] loss: 0.0059, acc: 84.18, err: 15.82
95/100 - 95.00%
[train] loss: 0.0009, acc: 85.60, err: 14.40
[test] loss: 0.0058, acc: 84.13, err: 15.87
96/100 - 96.00%
[train] loss: 0.0010, acc: 85.67, err: 14.33
[test] loss: 0.0057, acc: 84.40, err: 15.60
97/100 - 97.00%
[train] loss: 0.0010, acc: 85.66, err: 14.34
[test] loss: 0.0056, acc: 84.56, err: 15.44
98/100 - 98.00%
[train] loss: 0.0010, acc: 85.84, err: 14.16
[test] loss: 0.0058, acc: 84.61, err: 15.39
99/100 - 99.00%
[train] loss: 0.0009, acc: 85.82, err: 14.18
[test] loss: 0.0058, acc: 84.49, err: 15.51
100/100 - 100.00%
[train] loss: 0.0010, acc: 86.01, err: 13.99
[test] loss: 0.0057, acc: 84.71, err: 15.29
best loss: 0.0057, best acc: 84.71, best err: 15.29
log saved: cifar10_23-06-04_14-35-36.log
