> cuda memory allocated: 44781056
> n_trainable_params: 11181642, n_nontrainable_params: 0
> training arguments:
>>> dataset: cifar10
>>> data_dir: data
>>> batch_size: 128
>>> resize: 224
>>> lr: 1e-05
>>> weight_decay: 0.0005
>>> num_epoch: 200
>>> gpus: 0
>>> no_data_aug: False
>>> clip_norm: 50
>>> default_directory: drive/app/torch/save_models
>>> seed: 7890
>>> cutout: False
>>> autoaug: False
>>> optimizer: AdamW
>>> milestones: [100, 150]
>>> gamma: 0.1
>>> device: cuda:2
>>> log_name: cifar10_23-05-31_20-46-29.log
1/200 - 0.50%
[train] loss: 1.6929, acc: 38.22, err: 61.78
[test] loss: 1.3915, acc: 48.98, err: 51.02
2/200 - 1.00%
[train] loss: 1.4003, acc: 49.01, err: 50.99
[test] loss: 1.2497, acc: 54.89, err: 45.11
3/200 - 1.50%
[train] loss: 1.2644, acc: 54.34, err: 45.66
[test] loss: 1.1318, acc: 59.25, err: 40.75
4/200 - 2.00%
[train] loss: 1.1580, acc: 58.33, err: 41.67
[test] loss: 1.0590, acc: 62.22, err: 37.78
5/200 - 2.50%
[train] loss: 1.0865, acc: 60.96, err: 39.04
[test] loss: 1.0062, acc: 64.20, err: 35.80
6/200 - 3.00%
[train] loss: 1.0201, acc: 63.54, err: 36.46
[test] loss: 0.9430, acc: 66.61, err: 33.39
7/200 - 3.50%
[train] loss: 0.9678, acc: 65.26, err: 34.74
[test] loss: 0.8885, acc: 67.95, err: 32.05
8/200 - 4.00%
[train] loss: 0.9268, acc: 66.85, err: 33.15
[test] loss: 0.8984, acc: 68.46, err: 31.54
9/200 - 4.50%
[train] loss: 0.8836, acc: 68.64, err: 31.36
[test] loss: 0.8791, acc: 69.17, err: 30.83
10/200 - 5.00%
[train] loss: 0.8533, acc: 69.52, err: 30.48
[test] loss: 0.8516, acc: 70.27, err: 29.73
11/200 - 5.50%
[train] loss: 0.8233, acc: 70.91, err: 29.09
[test] loss: 0.8045, acc: 72.22, err: 27.78
12/200 - 6.00%
[train] loss: 0.7925, acc: 71.64, err: 28.36
[test] loss: 0.7801, acc: 72.73, err: 27.27
13/200 - 6.50%
[train] loss: 0.7613, acc: 72.96, err: 27.04
[test] loss: 0.7870, acc: 72.70, err: 27.30
14/200 - 7.00%
[train] loss: 0.7434, acc: 73.51, err: 26.49
[test] loss: 0.7707, acc: 73.23, err: 26.77
15/200 - 7.50%
[train] loss: 0.7195, acc: 74.36, err: 25.64
[test] loss: 0.7431, acc: 74.31, err: 25.69
16/200 - 8.00%
[train] loss: 0.7010, acc: 75.08, err: 24.92
[test] loss: 0.7266, acc: 75.13, err: 24.87
17/200 - 8.50%
[train] loss: 0.6752, acc: 76.03, err: 23.97
[test] loss: 0.7226, acc: 75.51, err: 24.49
18/200 - 9.00%
[train] loss: 0.6670, acc: 76.36, err: 23.64
[test] loss: 0.7151, acc: 75.19, err: 24.81
19/200 - 9.50%
[train] loss: 0.6453, acc: 77.31, err: 22.69
[test] loss: 0.6961, acc: 75.78, err: 24.22
20/200 - 10.00%
[train] loss: 0.6271, acc: 77.74, err: 22.26
[test] loss: 0.7062, acc: 75.25, err: 24.75
21/200 - 10.50%
[train] loss: 0.6135, acc: 78.20, err: 21.80
[test] loss: 0.7103, acc: 75.58, err: 24.42
22/200 - 11.00%
[train] loss: 0.5991, acc: 78.56, err: 21.44
[test] loss: 0.6823, acc: 76.63, err: 23.37
23/200 - 11.50%
[train] loss: 0.5813, acc: 79.33, err: 20.67
[test] loss: 0.6794, acc: 76.56, err: 23.44
24/200 - 12.00%
[train] loss: 0.5707, acc: 79.86, err: 20.14
[test] loss: 0.6612, acc: 77.57, err: 22.43
25/200 - 12.50%
[train] loss: 0.5579, acc: 80.29, err: 19.71
[test] loss: 0.6681, acc: 77.01, err: 22.99
26/200 - 13.00%
[train] loss: 0.5440, acc: 80.77, err: 19.23
[test] loss: 0.6618, acc: 77.47, err: 22.53
27/200 - 13.50%
[train] loss: 0.5339, acc: 81.14, err: 18.86
[test] loss: 0.6492, acc: 77.80, err: 22.20
28/200 - 14.00%
[train] loss: 0.5240, acc: 81.48, err: 18.52
[test] loss: 0.6472, acc: 77.89, err: 22.11
29/200 - 14.50%
[train] loss: 0.5185, acc: 81.81, err: 18.19
[test] loss: 0.6353, acc: 78.60, err: 21.40
30/200 - 15.00%
[train] loss: 0.5021, acc: 82.07, err: 17.93
[test] loss: 0.6286, acc: 79.17, err: 20.83
31/200 - 15.50%
[train] loss: 0.4918, acc: 82.57, err: 17.43
[test] loss: 0.6393, acc: 78.57, err: 21.43
32/200 - 16.00%
[train] loss: 0.4762, acc: 83.08, err: 16.92
[test] loss: 0.6329, acc: 78.69, err: 21.31
33/200 - 16.50%
[train] loss: 0.4730, acc: 83.14, err: 16.86
[test] loss: 0.6074, acc: 79.32, err: 20.68
34/200 - 17.00%
[train] loss: 0.4598, acc: 83.73, err: 16.27
[test] loss: 0.6049, acc: 79.39, err: 20.61
35/200 - 17.50%
[train] loss: 0.4527, acc: 83.94, err: 16.06
[test] loss: 0.5984, acc: 79.63, err: 20.37
36/200 - 18.00%
[train] loss: 0.4470, acc: 84.28, err: 15.72
[test] loss: 0.6333, acc: 79.06, err: 20.94
37/200 - 18.50%
[train] loss: 0.4375, acc: 84.48, err: 15.52
[test] loss: 0.5972, acc: 80.12, err: 19.88
38/200 - 19.00%
[train] loss: 0.4222, acc: 85.20, err: 14.80
[test] loss: 0.6221, acc: 79.40, err: 20.60
39/200 - 19.50%
[train] loss: 0.4189, acc: 85.21, err: 14.79
[test] loss: 0.5960, acc: 80.15, err: 19.85
40/200 - 20.00%
[train] loss: 0.4082, acc: 85.61, err: 14.39
[test] loss: 0.6299, acc: 79.46, err: 20.54
41/200 - 20.50%
[train] loss: 0.4056, acc: 85.84, err: 14.16
[test] loss: 0.5892, acc: 80.73, err: 19.27
42/200 - 21.00%
[train] loss: 0.3966, acc: 85.99, err: 14.01
[test] loss: 0.6048, acc: 80.49, err: 19.51
43/200 - 21.50%
[train] loss: 0.3907, acc: 86.29, err: 13.71
[test] loss: 0.6394, acc: 79.12, err: 20.88
44/200 - 22.00%
[train] loss: 0.3827, acc: 86.57, err: 13.43
[test] loss: 0.5973, acc: 80.63, err: 19.37
45/200 - 22.50%
[train] loss: 0.3727, acc: 86.96, err: 13.04
[test] loss: 0.6474, acc: 79.55, err: 20.45
46/200 - 23.00%
[train] loss: 0.3677, acc: 87.15, err: 12.85
[test] loss: 0.6131, acc: 80.63, err: 19.37
47/200 - 23.50%
[train] loss: 0.3614, acc: 87.27, err: 12.73
[test] loss: 0.6135, acc: 80.49, err: 19.51
48/200 - 24.00%
[train] loss: 0.3574, acc: 87.40, err: 12.60
[test] loss: 0.6127, acc: 80.22, err: 19.78
49/200 - 24.50%
[train] loss: 0.3510, acc: 87.69, err: 12.31
[test] loss: 0.6059, acc: 80.56, err: 19.44
50/200 - 25.00%
[train] loss: 0.3474, acc: 87.84, err: 12.16
[test] loss: 0.5837, acc: 81.17, err: 18.83
51/200 - 25.50%
[train] loss: 0.3380, acc: 88.07, err: 11.93
[test] loss: 0.5860, acc: 80.91, err: 19.09
52/200 - 26.00%
[train] loss: 0.3327, acc: 88.28, err: 11.72
[test] loss: 0.6183, acc: 80.14, err: 19.86
53/200 - 26.50%
[train] loss: 0.3299, acc: 88.40, err: 11.60
[test] loss: 0.5899, acc: 81.31, err: 18.69
54/200 - 27.00%
[train] loss: 0.3270, acc: 88.47, err: 11.53
[test] loss: 0.6002, acc: 80.83, err: 19.17
55/200 - 27.50%
[train] loss: 0.3176, acc: 88.70, err: 11.30
[test] loss: 0.5751, acc: 81.55, err: 18.45
56/200 - 28.00%
[train] loss: 0.3149, acc: 88.96, err: 11.04
[test] loss: 0.5975, acc: 80.98, err: 19.02
57/200 - 28.50%
[train] loss: 0.3064, acc: 89.20, err: 10.80
[test] loss: 0.5860, acc: 81.62, err: 18.38
58/200 - 29.00%
[train] loss: 0.3060, acc: 89.42, err: 10.58
[test] loss: 0.6102, acc: 80.80, err: 19.20
59/200 - 29.50%
[train] loss: 0.2972, acc: 89.45, err: 10.55
[test] loss: 0.5834, acc: 81.46, err: 18.54
60/200 - 30.00%
[train] loss: 0.2931, acc: 89.68, err: 10.32
[test] loss: 0.5885, acc: 81.64, err: 18.36
61/200 - 30.50%
[train] loss: 0.2913, acc: 89.72, err: 10.28
[test] loss: 0.6111, acc: 81.18, err: 18.82
62/200 - 31.00%
[train] loss: 0.2861, acc: 89.85, err: 10.15
[test] loss: 0.6064, acc: 80.93, err: 19.07
63/200 - 31.50%
[train] loss: 0.2802, acc: 90.02, err: 9.98
[test] loss: 0.6010, acc: 81.42, err: 18.58
64/200 - 32.00%
[train] loss: 0.2732, acc: 90.40, err: 9.60
[test] loss: 0.6165, acc: 81.37, err: 18.63
65/200 - 32.50%
[train] loss: 0.2779, acc: 90.40, err: 9.60
[test] loss: 0.5943, acc: 81.60, err: 18.40
66/200 - 33.00%
[train] loss: 0.2735, acc: 90.32, err: 9.68
[test] loss: 0.5976, acc: 81.55, err: 18.45
67/200 - 33.50%
[train] loss: 0.2673, acc: 90.71, err: 9.29
[test] loss: 0.6083, acc: 81.41, err: 18.59
68/200 - 34.00%
[train] loss: 0.2602, acc: 90.85, err: 9.15
[test] loss: 0.6026, acc: 81.73, err: 18.27
69/200 - 34.50%
[train] loss: 0.2585, acc: 90.90, err: 9.10
[test] loss: 0.5986, acc: 81.62, err: 18.38
70/200 - 35.00%
[train] loss: 0.2561, acc: 91.05, err: 8.95
[test] loss: 0.5631, acc: 82.73, err: 17.27
71/200 - 35.50%
[train] loss: 0.2526, acc: 91.10, err: 8.90
[test] loss: 0.5970, acc: 81.41, err: 18.59
72/200 - 36.00%
[train] loss: 0.2496, acc: 91.19, err: 8.81
[test] loss: 0.5994, acc: 81.43, err: 18.57
73/200 - 36.50%
[train] loss: 0.2465, acc: 91.27, err: 8.73
[test] loss: 0.5921, acc: 82.32, err: 17.68
74/200 - 37.00%
[train] loss: 0.2404, acc: 91.57, err: 8.43
[test] loss: 0.5957, acc: 81.75, err: 18.25
75/200 - 37.50%
[train] loss: 0.2456, acc: 91.46, err: 8.54
[test] loss: 0.5952, acc: 81.80, err: 18.20
76/200 - 38.00%
[train] loss: 0.2333, acc: 91.82, err: 8.18
[test] loss: 0.6131, acc: 81.05, err: 18.95
77/200 - 38.50%
[train] loss: 0.2361, acc: 91.81, err: 8.19
[test] loss: 0.6013, acc: 81.67, err: 18.33
78/200 - 39.00%
[train] loss: 0.2365, acc: 91.63, err: 8.37
[test] loss: 0.5974, acc: 82.08, err: 17.92
79/200 - 39.50%
[train] loss: 0.2199, acc: 92.28, err: 7.72
[test] loss: 0.6158, acc: 81.83, err: 18.17
80/200 - 40.00%
[train] loss: 0.2257, acc: 92.03, err: 7.97
[test] loss: 0.6130, acc: 81.16, err: 18.84
81/200 - 40.50%
[train] loss: 0.2220, acc: 92.17, err: 7.83
[test] loss: 0.5976, acc: 81.79, err: 18.21
82/200 - 41.00%
[train] loss: 0.2235, acc: 92.22, err: 7.78
[test] loss: 0.6121, acc: 82.21, err: 17.79
83/200 - 41.50%
[train] loss: 0.2106, acc: 92.69, err: 7.31
[test] loss: 0.6090, acc: 82.25, err: 17.75
84/200 - 42.00%
[train] loss: 0.2170, acc: 92.44, err: 7.56
[test] loss: 0.6308, acc: 81.15, err: 18.85
85/200 - 42.50%
[train] loss: 0.2148, acc: 92.52, err: 7.48
[test] loss: 0.6106, acc: 82.08, err: 17.92
86/200 - 43.00%
[train] loss: 0.2061, acc: 92.77, err: 7.23
[test] loss: 0.5886, acc: 82.13, err: 17.87
87/200 - 43.50%
[train] loss: 0.2077, acc: 92.77, err: 7.23
[test] loss: 0.6021, acc: 82.52, err: 17.48
88/200 - 44.00%
[train] loss: 0.2066, acc: 92.81, err: 7.19
[test] loss: 0.6058, acc: 82.30, err: 17.70
89/200 - 44.50%
[train] loss: 0.2020, acc: 93.00, err: 7.00
[test] loss: 0.6279, acc: 81.76, err: 18.24
90/200 - 45.00%
[train] loss: 0.2069, acc: 92.67, err: 7.33
[test] loss: 0.6174, acc: 82.07, err: 17.93
91/200 - 45.50%
[train] loss: 0.1974, acc: 93.11, err: 6.89
[test] loss: 0.6125, acc: 81.98, err: 18.02
92/200 - 46.00%
[train] loss: 0.1994, acc: 92.96, err: 7.04
[test] loss: 0.5994, acc: 82.55, err: 17.45
93/200 - 46.50%
[train] loss: 0.1955, acc: 93.16, err: 6.84
[test] loss: 0.5976, acc: 82.47, err: 17.53
94/200 - 47.00%
[train] loss: 0.1909, acc: 93.33, err: 6.67
[test] loss: 0.6216, acc: 82.29, err: 17.71
95/200 - 47.50%
[train] loss: 0.1945, acc: 93.20, err: 6.80
[test] loss: 0.6087, acc: 81.90, err: 18.10
96/200 - 48.00%
[train] loss: 0.1893, acc: 93.16, err: 6.84
[test] loss: 0.6206, acc: 81.93, err: 18.07
97/200 - 48.50%
[train] loss: 0.1891, acc: 93.38, err: 6.62
[test] loss: 0.6087, acc: 82.68, err: 17.32
98/200 - 49.00%
[train] loss: 0.1867, acc: 93.48, err: 6.52
[test] loss: 0.6308, acc: 81.85, err: 18.15
99/200 - 49.50%
[train] loss: 0.1793, acc: 93.73, err: 6.27
[test] loss: 0.6491, acc: 81.65, err: 18.35
100/200 - 50.00%
[train] loss: 0.1813, acc: 93.74, err: 6.26
[test] loss: 0.6063, acc: 82.44, err: 17.56
101/200 - 50.50%
[train] loss: 0.1280, acc: 95.71, err: 4.29
[test] loss: 0.5612, acc: 83.95, err: 16.05
102/200 - 51.00%
[train] loss: 0.1074, acc: 96.46, err: 3.54
[test] loss: 0.5543, acc: 84.08, err: 15.92
103/200 - 51.50%
[train] loss: 0.0971, acc: 96.97, err: 3.03
[test] loss: 0.5622, acc: 83.85, err: 16.15
104/200 - 52.00%
[train] loss: 0.0935, acc: 97.07, err: 2.93
[test] loss: 0.5651, acc: 84.07, err: 15.93
105/200 - 52.50%
[train] loss: 0.0893, acc: 97.19, err: 2.81
[test] loss: 0.5667, acc: 84.10, err: 15.90
106/200 - 53.00%
[train] loss: 0.0812, acc: 97.47, err: 2.53
[test] loss: 0.5702, acc: 84.09, err: 15.91
107/200 - 53.50%
[train] loss: 0.0780, acc: 97.59, err: 2.41
[test] loss: 0.5725, acc: 84.33, err: 15.67
108/200 - 54.00%
[train] loss: 0.0765, acc: 97.69, err: 2.31
[test] loss: 0.5778, acc: 84.18, err: 15.82
109/200 - 54.50%
[train] loss: 0.0729, acc: 97.78, err: 2.22
[test] loss: 0.5762, acc: 84.14, err: 15.86
110/200 - 55.00%
[train] loss: 0.0710, acc: 97.88, err: 2.12
[test] loss: 0.5814, acc: 84.11, err: 15.89
111/200 - 55.50%
[train] loss: 0.0683, acc: 97.88, err: 2.12
[test] loss: 0.5841, acc: 84.24, err: 15.76
112/200 - 56.00%
[train] loss: 0.0678, acc: 97.91, err: 2.09
[test] loss: 0.5937, acc: 84.15, err: 15.85
113/200 - 56.50%
[train] loss: 0.0646, acc: 97.96, err: 2.04
[test] loss: 0.5923, acc: 83.95, err: 16.05
114/200 - 57.00%
[train] loss: 0.0633, acc: 98.12, err: 1.88
[test] loss: 0.5933, acc: 84.36, err: 15.64
115/200 - 57.50%
[train] loss: 0.0597, acc: 98.16, err: 1.84
[test] loss: 0.6011, acc: 83.97, err: 16.03
116/200 - 58.00%
[train] loss: 0.0588, acc: 98.23, err: 1.77
[test] loss: 0.6012, acc: 84.16, err: 15.84
117/200 - 58.50%
[train] loss: 0.0609, acc: 98.13, err: 1.87
[test] loss: 0.6048, acc: 84.10, err: 15.90
118/200 - 59.00%
[train] loss: 0.0584, acc: 98.15, err: 1.85
[test] loss: 0.6052, acc: 84.16, err: 15.84
119/200 - 59.50%
[train] loss: 0.0561, acc: 98.29, err: 1.71
[test] loss: 0.6115, acc: 84.40, err: 15.60
120/200 - 60.00%
[train] loss: 0.0579, acc: 98.21, err: 1.79
[test] loss: 0.6161, acc: 83.98, err: 16.02
121/200 - 60.50%
[train] loss: 0.0537, acc: 98.37, err: 1.63
[test] loss: 0.6142, acc: 84.16, err: 15.84
122/200 - 61.00%
[train] loss: 0.0511, acc: 98.55, err: 1.45
[test] loss: 0.6190, acc: 84.14, err: 15.86
123/200 - 61.50%
[train] loss: 0.0511, acc: 98.45, err: 1.55
[test] loss: 0.6222, acc: 84.37, err: 15.63
124/200 - 62.00%
[train] loss: 0.0510, acc: 98.44, err: 1.56
[test] loss: 0.6241, acc: 84.04, err: 15.96
125/200 - 62.50%
[train] loss: 0.0486, acc: 98.59, err: 1.41
[test] loss: 0.6361, acc: 83.98, err: 16.02
126/200 - 63.00%
[train] loss: 0.0516, acc: 98.42, err: 1.58
[test] loss: 0.6218, acc: 84.06, err: 15.94
127/200 - 63.50%
[train] loss: 0.0476, acc: 98.58, err: 1.42
[test] loss: 0.6220, acc: 84.30, err: 15.70
128/200 - 64.00%
[train] loss: 0.0479, acc: 98.55, err: 1.45
[test] loss: 0.6215, acc: 84.27, err: 15.73
129/200 - 64.50%
[train] loss: 0.0472, acc: 98.57, err: 1.43
[test] loss: 0.6334, acc: 84.31, err: 15.69
130/200 - 65.00%
[train] loss: 0.0439, acc: 98.77, err: 1.23
[test] loss: 0.6320, acc: 84.12, err: 15.88
131/200 - 65.50%
[train] loss: 0.0460, acc: 98.64, err: 1.36
[test] loss: 0.6302, acc: 84.49, err: 15.51
132/200 - 66.00%
[train] loss: 0.0430, acc: 98.72, err: 1.28
[test] loss: 0.6305, acc: 84.19, err: 15.81
133/200 - 66.50%
[train] loss: 0.0433, acc: 98.72, err: 1.28
[test] loss: 0.6347, acc: 84.25, err: 15.75
134/200 - 67.00%
[train] loss: 0.0434, acc: 98.72, err: 1.28
[test] loss: 0.6370, acc: 84.10, err: 15.90
135/200 - 67.50%
[train] loss: 0.0432, acc: 98.73, err: 1.27
[test] loss: 0.6378, acc: 84.32, err: 15.68
136/200 - 68.00%
[train] loss: 0.0414, acc: 98.77, err: 1.23
[test] loss: 0.6411, acc: 83.95, err: 16.05
137/200 - 68.50%
[train] loss: 0.0413, acc: 98.77, err: 1.23
[test] loss: 0.6427, acc: 84.14, err: 15.86
138/200 - 69.00%
[train] loss: 0.0427, acc: 98.76, err: 1.24
[test] loss: 0.6412, acc: 84.25, err: 15.75
139/200 - 69.50%
[train] loss: 0.0406, acc: 98.74, err: 1.26
[test] loss: 0.6399, acc: 84.00, err: 16.00
140/200 - 70.00%
[train] loss: 0.0422, acc: 98.75, err: 1.25
[test] loss: 0.6418, acc: 84.19, err: 15.81
141/200 - 70.50%
[train] loss: 0.0384, acc: 98.88, err: 1.12
[test] loss: 0.6401, acc: 84.30, err: 15.70
142/200 - 71.00%
[train] loss: 0.0390, acc: 98.89, err: 1.11
[test] loss: 0.6487, acc: 84.34, err: 15.66
143/200 - 71.50%
[train] loss: 0.0357, acc: 99.00, err: 1.00
[test] loss: 0.6458, acc: 84.35, err: 15.65
144/200 - 72.00%
[train] loss: 0.0383, acc: 98.91, err: 1.09
[test] loss: 0.6474, acc: 84.22, err: 15.78
145/200 - 72.50%
[train] loss: 0.0387, acc: 98.82, err: 1.18
[test] loss: 0.6472, acc: 84.12, err: 15.88
146/200 - 73.00%
[train] loss: 0.0353, acc: 99.00, err: 1.00
[test] loss: 0.6533, acc: 84.16, err: 15.84
147/200 - 73.50%
[train] loss: 0.0367, acc: 98.96, err: 1.04
[test] loss: 0.6579, acc: 84.00, err: 16.00
148/200 - 74.00%
[train] loss: 0.0348, acc: 98.97, err: 1.03
[test] loss: 0.6593, acc: 83.99, err: 16.01
149/200 - 74.50%
[train] loss: 0.0347, acc: 98.98, err: 1.02
[test] loss: 0.6565, acc: 84.17, err: 15.83
150/200 - 75.00%
[train] loss: 0.0343, acc: 98.98, err: 1.02
[test] loss: 0.6666, acc: 84.12, err: 15.88
151/200 - 75.50%
[train] loss: 0.0321, acc: 99.09, err: 0.91
[test] loss: 0.6589, acc: 84.15, err: 15.85
152/200 - 76.00%
[train] loss: 0.0320, acc: 99.08, err: 0.92
[test] loss: 0.6578, acc: 84.15, err: 15.85
153/200 - 76.50%
[train] loss: 0.0316, acc: 99.11, err: 0.89
[test] loss: 0.6558, acc: 84.36, err: 15.64
154/200 - 77.00%
[train] loss: 0.0317, acc: 99.11, err: 0.89
[test] loss: 0.6558, acc: 84.23, err: 15.77
155/200 - 77.50%
[train] loss: 0.0300, acc: 99.14, err: 0.86
[test] loss: 0.6592, acc: 84.22, err: 15.78
156/200 - 78.00%
[train] loss: 0.0292, acc: 99.16, err: 0.84
[test] loss: 0.6529, acc: 84.20, err: 15.80
157/200 - 78.50%
[train] loss: 0.0289, acc: 99.22, err: 0.78
[test] loss: 0.6574, acc: 84.36, err: 15.64
158/200 - 79.00%
[train] loss: 0.0300, acc: 99.15, err: 0.85
[test] loss: 0.6565, acc: 84.37, err: 15.63
159/200 - 79.50%
[train] loss: 0.0292, acc: 99.20, err: 0.80
[test] loss: 0.6569, acc: 84.32, err: 15.68
160/200 - 80.00%
[train] loss: 0.0319, acc: 99.04, err: 0.96
[test] loss: 0.6556, acc: 84.29, err: 15.71
161/200 - 80.50%
[train] loss: 0.0295, acc: 99.14, err: 0.86
[test] loss: 0.6562, acc: 84.30, err: 15.70
162/200 - 81.00%
[train] loss: 0.0281, acc: 99.27, err: 0.73
[test] loss: 0.6531, acc: 84.39, err: 15.61
163/200 - 81.50%
[train] loss: 0.0282, acc: 99.25, err: 0.75
[test] loss: 0.6540, acc: 84.29, err: 15.71
164/200 - 82.00%
[train] loss: 0.0290, acc: 99.16, err: 0.84
[test] loss: 0.6559, acc: 84.22, err: 15.78
165/200 - 82.50%
[train] loss: 0.0288, acc: 99.22, err: 0.78
[test] loss: 0.6576, acc: 84.32, err: 15.68
166/200 - 83.00%
[train] loss: 0.0274, acc: 99.29, err: 0.71
[test] loss: 0.6534, acc: 84.25, err: 15.75
167/200 - 83.50%
[train] loss: 0.0273, acc: 99.25, err: 0.75
[test] loss: 0.6546, acc: 84.46, err: 15.54
168/200 - 84.00%
[train] loss: 0.0279, acc: 99.24, err: 0.76
[test] loss: 0.6547, acc: 84.29, err: 15.71
169/200 - 84.50%
[train] loss: 0.0276, acc: 99.23, err: 0.77
[test] loss: 0.6587, acc: 84.22, err: 15.78
170/200 - 85.00%
[train] loss: 0.0276, acc: 99.21, err: 0.79
[test] loss: 0.6545, acc: 84.23, err: 15.77
171/200 - 85.50%
[train] loss: 0.0285, acc: 99.17, err: 0.83
[test] loss: 0.6569, acc: 84.28, err: 15.72
172/200 - 86.00%
[train] loss: 0.0270, acc: 99.24, err: 0.76
[test] loss: 0.6627, acc: 84.19, err: 15.81
173/200 - 86.50%
[train] loss: 0.0286, acc: 99.19, err: 0.81
[test] loss: 0.6565, acc: 84.23, err: 15.77
174/200 - 87.00%
[train] loss: 0.0282, acc: 99.26, err: 0.74
[test] loss: 0.6542, acc: 84.28, err: 15.72
175/200 - 87.50%
[train] loss: 0.0270, acc: 99.25, err: 0.75
[test] loss: 0.6580, acc: 84.27, err: 15.73
176/200 - 88.00%
[train] loss: 0.0259, acc: 99.30, err: 0.70
[test] loss: 0.6554, acc: 84.41, err: 15.59
177/200 - 88.50%
[train] loss: 0.0283, acc: 99.22, err: 0.78
[test] loss: 0.6577, acc: 84.24, err: 15.76
178/200 - 89.00%
[train] loss: 0.0262, acc: 99.30, err: 0.70
[test] loss: 0.6591, acc: 84.41, err: 15.59
179/200 - 89.50%
[train] loss: 0.0260, acc: 99.33, err: 0.67
[test] loss: 0.6595, acc: 84.22, err: 15.78
180/200 - 90.00%
[train] loss: 0.0270, acc: 99.26, err: 0.74
[test] loss: 0.6573, acc: 84.43, err: 15.57
181/200 - 90.50%
[train] loss: 0.0264, acc: 99.24, err: 0.76
[test] loss: 0.6558, acc: 84.29, err: 15.71
182/200 - 91.00%
[train] loss: 0.0255, acc: 99.29, err: 0.71
[test] loss: 0.6595, acc: 84.41, err: 15.59
183/200 - 91.50%
[train] loss: 0.0261, acc: 99.29, err: 0.71
[test] loss: 0.6525, acc: 84.47, err: 15.53
184/200 - 92.00%
[train] loss: 0.0257, acc: 99.35, err: 0.65
[test] loss: 0.6579, acc: 84.46, err: 15.54
185/200 - 92.50%
[train] loss: 0.0252, acc: 99.33, err: 0.67
[test] loss: 0.6580, acc: 84.41, err: 15.59
186/200 - 93.00%
[train] loss: 0.0262, acc: 99.31, err: 0.69
[test] loss: 0.6573, acc: 84.46, err: 15.54
187/200 - 93.50%
[train] loss: 0.0267, acc: 99.28, err: 0.72
[test] loss: 0.6584, acc: 84.43, err: 15.57
188/200 - 94.00%
[train] loss: 0.0268, acc: 99.31, err: 0.69
[test] loss: 0.6581, acc: 84.43, err: 15.57
189/200 - 94.50%
[train] loss: 0.0267, acc: 99.24, err: 0.76
[test] loss: 0.6593, acc: 84.42, err: 15.58
190/200 - 95.00%
[train] loss: 0.0255, acc: 99.31, err: 0.69
[test] loss: 0.6564, acc: 84.55, err: 15.45
191/200 - 95.50%
[train] loss: 0.0250, acc: 99.35, err: 0.65
[test] loss: 0.6602, acc: 84.38, err: 15.62
192/200 - 96.00%
[train] loss: 0.0251, acc: 99.31, err: 0.69
[test] loss: 0.6577, acc: 84.36, err: 15.64
193/200 - 96.50%
[train] loss: 0.0251, acc: 99.36, err: 0.64
[test] loss: 0.6593, acc: 84.54, err: 15.46
194/200 - 97.00%
[train] loss: 0.0256, acc: 99.32, err: 0.68
[test] loss: 0.6582, acc: 84.39, err: 15.61
195/200 - 97.50%
[train] loss: 0.0263, acc: 99.27, err: 0.73
[test] loss: 0.6614, acc: 84.40, err: 15.60
196/200 - 98.00%
[train] loss: 0.0250, acc: 99.35, err: 0.65
[test] loss: 0.6621, acc: 84.40, err: 15.60
197/200 - 98.50%
[train] loss: 0.0249, acc: 99.33, err: 0.67
[test] loss: 0.6590, acc: 84.39, err: 15.61
198/200 - 99.00%
[train] loss: 0.0268, acc: 99.30, err: 0.70
[test] loss: 0.6601, acc: 84.36, err: 15.64
199/200 - 99.50%
[train] loss: 0.0245, acc: 99.36, err: 0.64
[test] loss: 0.6569, acc: 84.46, err: 15.54
200/200 - 100.00%
[train] loss: 0.0254, acc: 99.30, err: 0.70
[test] loss: 0.6593, acc: 84.34, err: 15.66
best loss: 0.6564, best acc: 84.55, best err: 15.45
log saved: cifar10_23-05-31_20-46-29.log
