> cuda memory allocated: 44781056
> n_trainable_params: 11181642, n_nontrainable_params: 0
> training arguments:
>>> dataset: cifar10
>>> data_dir: data
>>> batch_size: 256
>>> resize: 224
>>> lr: 0.0001
>>> weight_decay: 0.0001
>>> num_epoch: 200
>>> gpus: 0
>>> no_data_aug: False
>>> clip_norm: 50
>>> default_directory: drive/app/torch/save_models
>>> seed: 7890
>>> cutout: True
>>> autoaug: True
>>> optimizer: AdamW
>>> milestones: [100, 150]
>>> gamma: 0.1
>>> device: cuda:2
>>> log_name: cifar10_23-05-31_22-00-32.log
1/200 - 0.50%
[train] loss: 2.1584, acc: 20.31, err: 79.69
[test] loss: 1.8051, acc: 32.58, err: 67.42
2/200 - 1.00%
[train] loss: 1.9823, acc: 26.80, err: 73.20
[test] loss: 1.5863, acc: 41.97, err: 58.03
3/200 - 1.50%
[train] loss: 1.8948, acc: 30.40, err: 69.60
[test] loss: 1.4960, acc: 45.98, err: 54.02
4/200 - 2.00%
[train] loss: 1.8320, acc: 32.68, err: 67.32
[test] loss: 1.4467, acc: 47.50, err: 52.50
5/200 - 2.50%
[train] loss: 1.7822, acc: 34.79, err: 65.21
[test] loss: 1.3784, acc: 49.94, err: 50.06
6/200 - 3.00%
[train] loss: 1.7275, acc: 36.70, err: 63.30
[test] loss: 1.3073, acc: 52.34, err: 47.66
7/200 - 3.50%
[train] loss: 1.6856, acc: 38.57, err: 61.43
[test] loss: 1.3130, acc: 52.66, err: 47.34
8/200 - 4.00%
[train] loss: 1.6476, acc: 40.22, err: 59.78
[test] loss: 1.2245, acc: 55.95, err: 44.05
9/200 - 4.50%
[train] loss: 1.6096, acc: 41.51, err: 58.49
[test] loss: 1.2282, acc: 55.98, err: 44.02
10/200 - 5.00%
[train] loss: 1.5720, acc: 42.90, err: 57.10
[test] loss: 1.1837, acc: 57.32, err: 42.68
11/200 - 5.50%
[train] loss: 1.5519, acc: 43.82, err: 56.18
[test] loss: 1.1416, acc: 59.43, err: 40.57
12/200 - 6.00%
[train] loss: 1.5115, acc: 45.34, err: 54.66
[test] loss: 1.1183, acc: 59.53, err: 40.47
13/200 - 6.50%
[train] loss: 1.4939, acc: 46.21, err: 53.79
[test] loss: 1.0877, acc: 60.99, err: 39.01
14/200 - 7.00%
[train] loss: 1.4585, acc: 47.27, err: 52.73
[test] loss: 1.0520, acc: 62.58, err: 37.42
15/200 - 7.50%
[train] loss: 1.4442, acc: 47.77, err: 52.23
[test] loss: 1.0402, acc: 63.17, err: 36.83
16/200 - 8.00%
[train] loss: 1.4281, acc: 48.46, err: 51.54
[test] loss: 1.0078, acc: 64.23, err: 35.77
17/200 - 8.50%
[train] loss: 1.4036, acc: 49.49, err: 50.51
[test] loss: 0.9857, acc: 64.81, err: 35.19
18/200 - 9.00%
[train] loss: 1.3853, acc: 50.31, err: 49.69
[test] loss: 0.9549, acc: 66.58, err: 33.42
19/200 - 9.50%
[train] loss: 1.3728, acc: 50.67, err: 49.33
[test] loss: 0.9828, acc: 65.27, err: 34.73
20/200 - 10.00%
[train] loss: 1.3578, acc: 51.25, err: 48.75
[test] loss: 0.9476, acc: 66.41, err: 33.59
21/200 - 10.50%
[train] loss: 1.3383, acc: 51.87, err: 48.13
[test] loss: 0.9314, acc: 66.89, err: 33.11
22/200 - 11.00%
[train] loss: 1.3336, acc: 52.12, err: 47.88
[test] loss: 0.9233, acc: 67.24, err: 32.76
23/200 - 11.50%
[train] loss: 1.3131, acc: 52.93, err: 47.07
[test] loss: 0.9274, acc: 67.16, err: 32.84
24/200 - 12.00%
[train] loss: 1.3046, acc: 53.29, err: 46.71
[test] loss: 0.8854, acc: 68.39, err: 31.61
25/200 - 12.50%
[train] loss: 1.2908, acc: 54.07, err: 45.93
[test] loss: 0.8685, acc: 69.28, err: 30.72
26/200 - 13.00%
[train] loss: 1.2749, acc: 54.20, err: 45.80
[test] loss: 0.8519, acc: 69.63, err: 30.37
27/200 - 13.50%
[train] loss: 1.2680, acc: 54.78, err: 45.22
[test] loss: 0.8751, acc: 68.80, err: 31.20
28/200 - 14.00%
[train] loss: 1.2545, acc: 55.18, err: 44.82
[test] loss: 0.8800, acc: 69.15, err: 30.85
29/200 - 14.50%
[train] loss: 1.2459, acc: 55.41, err: 44.59
[test] loss: 0.8378, acc: 70.09, err: 29.91
30/200 - 15.00%
[train] loss: 1.2432, acc: 55.69, err: 44.31
[test] loss: 0.8428, acc: 70.48, err: 29.52
31/200 - 15.50%
[train] loss: 1.2286, acc: 56.15, err: 43.85
[test] loss: 0.8091, acc: 71.15, err: 28.85
32/200 - 16.00%
[train] loss: 1.2228, acc: 56.33, err: 43.67
[test] loss: 0.8498, acc: 70.47, err: 29.53
33/200 - 16.50%
[train] loss: 1.2021, acc: 57.29, err: 42.71
[test] loss: 0.8172, acc: 71.01, err: 28.99
34/200 - 17.00%
[train] loss: 1.2038, acc: 57.21, err: 42.79
[test] loss: 0.8235, acc: 71.11, err: 28.89
35/200 - 17.50%
[train] loss: 1.1934, acc: 57.49, err: 42.51
[test] loss: 0.8212, acc: 71.29, err: 28.71
36/200 - 18.00%
[train] loss: 1.1794, acc: 57.90, err: 42.10
[test] loss: 0.8067, acc: 71.35, err: 28.65
37/200 - 18.50%
[train] loss: 1.1736, acc: 58.44, err: 41.56
[test] loss: 0.7880, acc: 72.32, err: 27.68
38/200 - 19.00%
[train] loss: 1.1680, acc: 58.49, err: 41.51
[test] loss: 0.8170, acc: 71.60, err: 28.40
39/200 - 19.50%
[train] loss: 1.1626, acc: 58.55, err: 41.45
[test] loss: 0.7523, acc: 73.77, err: 26.23
40/200 - 20.00%
[train] loss: 1.1474, acc: 59.39, err: 40.61
[test] loss: 0.7441, acc: 73.81, err: 26.19
41/200 - 20.50%
[train] loss: 1.1476, acc: 59.12, err: 40.88
[test] loss: 0.7548, acc: 74.12, err: 25.88
42/200 - 21.00%
[train] loss: 1.1452, acc: 59.48, err: 40.52
[test] loss: 0.7505, acc: 73.44, err: 26.56
43/200 - 21.50%
[train] loss: 1.1312, acc: 59.83, err: 40.17
[test] loss: 0.7561, acc: 73.85, err: 26.15
44/200 - 22.00%
[train] loss: 1.1243, acc: 60.21, err: 39.79
[test] loss: 0.7327, acc: 74.39, err: 25.61
45/200 - 22.50%
[train] loss: 1.1174, acc: 60.25, err: 39.75
[test] loss: 0.7173, acc: 75.08, err: 24.92
46/200 - 23.00%
[train] loss: 1.1114, acc: 60.58, err: 39.42
[test] loss: 0.7319, acc: 74.82, err: 25.18
47/200 - 23.50%
[train] loss: 1.1066, acc: 60.92, err: 39.08
[test] loss: 0.7393, acc: 74.04, err: 25.96
48/200 - 24.00%
[train] loss: 1.1016, acc: 60.83, err: 39.17
[test] loss: 0.7167, acc: 75.16, err: 24.84
49/200 - 24.50%
[train] loss: 1.0887, acc: 61.27, err: 38.73
[test] loss: 0.7325, acc: 74.64, err: 25.36
50/200 - 25.00%
[train] loss: 1.0859, acc: 61.42, err: 38.58
[test] loss: 0.7120, acc: 75.10, err: 24.90
51/200 - 25.50%
[train] loss: 1.0825, acc: 61.55, err: 38.45
[test] loss: 0.6749, acc: 76.72, err: 23.28
52/200 - 26.00%
[train] loss: 1.0813, acc: 61.55, err: 38.45
[test] loss: 0.6775, acc: 76.29, err: 23.71
53/200 - 26.50%
[train] loss: 1.0706, acc: 62.08, err: 37.92
[test] loss: 0.6848, acc: 76.25, err: 23.75
54/200 - 27.00%
[train] loss: 1.0686, acc: 62.15, err: 37.85
[test] loss: 0.6971, acc: 75.75, err: 24.25
55/200 - 27.50%
[train] loss: 1.0592, acc: 62.52, err: 37.48
[test] loss: 0.6866, acc: 76.00, err: 24.00
56/200 - 28.00%
[train] loss: 1.0624, acc: 62.38, err: 37.62
[test] loss: 0.6709, acc: 76.69, err: 23.31
57/200 - 28.50%
[train] loss: 1.0551, acc: 62.80, err: 37.20
[test] loss: 0.7107, acc: 75.32, err: 24.68
58/200 - 29.00%
[train] loss: 1.0462, acc: 62.73, err: 37.27
[test] loss: 0.6855, acc: 76.26, err: 23.74
59/200 - 29.50%
[train] loss: 1.0432, acc: 63.05, err: 36.95
[test] loss: 0.6547, acc: 77.23, err: 22.77
60/200 - 30.00%
[train] loss: 1.0345, acc: 63.36, err: 36.64
[test] loss: 0.6903, acc: 76.14, err: 23.86
61/200 - 30.50%
[train] loss: 1.0330, acc: 63.53, err: 36.47
[test] loss: 0.6724, acc: 76.49, err: 23.51
62/200 - 31.00%
[train] loss: 1.0298, acc: 63.37, err: 36.63
[test] loss: 0.6539, acc: 77.13, err: 22.87
63/200 - 31.50%
[train] loss: 1.0250, acc: 63.83, err: 36.17
[test] loss: 0.6358, acc: 78.30, err: 21.70
64/200 - 32.00%
[train] loss: 1.0197, acc: 63.95, err: 36.05
[test] loss: 0.6430, acc: 77.78, err: 22.22
65/200 - 32.50%
[train] loss: 1.0158, acc: 64.31, err: 35.69
[test] loss: 0.6503, acc: 77.25, err: 22.75
66/200 - 33.00%
[train] loss: 1.0158, acc: 64.09, err: 35.91
[test] loss: 0.6550, acc: 77.10, err: 22.90
67/200 - 33.50%
[train] loss: 1.0044, acc: 64.48, err: 35.52
[test] loss: 0.6289, acc: 78.27, err: 21.73
68/200 - 34.00%
[train] loss: 1.0056, acc: 64.35, err: 35.65
[test] loss: 0.6527, acc: 77.52, err: 22.48
69/200 - 34.50%
[train] loss: 1.0018, acc: 64.80, err: 35.20
[test] loss: 0.6280, acc: 78.29, err: 21.71
70/200 - 35.00%
[train] loss: 0.9926, acc: 64.95, err: 35.05
[test] loss: 0.6277, acc: 78.38, err: 21.62
71/200 - 35.50%
[train] loss: 0.9924, acc: 65.02, err: 34.98
[test] loss: 0.6236, acc: 78.60, err: 21.40
72/200 - 36.00%
[train] loss: 0.9868, acc: 65.21, err: 34.79
[test] loss: 0.6213, acc: 78.67, err: 21.33
73/200 - 36.50%
[train] loss: 0.9884, acc: 65.32, err: 34.68
[test] loss: 0.6364, acc: 77.92, err: 22.08
74/200 - 37.00%
[train] loss: 0.9810, acc: 65.54, err: 34.46
[test] loss: 0.6110, acc: 79.26, err: 20.74
75/200 - 37.50%
[train] loss: 0.9810, acc: 65.31, err: 34.69
[test] loss: 0.5920, acc: 79.82, err: 20.18
76/200 - 38.00%
[train] loss: 0.9743, acc: 65.59, err: 34.41
[test] loss: 0.6106, acc: 79.02, err: 20.98
77/200 - 38.50%
[train] loss: 0.9697, acc: 66.01, err: 33.99
[test] loss: 0.6052, acc: 78.92, err: 21.08
78/200 - 39.00%
[train] loss: 0.9666, acc: 65.94, err: 34.06
[test] loss: 0.6080, acc: 78.85, err: 21.15
79/200 - 39.50%
[train] loss: 0.9621, acc: 66.01, err: 33.99
[test] loss: 0.5825, acc: 79.71, err: 20.29
80/200 - 40.00%
[train] loss: 0.9586, acc: 66.37, err: 33.63
[test] loss: 0.5833, acc: 79.68, err: 20.32
81/200 - 40.50%
[train] loss: 0.9525, acc: 66.70, err: 33.30
[test] loss: 0.5756, acc: 80.27, err: 19.73
82/200 - 41.00%
[train] loss: 0.9436, acc: 66.95, err: 33.05
[test] loss: 0.5830, acc: 79.88, err: 20.12
83/200 - 41.50%
[train] loss: 0.9411, acc: 66.78, err: 33.22
[test] loss: 0.5695, acc: 79.72, err: 20.28
84/200 - 42.00%
[train] loss: 0.9446, acc: 66.91, err: 33.09
[test] loss: 0.5739, acc: 80.12, err: 19.88
85/200 - 42.50%
[train] loss: 0.9385, acc: 66.83, err: 33.17
[test] loss: 0.5628, acc: 80.19, err: 19.81
86/200 - 43.00%
[train] loss: 0.9400, acc: 66.62, err: 33.38
[test] loss: 0.5572, acc: 80.81, err: 19.19
87/200 - 43.50%
[train] loss: 0.9349, acc: 67.16, err: 32.84
[test] loss: 0.5711, acc: 79.84, err: 20.16
88/200 - 44.00%
[train] loss: 0.9274, acc: 67.11, err: 32.89
[test] loss: 0.5712, acc: 80.49, err: 19.51
89/200 - 44.50%
[train] loss: 0.9304, acc: 67.55, err: 32.45
[test] loss: 0.5936, acc: 79.44, err: 20.56
90/200 - 45.00%
[train] loss: 0.9249, acc: 67.21, err: 32.79
[test] loss: 0.5665, acc: 80.15, err: 19.85
91/200 - 45.50%
[train] loss: 0.9246, acc: 67.43, err: 32.57
[test] loss: 0.5853, acc: 79.67, err: 20.33
92/200 - 46.00%
[train] loss: 0.9157, acc: 67.72, err: 32.28
[test] loss: 0.5593, acc: 80.50, err: 19.50
93/200 - 46.50%
[train] loss: 0.9129, acc: 67.88, err: 32.12
[test] loss: 0.5662, acc: 80.48, err: 19.52
94/200 - 47.00%
[train] loss: 0.9161, acc: 67.74, err: 32.26
[test] loss: 0.5542, acc: 80.41, err: 19.59
95/200 - 47.50%
[train] loss: 0.9055, acc: 68.26, err: 31.74
[test] loss: 0.5462, acc: 80.95, err: 19.05
96/200 - 48.00%
[train] loss: 0.9101, acc: 67.83, err: 32.17
[test] loss: 0.5495, acc: 81.18, err: 18.82
97/200 - 48.50%
[train] loss: 0.8999, acc: 68.30, err: 31.70
[test] loss: 0.5423, acc: 81.38, err: 18.62
98/200 - 49.00%
[train] loss: 0.9015, acc: 68.15, err: 31.85
[test] loss: 0.5285, acc: 81.82, err: 18.18
99/200 - 49.50%
[train] loss: 0.9015, acc: 68.20, err: 31.80
[test] loss: 0.5360, acc: 81.93, err: 18.07
100/200 - 50.00%
[train] loss: 0.8931, acc: 68.63, err: 31.37
[test] loss: 0.5414, acc: 81.47, err: 18.53
101/200 - 50.50%
[train] loss: 0.8568, acc: 70.09, err: 29.91
[test] loss: 0.5071, acc: 82.45, err: 17.55
102/200 - 51.00%
[train] loss: 0.8336, acc: 70.74, err: 29.26
[test] loss: 0.4996, acc: 82.65, err: 17.35
103/200 - 51.50%
[train] loss: 0.8268, acc: 70.88, err: 29.12
[test] loss: 0.4958, acc: 82.69, err: 17.31
104/200 - 52.00%
[train] loss: 0.8225, acc: 71.14, err: 28.86
[test] loss: 0.4890, acc: 83.09, err: 16.91
105/200 - 52.50%
[train] loss: 0.8235, acc: 71.17, err: 28.83
[test] loss: 0.4882, acc: 83.04, err: 16.96
106/200 - 53.00%
[train] loss: 0.8211, acc: 71.25, err: 28.75
[test] loss: 0.4885, acc: 83.02, err: 16.98
107/200 - 53.50%
[train] loss: 0.8140, acc: 71.31, err: 28.69
[test] loss: 0.4883, acc: 82.90, err: 17.10
108/200 - 54.00%
[train] loss: 0.8113, acc: 71.45, err: 28.55
[test] loss: 0.4804, acc: 83.29, err: 16.71
109/200 - 54.50%
[train] loss: 0.8109, acc: 71.54, err: 28.46
[test] loss: 0.4830, acc: 82.92, err: 17.08
110/200 - 55.00%
[train] loss: 0.8069, acc: 71.72, err: 28.28
[test] loss: 0.4870, acc: 82.84, err: 17.16
111/200 - 55.50%
[train] loss: 0.8091, acc: 71.56, err: 28.44
[test] loss: 0.4836, acc: 83.00, err: 17.00
112/200 - 56.00%
[train] loss: 0.8133, acc: 71.44, err: 28.56
[test] loss: 0.4799, acc: 83.25, err: 16.75
113/200 - 56.50%
[train] loss: 0.8062, acc: 71.70, err: 28.30
[test] loss: 0.4801, acc: 83.19, err: 16.81
114/200 - 57.00%
[train] loss: 0.7995, acc: 71.89, err: 28.11
[test] loss: 0.4837, acc: 82.88, err: 17.12
115/200 - 57.50%
[train] loss: 0.8008, acc: 71.93, err: 28.07
[test] loss: 0.4800, acc: 83.01, err: 16.99
116/200 - 58.00%
[train] loss: 0.7924, acc: 72.19, err: 27.81
[test] loss: 0.4787, acc: 83.40, err: 16.60
117/200 - 58.50%
[train] loss: 0.7968, acc: 72.19, err: 27.81
[test] loss: 0.4830, acc: 83.06, err: 16.94
118/200 - 59.00%
[train] loss: 0.7930, acc: 72.05, err: 27.95
[test] loss: 0.4754, acc: 83.23, err: 16.77
119/200 - 59.50%
[train] loss: 0.7976, acc: 71.87, err: 28.13
[test] loss: 0.4760, acc: 83.31, err: 16.69
120/200 - 60.00%
[train] loss: 0.7904, acc: 72.26, err: 27.74
[test] loss: 0.4761, acc: 83.23, err: 16.77
121/200 - 60.50%
[train] loss: 0.7919, acc: 72.15, err: 27.85
[test] loss: 0.4771, acc: 83.13, err: 16.87
122/200 - 61.00%
[train] loss: 0.7897, acc: 72.29, err: 27.71
[test] loss: 0.4769, acc: 83.32, err: 16.68
123/200 - 61.50%
[train] loss: 0.7955, acc: 72.09, err: 27.91
[test] loss: 0.4699, acc: 83.48, err: 16.52
124/200 - 62.00%
[train] loss: 0.7899, acc: 72.16, err: 27.84
[test] loss: 0.4723, acc: 83.38, err: 16.62
125/200 - 62.50%
[train] loss: 0.7875, acc: 72.39, err: 27.61
[test] loss: 0.4705, acc: 83.45, err: 16.55
126/200 - 63.00%
[train] loss: 0.7837, acc: 72.33, err: 27.67
[test] loss: 0.4732, acc: 83.51, err: 16.49
127/200 - 63.50%
[train] loss: 0.7834, acc: 72.55, err: 27.45
[test] loss: 0.4728, acc: 83.38, err: 16.62
128/200 - 64.00%
[train] loss: 0.7848, acc: 72.30, err: 27.70
[test] loss: 0.4727, acc: 83.33, err: 16.67
129/200 - 64.50%
[train] loss: 0.7826, acc: 72.60, err: 27.40
[test] loss: 0.4700, acc: 83.60, err: 16.40
130/200 - 65.00%
[train] loss: 0.7892, acc: 72.40, err: 27.60
[test] loss: 0.4722, acc: 83.60, err: 16.40
131/200 - 65.50%
[train] loss: 0.7796, acc: 72.57, err: 27.43
[test] loss: 0.4682, acc: 83.67, err: 16.33
132/200 - 66.00%
[train] loss: 0.7789, acc: 72.59, err: 27.41
[test] loss: 0.4767, acc: 83.45, err: 16.55
133/200 - 66.50%
[train] loss: 0.7873, acc: 72.26, err: 27.74
[test] loss: 0.4714, acc: 83.60, err: 16.40
134/200 - 67.00%
[train] loss: 0.7808, acc: 72.53, err: 27.47
[test] loss: 0.4667, acc: 83.75, err: 16.25
135/200 - 67.50%
[train] loss: 0.7779, acc: 72.55, err: 27.45
[test] loss: 0.4732, acc: 83.54, err: 16.46
136/200 - 68.00%
[train] loss: 0.7843, acc: 72.57, err: 27.43
[test] loss: 0.4712, acc: 83.53, err: 16.47
137/200 - 68.50%
[train] loss: 0.7778, acc: 72.72, err: 27.28
[test] loss: 0.4711, acc: 83.75, err: 16.25
138/200 - 69.00%
[train] loss: 0.7780, acc: 72.60, err: 27.40
[test] loss: 0.4707, acc: 83.27, err: 16.73
139/200 - 69.50%
[train] loss: 0.7720, acc: 72.81, err: 27.19
[test] loss: 0.4711, acc: 83.60, err: 16.40
140/200 - 70.00%
[train] loss: 0.7756, acc: 72.82, err: 27.18
[test] loss: 0.4681, acc: 83.63, err: 16.37
141/200 - 70.50%
[train] loss: 0.7718, acc: 72.86, err: 27.14
[test] loss: 0.4723, acc: 83.65, err: 16.35
142/200 - 71.00%
[train] loss: 0.7693, acc: 72.99, err: 27.01
[test] loss: 0.4723, acc: 83.67, err: 16.33
143/200 - 71.50%
[train] loss: 0.7696, acc: 72.70, err: 27.30
[test] loss: 0.4664, acc: 83.65, err: 16.35
144/200 - 72.00%
[train] loss: 0.7739, acc: 72.64, err: 27.36
[test] loss: 0.4667, acc: 83.64, err: 16.36
145/200 - 72.50%
[train] loss: 0.7761, acc: 72.59, err: 27.41
[test] loss: 0.4649, acc: 83.71, err: 16.29
146/200 - 73.00%
[train] loss: 0.7701, acc: 72.91, err: 27.09
[test] loss: 0.4683, acc: 83.66, err: 16.34
147/200 - 73.50%
[train] loss: 0.7605, acc: 73.35, err: 26.65
[test] loss: 0.4699, acc: 83.51, err: 16.49
148/200 - 74.00%
[train] loss: 0.7704, acc: 73.00, err: 27.00
[test] loss: 0.4696, acc: 83.54, err: 16.46
149/200 - 74.50%
[train] loss: 0.7690, acc: 73.12, err: 26.88
[test] loss: 0.4651, acc: 83.63, err: 16.37
150/200 - 75.00%
[train] loss: 0.7587, acc: 73.19, err: 26.81
[test] loss: 0.4661, acc: 83.65, err: 16.35
151/200 - 75.50%
[train] loss: 0.7704, acc: 72.83, err: 27.17
[test] loss: 0.4644, acc: 83.71, err: 16.29
152/200 - 76.00%
[train] loss: 0.7587, acc: 73.21, err: 26.79
[test] loss: 0.4640, acc: 83.87, err: 16.13
153/200 - 76.50%
[train] loss: 0.7630, acc: 73.29, err: 26.71
[test] loss: 0.4620, acc: 83.87, err: 16.13
154/200 - 77.00%
[train] loss: 0.7574, acc: 73.20, err: 26.80
[test] loss: 0.4644, acc: 83.83, err: 16.17
155/200 - 77.50%
[train] loss: 0.7563, acc: 73.55, err: 26.45
[test] loss: 0.4629, acc: 83.86, err: 16.14
156/200 - 78.00%
[train] loss: 0.7578, acc: 73.21, err: 26.79
[test] loss: 0.4596, acc: 83.84, err: 16.16
157/200 - 78.50%
[train] loss: 0.7628, acc: 73.19, err: 26.81
[test] loss: 0.4625, acc: 83.83, err: 16.17
158/200 - 79.00%
[train] loss: 0.7600, acc: 73.37, err: 26.63
[test] loss: 0.4634, acc: 83.79, err: 16.21
159/200 - 79.50%
[train] loss: 0.7521, acc: 73.42, err: 26.58
[test] loss: 0.4648, acc: 83.59, err: 16.41
160/200 - 80.00%
[train] loss: 0.7612, acc: 73.15, err: 26.85
[test] loss: 0.4650, acc: 83.50, err: 16.50
161/200 - 80.50%
[train] loss: 0.7656, acc: 72.90, err: 27.10
[test] loss: 0.4611, acc: 83.72, err: 16.28
162/200 - 81.00%
[train] loss: 0.7590, acc: 73.30, err: 26.70
[test] loss: 0.4628, acc: 83.65, err: 16.35
163/200 - 81.50%
[train] loss: 0.7602, acc: 73.43, err: 26.57
[test] loss: 0.4618, acc: 83.72, err: 16.28
164/200 - 82.00%
[train] loss: 0.7634, acc: 73.01, err: 26.99
[test] loss: 0.4634, acc: 83.73, err: 16.27
165/200 - 82.50%
[train] loss: 0.7566, acc: 73.49, err: 26.51
[test] loss: 0.4657, acc: 83.71, err: 16.29
166/200 - 83.00%
[train] loss: 0.7620, acc: 73.01, err: 26.99
[test] loss: 0.4634, acc: 83.71, err: 16.29
167/200 - 83.50%
[train] loss: 0.7569, acc: 73.42, err: 26.58
[test] loss: 0.4621, acc: 83.84, err: 16.16
168/200 - 84.00%
[train] loss: 0.7567, acc: 73.40, err: 26.60
[test] loss: 0.4588, acc: 83.97, err: 16.03
169/200 - 84.50%
[train] loss: 0.7555, acc: 73.44, err: 26.56
[test] loss: 0.4631, acc: 83.71, err: 16.29
170/200 - 85.00%
[train] loss: 0.7554, acc: 73.53, err: 26.47
[test] loss: 0.4638, acc: 83.77, err: 16.23
171/200 - 85.50%
[train] loss: 0.7610, acc: 73.27, err: 26.73
[test] loss: 0.4636, acc: 83.85, err: 16.15
172/200 - 86.00%
[train] loss: 0.7521, acc: 73.38, err: 26.62
[test] loss: 0.4634, acc: 83.80, err: 16.20
173/200 - 86.50%
[train] loss: 0.7575, acc: 73.24, err: 26.76
[test] loss: 0.4609, acc: 83.77, err: 16.23
174/200 - 87.00%
[train] loss: 0.7496, acc: 73.49, err: 26.51
[test] loss: 0.4623, acc: 83.68, err: 16.32
175/200 - 87.50%
[train] loss: 0.7517, acc: 73.45, err: 26.55
[test] loss: 0.4613, acc: 83.84, err: 16.16
176/200 - 88.00%
[train] loss: 0.7482, acc: 73.64, err: 26.36
[test] loss: 0.4617, acc: 83.72, err: 16.28
177/200 - 88.50%
[train] loss: 0.7592, acc: 73.18, err: 26.82
[test] loss: 0.4599, acc: 83.80, err: 16.20
178/200 - 89.00%
[train] loss: 0.7531, acc: 73.50, err: 26.50
[test] loss: 0.4611, acc: 83.79, err: 16.21
179/200 - 89.50%
[train] loss: 0.7563, acc: 73.43, err: 26.57
[test] loss: 0.4615, acc: 83.75, err: 16.25
180/200 - 90.00%
[train] loss: 0.7540, acc: 73.51, err: 26.49
[test] loss: 0.4613, acc: 83.81, err: 16.19
181/200 - 90.50%
[train] loss: 0.7527, acc: 73.50, err: 26.50
[test] loss: 0.4619, acc: 83.71, err: 16.29
182/200 - 91.00%
[train] loss: 0.7530, acc: 73.46, err: 26.54
[test] loss: 0.4633, acc: 83.81, err: 16.19
183/200 - 91.50%
[train] loss: 0.7535, acc: 73.53, err: 26.47
[test] loss: 0.4611, acc: 83.80, err: 16.20
184/200 - 92.00%
[train] loss: 0.7526, acc: 73.71, err: 26.29
[test] loss: 0.4604, acc: 83.79, err: 16.21
185/200 - 92.50%
[train] loss: 0.7626, acc: 73.02, err: 26.98
[test] loss: 0.4616, acc: 83.80, err: 16.20
186/200 - 93.00%
[train] loss: 0.7588, acc: 73.22, err: 26.78
[test] loss: 0.4610, acc: 83.91, err: 16.09
187/200 - 93.50%
[train] loss: 0.7552, acc: 73.24, err: 26.76
[test] loss: 0.4635, acc: 83.70, err: 16.30
188/200 - 94.00%
[train] loss: 0.7544, acc: 73.38, err: 26.62
[test] loss: 0.4595, acc: 83.86, err: 16.14
189/200 - 94.50%
[train] loss: 0.7537, acc: 73.18, err: 26.82
[test] loss: 0.4608, acc: 84.04, err: 15.96
190/200 - 95.00%
[train] loss: 0.7496, acc: 73.79, err: 26.21
[test] loss: 0.4590, acc: 84.01, err: 15.99
191/200 - 95.50%
[train] loss: 0.7609, acc: 73.18, err: 26.82
[test] loss: 0.4607, acc: 83.81, err: 16.19
192/200 - 96.00%
[train] loss: 0.7519, acc: 73.58, err: 26.42
[test] loss: 0.4607, acc: 83.94, err: 16.06
193/200 - 96.50%
[train] loss: 0.7532, acc: 73.39, err: 26.61
[test] loss: 0.4594, acc: 83.96, err: 16.04
194/200 - 97.00%
[train] loss: 0.7537, acc: 73.51, err: 26.49
[test] loss: 0.4617, acc: 83.81, err: 16.19
195/200 - 97.50%
[train] loss: 0.7522, acc: 73.63, err: 26.37
[test] loss: 0.4605, acc: 83.89, err: 16.11
196/200 - 98.00%
[train] loss: 0.7506, acc: 73.53, err: 26.47
[test] loss: 0.4592, acc: 83.90, err: 16.10
197/200 - 98.50%
[train] loss: 0.7559, acc: 73.40, err: 26.60
[test] loss: 0.4615, acc: 83.81, err: 16.19
198/200 - 99.00%
[train] loss: 0.7545, acc: 73.63, err: 26.37
[test] loss: 0.4614, acc: 83.81, err: 16.19
199/200 - 99.50%
[train] loss: 0.7531, acc: 73.45, err: 26.55
[test] loss: 0.4594, acc: 83.90, err: 16.10
200/200 - 100.00%
[train] loss: 0.7510, acc: 73.72, err: 26.28
[test] loss: 0.4583, acc: 83.81, err: 16.19
best loss: 0.4608, best acc: 84.04, best err: 15.96
log saved: cifar10_23-05-31_22-00-32.log
