Loading pretrained weights from Hugging Face hub (timm/resnet18.a1_in1k)
[timm/resnet18.a1_in1k] Safe alternative available for 'pytorch_model.bin' (as 'model.safetensors'). Loading weights using safetensors.
> cuda memory allocated: 44781056
> n_trainable_params: 11181642, n_nontrainable_params: 0
> training arguments:
>>> dataset: cifar10
>>> data_dir: data
>>> num_epoch: 100
>>> batch_size: 128
>>> resize: 224
>>> gpus: 0
>>> seed: 7890
>>> lr: 0.001
>>> weight_decay: 0.1
>>> clip_norm: 50
>>> no_data_aug: False
>>> cutout: False
>>> autoaug: False
>>> default_directory: drive/app/torch/save_models
>>> optimizer: adam
>>> device: cuda:2
>>> log_name: cifar10_23-06-04_05-27-49.log
1/100 - 1.00%
[train] loss: 0.0030, acc: 39.51, err: 60.49
[test] loss: 0.0163, acc: 44.31, err: 55.69
2/100 - 2.00%
[train] loss: 0.0028, acc: 46.94, err: 53.06
[test] loss: 0.0160, acc: 43.93, err: 56.07
3/100 - 3.00%
[train] loss: 0.0026, acc: 48.30, err: 51.70
[test] loss: 0.0181, acc: 36.04, err: 63.96
4/100 - 4.00%
[train] loss: 0.0028, acc: 46.98, err: 53.02
[test] loss: 0.0181, acc: 32.00, err: 68.00
5/100 - 5.00%
[train] loss: 0.0029, acc: 44.42, err: 55.58
[test] loss: 0.0258, acc: 18.06, err: 81.94
6/100 - 6.00%
[train] loss: 0.0029, acc: 43.28, err: 56.72
[test] loss: 0.0201, acc: 23.70, err: 76.30
7/100 - 7.00%
[train] loss: 0.0029, acc: 44.37, err: 55.63
[test] loss: 0.0215, acc: 27.03, err: 72.97
8/100 - 8.00%
[train] loss: 0.0029, acc: 45.12, err: 54.88
[test] loss: 0.0192, acc: 32.38, err: 67.62
9/100 - 9.00%
[train] loss: 0.0029, acc: 46.24, err: 53.76
[test] loss: 0.0203, acc: 25.68, err: 74.32
10/100 - 10.00%
[train] loss: 0.0029, acc: 46.77, err: 53.23
[test] loss: 0.0211, acc: 24.27, err: 75.73
11/100 - 11.00%
[train] loss: 0.0029, acc: 47.27, err: 52.73
[test] loss: 0.0176, acc: 39.22, err: 60.78
12/100 - 12.00%
[train] loss: 0.0028, acc: 48.07, err: 51.93
[test] loss: 0.0193, acc: 32.61, err: 67.39
13/100 - 13.00%
[train] loss: 0.0028, acc: 48.43, err: 51.57
[test] loss: 0.0213, acc: 21.57, err: 78.43
14/100 - 14.00%
[train] loss: 0.0028, acc: 49.13, err: 50.87
[test] loss: 0.0171, acc: 40.21, err: 59.79
15/100 - 15.00%
[train] loss: 0.0026, acc: 53.68, err: 46.32
[test] loss: 0.0134, acc: 57.37, err: 42.63
16/100 - 16.00%
[train] loss: 0.0025, acc: 55.18, err: 44.82
[test] loss: 0.0133, acc: 56.17, err: 43.83
17/100 - 17.00%
[train] loss: 0.0025, acc: 55.72, err: 44.28
[test] loss: 0.0131, acc: 57.82, err: 42.18
18/100 - 18.00%
[train] loss: 0.0024, acc: 56.55, err: 43.45
[test] loss: 0.0134, acc: 57.57, err: 42.43
19/100 - 19.00%
[train] loss: 0.0024, acc: 57.02, err: 42.98
[test] loss: 0.0135, acc: 56.70, err: 43.30
20/100 - 20.00%
[train] loss: 0.0024, acc: 57.57, err: 42.43
[test] loss: 0.0131, acc: 57.12, err: 42.88
21/100 - 21.00%
[train] loss: 0.0024, acc: 57.77, err: 42.23
[test] loss: 0.0124, acc: 60.18, err: 39.82
22/100 - 22.00%
[train] loss: 0.0024, acc: 58.34, err: 41.66
[test] loss: 0.0131, acc: 56.00, err: 44.00
23/100 - 23.00%
[train] loss: 0.0023, acc: 58.83, err: 41.17
[test] loss: 0.0131, acc: 56.81, err: 43.19
24/100 - 24.00%
[train] loss: 0.0023, acc: 59.24, err: 40.76
[test] loss: 0.0127, acc: 58.32, err: 41.68
25/100 - 25.00%
[train] loss: 0.0023, acc: 59.45, err: 40.55
[test] loss: 0.0124, acc: 58.88, err: 41.12
26/100 - 26.00%
[train] loss: 0.0023, acc: 59.59, err: 40.41
[test] loss: 0.0123, acc: 59.16, err: 40.84
27/100 - 27.00%
[train] loss: 0.0023, acc: 59.82, err: 40.18
[test] loss: 0.0133, acc: 54.96, err: 45.04
28/100 - 28.00%
[train] loss: 0.0023, acc: 59.98, err: 40.02
[test] loss: 0.0131, acc: 57.94, err: 42.06
29/100 - 29.00%
[train] loss: 0.0023, acc: 60.32, err: 39.68
[test] loss: 0.0124, acc: 59.35, err: 40.65
30/100 - 30.00%
[train] loss: 0.0023, acc: 60.45, err: 39.55
[test] loss: 0.0122, acc: 61.18, err: 38.82
31/100 - 31.00%
[train] loss: 0.0023, acc: 60.88, err: 39.12
[test] loss: 0.0126, acc: 59.93, err: 40.07
32/100 - 32.00%
[train] loss: 0.0022, acc: 61.07, err: 38.93
[test] loss: 0.0123, acc: 59.47, err: 40.53
33/100 - 33.00%
[train] loss: 0.0022, acc: 60.98, err: 39.02
[test] loss: 0.0165, acc: 42.66, err: 57.34
34/100 - 34.00%
[train] loss: 0.0022, acc: 61.05, err: 38.95
[test] loss: 0.0123, acc: 60.43, err: 39.57
35/100 - 35.00%
[train] loss: 0.0022, acc: 61.25, err: 38.75
[test] loss: 0.0121, acc: 59.98, err: 40.02
36/100 - 36.00%
[train] loss: 0.0022, acc: 61.48, err: 38.52
[test] loss: 0.0120, acc: 61.69, err: 38.31
37/100 - 37.00%
[train] loss: 0.0022, acc: 61.53, err: 38.47
[test] loss: 0.0125, acc: 59.05, err: 40.95
38/100 - 38.00%
[train] loss: 0.0022, acc: 61.53, err: 38.47
[test] loss: 0.0131, acc: 57.16, err: 42.84
39/100 - 39.00%
[train] loss: 0.0022, acc: 61.87, err: 38.13
[test] loss: 0.0123, acc: 59.41, err: 40.59
40/100 - 40.00%
[train] loss: 0.0022, acc: 61.98, err: 38.02
[test] loss: 0.0118, acc: 62.61, err: 37.39
41/100 - 41.00%
[train] loss: 0.0022, acc: 62.03, err: 37.97
[test] loss: 0.0124, acc: 60.72, err: 39.28
42/100 - 42.00%
[train] loss: 0.0022, acc: 62.30, err: 37.70
[test] loss: 0.0117, acc: 62.25, err: 37.75
43/100 - 43.00%
[train] loss: 0.0022, acc: 62.42, err: 37.58
[test] loss: 0.0124, acc: 60.11, err: 39.89
44/100 - 44.00%
[train] loss: 0.0022, acc: 62.30, err: 37.70
[test] loss: 0.0120, acc: 61.34, err: 38.66
45/100 - 45.00%
[train] loss: 0.0022, acc: 62.37, err: 37.63
[test] loss: 0.0121, acc: 61.20, err: 38.80
46/100 - 46.00%
[train] loss: 0.0022, acc: 62.50, err: 37.50
[test] loss: 0.0118, acc: 62.64, err: 37.36
47/100 - 47.00%
[train] loss: 0.0022, acc: 62.78, err: 37.22
[test] loss: 0.0120, acc: 60.23, err: 39.77
48/100 - 48.00%
[train] loss: 0.0022, acc: 62.91, err: 37.09
[test] loss: 0.0123, acc: 60.01, err: 39.99
49/100 - 49.00%
[train] loss: 0.0022, acc: 62.99, err: 37.01
[test] loss: 0.0130, acc: 58.00, err: 42.00
50/100 - 50.00%
[train] loss: 0.0022, acc: 62.92, err: 37.08
[test] loss: 0.0123, acc: 60.80, err: 39.20
51/100 - 51.00%
[train] loss: 0.0022, acc: 63.23, err: 36.77
[test] loss: 0.0117, acc: 62.90, err: 37.10
52/100 - 52.00%
[train] loss: 0.0022, acc: 63.29, err: 36.71
[test] loss: 0.0137, acc: 55.94, err: 44.06
53/100 - 53.00%
[train] loss: 0.0021, acc: 63.46, err: 36.54
[test] loss: 0.0114, acc: 64.13, err: 35.87
54/100 - 54.00%
[train] loss: 0.0022, acc: 63.46, err: 36.54
[test] loss: 0.0117, acc: 62.53, err: 37.47
55/100 - 55.00%
[train] loss: 0.0022, acc: 63.52, err: 36.48
[test] loss: 0.0115, acc: 63.68, err: 36.32
56/100 - 56.00%
[train] loss: 0.0022, acc: 63.60, err: 36.40
[test] loss: 0.0125, acc: 60.43, err: 39.57
57/100 - 57.00%
[train] loss: 0.0021, acc: 63.99, err: 36.01
[test] loss: 0.0121, acc: 61.45, err: 38.55
58/100 - 58.00%
[train] loss: 0.0021, acc: 63.90, err: 36.10
[test] loss: 0.0120, acc: 61.78, err: 38.22
59/100 - 59.00%
[train] loss: 0.0021, acc: 64.03, err: 35.97
[test] loss: 0.0118, acc: 63.17, err: 36.83
60/100 - 60.00%
[train] loss: 0.0021, acc: 64.03, err: 35.97
[test] loss: 0.0111, acc: 65.82, err: 34.18
61/100 - 61.00%
[train] loss: 0.0021, acc: 64.08, err: 35.92
[test] loss: 0.0119, acc: 61.15, err: 38.85
62/100 - 62.00%
[train] loss: 0.0021, acc: 64.31, err: 35.69
[test] loss: 0.0116, acc: 63.11, err: 36.89
63/100 - 63.00%
[train] loss: 0.0021, acc: 64.22, err: 35.78
[test] loss: 0.0115, acc: 63.63, err: 36.37
64/100 - 64.00%
[train] loss: 0.0021, acc: 64.30, err: 35.70
[test] loss: 0.0116, acc: 63.88, err: 36.12
65/100 - 65.00%
[train] loss: 0.0021, acc: 64.34, err: 35.66
[test] loss: 0.0117, acc: 63.20, err: 36.80
66/100 - 66.00%
[train] loss: 0.0021, acc: 64.97, err: 35.03
[test] loss: 0.0116, acc: 62.62, err: 37.38
67/100 - 67.00%
[train] loss: 0.0021, acc: 64.68, err: 35.32
[test] loss: 0.0114, acc: 64.25, err: 35.75
68/100 - 68.00%
[train] loss: 0.0021, acc: 64.98, err: 35.02
[test] loss: 0.0114, acc: 65.16, err: 34.84
69/100 - 69.00%
[train] loss: 0.0021, acc: 64.89, err: 35.11
[test] loss: 0.0114, acc: 64.92, err: 35.08
70/100 - 70.00%
[train] loss: 0.0021, acc: 65.05, err: 34.95
[test] loss: 0.0112, acc: 64.80, err: 35.20
71/100 - 71.00%
[train] loss: 0.0021, acc: 65.30, err: 34.70
[test] loss: 0.0111, acc: 65.74, err: 34.26
72/100 - 72.00%
[train] loss: 0.0021, acc: 65.15, err: 34.85
[test] loss: 0.0117, acc: 63.24, err: 36.76
73/100 - 73.00%
[train] loss: 0.0021, acc: 65.19, err: 34.81
[test] loss: 0.0112, acc: 65.68, err: 34.32
74/100 - 74.00%
[train] loss: 0.0021, acc: 65.07, err: 34.93
[test] loss: 0.0112, acc: 66.04, err: 33.96
75/100 - 75.00%
[train] loss: 0.0021, acc: 65.37, err: 34.63
[test] loss: 0.0111, acc: 65.57, err: 34.43
76/100 - 76.00%
[train] loss: 0.0021, acc: 65.62, err: 34.38
[test] loss: 0.0110, acc: 67.20, err: 32.80
77/100 - 77.00%
[train] loss: 0.0021, acc: 65.52, err: 34.48
[test] loss: 0.0108, acc: 66.46, err: 33.54
78/100 - 78.00%
[train] loss: 0.0021, acc: 65.54, err: 34.46
[test] loss: 0.0112, acc: 64.88, err: 35.12
79/100 - 79.00%
[train] loss: 0.0021, acc: 65.81, err: 34.19
[test] loss: 0.0111, acc: 66.39, err: 33.61
80/100 - 80.00%
[train] loss: 0.0021, acc: 65.63, err: 34.37
[test] loss: 0.0120, acc: 62.77, err: 37.23
81/100 - 81.00%
[train] loss: 0.0020, acc: 66.09, err: 33.91
[test] loss: 0.0110, acc: 65.50, err: 34.50
82/100 - 82.00%
[train] loss: 0.0021, acc: 65.97, err: 34.03
[test] loss: 0.0113, acc: 65.32, err: 34.68
83/100 - 83.00%
[train] loss: 0.0021, acc: 65.93, err: 34.07
[test] loss: 0.0112, acc: 66.28, err: 33.72
84/100 - 84.00%
[train] loss: 0.0020, acc: 65.95, err: 34.05
[test] loss: 0.0118, acc: 62.16, err: 37.84
85/100 - 85.00%
[train] loss: 0.0020, acc: 66.12, err: 33.88
[test] loss: 0.0107, acc: 67.09, err: 32.91
86/100 - 86.00%
[train] loss: 0.0021, acc: 66.03, err: 33.97
[test] loss: 0.0107, acc: 67.13, err: 32.87
87/100 - 87.00%
[train] loss: 0.0021, acc: 66.24, err: 33.76
[test] loss: 0.0110, acc: 66.40, err: 33.60
88/100 - 88.00%
[train] loss: 0.0020, acc: 66.31, err: 33.69
[test] loss: 0.0110, acc: 66.06, err: 33.94
89/100 - 89.00%
[train] loss: 0.0020, acc: 66.43, err: 33.57
[test] loss: 0.0112, acc: 65.50, err: 34.50
90/100 - 90.00%
[train] loss: 0.0020, acc: 66.51, err: 33.49
[test] loss: 0.0109, acc: 67.15, err: 32.85
91/100 - 91.00%
[train] loss: 0.0020, acc: 66.39, err: 33.61
[test] loss: 0.0116, acc: 65.52, err: 34.48
92/100 - 92.00%
[train] loss: 0.0020, acc: 66.46, err: 33.54
[test] loss: 0.0111, acc: 65.44, err: 34.56
93/100 - 93.00%
[train] loss: 0.0020, acc: 66.44, err: 33.56
[test] loss: 0.0110, acc: 66.24, err: 33.76
94/100 - 94.00%
[train] loss: 0.0020, acc: 66.52, err: 33.48
[test] loss: 0.0113, acc: 65.31, err: 34.69
95/100 - 95.00%
[train] loss: 0.0020, acc: 66.64, err: 33.36
[test] loss: 0.0108, acc: 66.97, err: 33.03
96/100 - 96.00%
[train] loss: 0.0020, acc: 66.54, err: 33.46
[test] loss: 0.0108, acc: 67.13, err: 32.87
97/100 - 97.00%
[train] loss: 0.0020, acc: 66.62, err: 33.38
[test] loss: 0.0125, acc: 60.93, err: 39.07
98/100 - 98.00%
[train] loss: 0.0020, acc: 66.71, err: 33.29
[test] loss: 0.0109, acc: 66.05, err: 33.95
99/100 - 99.00%
[train] loss: 0.0020, acc: 66.76, err: 33.24
[test] loss: 0.0110, acc: 65.91, err: 34.09
100/100 - 100.00%
[train] loss: 0.0020, acc: 66.85, err: 33.15
[test] loss: 0.0107, acc: 67.09, err: 32.91
best loss: 0.0110, best acc: 67.20, best err: 32.80
log saved: cifar10_23-06-04_05-27-49.log
