Loading pretrained weights from Hugging Face hub (timm/resnet18.a1_in1k)
[timm/resnet18.a1_in1k] Safe alternative available for 'pytorch_model.bin' (as 'model.safetensors'). Loading weights using safetensors.
> cuda memory allocated: 44781056
> n_trainable_params: 11181642, n_nontrainable_params: 0
> training arguments:
>>> dataset: cifar10
>>> data_dir: data
>>> num_epoch: 100
>>> batch_size: 128
>>> resize: 224
>>> gpus: 0
>>> seed: 7890
>>> lr: 0.0001
>>> weight_decay: 0.1
>>> clip_norm: 50
>>> no_data_aug: False
>>> cutout: True
>>> autoaug: True
>>> default_directory: drive/app/torch/save_models
>>> optimizer: adam
>>> device: cuda:2
>>> log_name: cifar10_23-06-04_03-39-40.log
1/100 - 1.00%
[train] loss: 0.0040, acc: 16.32, err: 83.68
[test] loss: 0.0212, acc: 25.76, err: 74.24
2/100 - 2.00%
[train] loss: 0.0038, acc: 24.54, err: 75.46
[test] loss: 0.0199, acc: 34.53, err: 65.47
3/100 - 3.00%
[train] loss: 0.0037, acc: 28.26, err: 71.74
[test] loss: 0.0192, acc: 37.94, err: 62.06
4/100 - 4.00%
[train] loss: 0.0037, acc: 30.05, err: 69.95
[test] loss: 0.0186, acc: 39.21, err: 60.79
5/100 - 5.00%
[train] loss: 0.0036, acc: 30.95, err: 69.05
[test] loss: 0.0181, acc: 41.68, err: 58.32
6/100 - 6.00%
[train] loss: 0.0036, acc: 31.13, err: 68.87
[test] loss: 0.0176, acc: 42.81, err: 57.19
7/100 - 7.00%
[train] loss: 0.0036, acc: 31.75, err: 68.25
[test] loss: 0.0174, acc: 42.72, err: 57.28
8/100 - 8.00%
[train] loss: 0.0035, acc: 32.03, err: 67.97
[test] loss: 0.0168, acc: 44.09, err: 55.91
9/100 - 9.00%
[train] loss: 0.0035, acc: 31.91, err: 68.09
[test] loss: 0.0166, acc: 44.38, err: 55.62
10/100 - 10.00%
[train] loss: 0.0035, acc: 32.52, err: 67.48
[test] loss: 0.0162, acc: 44.40, err: 55.60
11/100 - 11.00%
[train] loss: 0.0034, acc: 32.70, err: 67.30
[test] loss: 0.0157, acc: 45.65, err: 54.35
12/100 - 12.00%
[train] loss: 0.0033, acc: 34.18, err: 65.82
[test] loss: 0.0151, acc: 46.90, err: 53.10
13/100 - 13.00%
[train] loss: 0.0032, acc: 35.05, err: 64.95
[test] loss: 0.0145, acc: 49.80, err: 50.20
14/100 - 14.00%
[train] loss: 0.0032, acc: 37.12, err: 62.88
[test] loss: 0.0140, acc: 50.85, err: 49.15
15/100 - 15.00%
[train] loss: 0.0031, acc: 38.48, err: 61.52
[test] loss: 0.0138, acc: 52.13, err: 47.87
16/100 - 16.00%
[train] loss: 0.0030, acc: 39.09, err: 60.91
[test] loss: 0.0136, acc: 51.76, err: 48.24
17/100 - 17.00%
[train] loss: 0.0030, acc: 40.72, err: 59.28
[test] loss: 0.0132, acc: 53.77, err: 46.23
18/100 - 18.00%
[train] loss: 0.0029, acc: 41.98, err: 58.02
[test] loss: 0.0124, acc: 56.57, err: 43.43
19/100 - 19.00%
[train] loss: 0.0029, acc: 43.21, err: 56.79
[test] loss: 0.0124, acc: 57.11, err: 42.89
20/100 - 20.00%
[train] loss: 0.0028, acc: 43.69, err: 56.31
[test] loss: 0.0118, acc: 58.49, err: 41.51
21/100 - 21.00%
[train] loss: 0.0028, acc: 45.16, err: 54.84
[test] loss: 0.0114, acc: 60.46, err: 39.54
22/100 - 22.00%
[train] loss: 0.0028, acc: 46.09, err: 53.91
[test] loss: 0.0117, acc: 60.74, err: 39.26
23/100 - 23.00%
[train] loss: 0.0027, acc: 46.64, err: 53.36
[test] loss: 0.0110, acc: 62.27, err: 37.73
24/100 - 24.00%
[train] loss: 0.0027, acc: 47.44, err: 52.56
[test] loss: 0.0116, acc: 62.43, err: 37.57
25/100 - 25.00%
[train] loss: 0.0027, acc: 47.74, err: 52.26
[test] loss: 0.0123, acc: 63.31, err: 36.69
26/100 - 26.00%
[train] loss: 0.0026, acc: 48.67, err: 51.33
[test] loss: 0.0105, acc: 64.08, err: 35.92
27/100 - 27.00%
[train] loss: 0.0026, acc: 49.37, err: 50.63
[test] loss: 0.0102, acc: 66.38, err: 33.62
28/100 - 28.00%
[train] loss: 0.0026, acc: 50.05, err: 49.95
[test] loss: 0.0102, acc: 64.09, err: 35.91
29/100 - 29.00%
[train] loss: 0.0026, acc: 50.84, err: 49.16
[test] loss: 0.0173, acc: 65.10, err: 34.90
30/100 - 30.00%
[train] loss: 0.0026, acc: 50.71, err: 49.29
[test] loss: 0.0105, acc: 65.38, err: 34.62
31/100 - 31.00%
[train] loss: 0.0026, acc: 51.33, err: 48.67
[test] loss: 0.0413, acc: 62.29, err: 37.71
32/100 - 32.00%
[train] loss: 0.0025, acc: 50.60, err: 49.40
[test] loss: 0.0113, acc: 64.08, err: 35.92
33/100 - 33.00%
[train] loss: 0.0025, acc: 51.69, err: 48.31
[test] loss: 0.0118, acc: 60.34, err: 39.66
34/100 - 34.00%
[train] loss: 0.0025, acc: 52.12, err: 47.88
[test] loss: 0.0120, acc: 60.72, err: 39.28
35/100 - 35.00%
[train] loss: 0.0025, acc: 52.12, err: 47.88
[test] loss: 0.0123, acc: 65.65, err: 34.35
36/100 - 36.00%
[train] loss: 0.0025, acc: 52.45, err: 47.55
[test] loss: 0.0124, acc: 58.76, err: 41.24
37/100 - 37.00%
[train] loss: 0.0025, acc: 53.36, err: 46.64
[test] loss: 0.0098, acc: 67.26, err: 32.74
38/100 - 38.00%
[train] loss: 0.0025, acc: 53.29, err: 46.71
[test] loss: 0.0104, acc: 65.16, err: 34.84
39/100 - 39.00%
[train] loss: 0.0025, acc: 53.48, err: 46.52
[test] loss: 0.0101, acc: 67.05, err: 32.95
40/100 - 40.00%
[train] loss: 0.0025, acc: 54.30, err: 45.70
[test] loss: 0.0112, acc: 61.94, err: 38.06
41/100 - 41.00%
[train] loss: 0.0025, acc: 54.46, err: 45.54
[test] loss: 0.0129, acc: 56.07, err: 43.93
42/100 - 42.00%
[train] loss: 0.0025, acc: 54.38, err: 45.62
[test] loss: 0.0112, acc: 63.53, err: 36.47
43/100 - 43.00%
[train] loss: 0.0025, acc: 54.55, err: 45.45
[test] loss: 0.0113, acc: 62.83, err: 37.17
44/100 - 44.00%
[train] loss: 0.0025, acc: 54.45, err: 45.55
[test] loss: 0.0119, acc: 60.33, err: 39.67
45/100 - 45.00%
[train] loss: 0.0025, acc: 54.82, err: 45.18
[test] loss: 0.0107, acc: 65.31, err: 34.69
46/100 - 46.00%
[train] loss: 0.0025, acc: 54.87, err: 45.13
[test] loss: 0.0110, acc: 63.77, err: 36.23
47/100 - 47.00%
[train] loss: 0.0025, acc: 55.04, err: 44.96
[test] loss: 0.0097, acc: 69.34, err: 30.66
48/100 - 48.00%
[train] loss: 0.0025, acc: 55.35, err: 44.65
[test] loss: 0.0134, acc: 56.96, err: 43.04
49/100 - 49.00%
[train] loss: 0.0025, acc: 55.25, err: 44.75
[test] loss: 0.0098, acc: 69.90, err: 30.10
50/100 - 50.00%
[train] loss: 0.0025, acc: 55.57, err: 44.43
[test] loss: 0.0130, acc: 58.01, err: 41.99
51/100 - 51.00%
[train] loss: 0.0025, acc: 55.61, err: 44.39
[test] loss: 0.0126, acc: 57.98, err: 42.02
52/100 - 52.00%
[train] loss: 0.0025, acc: 55.78, err: 44.22
[test] loss: 0.0125, acc: 60.13, err: 39.87
53/100 - 53.00%
[train] loss: 0.0025, acc: 55.49, err: 44.51
[test] loss: 0.0101, acc: 68.42, err: 31.58
54/100 - 54.00%
[train] loss: 0.0025, acc: 55.75, err: 44.25
[test] loss: 0.0106, acc: 67.10, err: 32.90
55/100 - 55.00%
[train] loss: 0.0025, acc: 55.87, err: 44.13
[test] loss: 0.0107, acc: 66.60, err: 33.40
56/100 - 56.00%
[train] loss: 0.0025, acc: 56.10, err: 43.90
[test] loss: 0.0120, acc: 61.13, err: 38.87
57/100 - 57.00%
[train] loss: 0.0025, acc: 55.86, err: 44.14
[test] loss: 0.0099, acc: 70.18, err: 29.82
58/100 - 58.00%
[train] loss: 0.0023, acc: 59.86, err: 40.14
[test] loss: 0.0084, acc: 75.83, err: 24.17
59/100 - 59.00%
[train] loss: 0.0022, acc: 61.36, err: 38.64
[test] loss: 0.0083, acc: 76.44, err: 23.56
60/100 - 60.00%
[train] loss: 0.0022, acc: 61.86, err: 38.14
[test] loss: 0.0082, acc: 76.50, err: 23.50
61/100 - 61.00%
[train] loss: 0.0022, acc: 61.67, err: 38.33
[test] loss: 0.0082, acc: 76.62, err: 23.38
62/100 - 62.00%
[train] loss: 0.0022, acc: 62.24, err: 37.76
[test] loss: 0.0080, acc: 76.98, err: 23.02
63/100 - 63.00%
[train] loss: 0.0022, acc: 62.37, err: 37.63
[test] loss: 0.0080, acc: 77.19, err: 22.81
64/100 - 64.00%
[train] loss: 0.0022, acc: 62.70, err: 37.30
[test] loss: 0.0079, acc: 77.63, err: 22.37
65/100 - 65.00%
[train] loss: 0.0022, acc: 62.80, err: 37.20
[test] loss: 0.0079, acc: 77.64, err: 22.36
66/100 - 66.00%
[train] loss: 0.0022, acc: 62.97, err: 37.03
[test] loss: 0.0080, acc: 77.49, err: 22.51
67/100 - 67.00%
[train] loss: 0.0022, acc: 62.85, err: 37.15
[test] loss: 0.0079, acc: 77.84, err: 22.16
68/100 - 68.00%
[train] loss: 0.0021, acc: 63.45, err: 36.55
[test] loss: 0.0079, acc: 78.03, err: 21.97
69/100 - 69.00%
[train] loss: 0.0022, acc: 63.33, err: 36.67
[test] loss: 0.0078, acc: 78.59, err: 21.41
70/100 - 70.00%
[train] loss: 0.0021, acc: 63.12, err: 36.88
[test] loss: 0.0078, acc: 78.41, err: 21.59
71/100 - 71.00%
[train] loss: 0.0021, acc: 63.59, err: 36.41
[test] loss: 0.0079, acc: 78.01, err: 21.99
72/100 - 72.00%
[train] loss: 0.0022, acc: 63.40, err: 36.60
[test] loss: 0.0078, acc: 78.27, err: 21.73
73/100 - 73.00%
[train] loss: 0.0021, acc: 63.93, err: 36.07
[test] loss: 0.0078, acc: 78.32, err: 21.68
74/100 - 74.00%
[train] loss: 0.0021, acc: 63.98, err: 36.02
[test] loss: 0.0077, acc: 78.66, err: 21.34
75/100 - 75.00%
[train] loss: 0.0021, acc: 63.93, err: 36.07
[test] loss: 0.0077, acc: 78.35, err: 21.65
76/100 - 76.00%
[train] loss: 0.0021, acc: 64.22, err: 35.78
[test] loss: 0.0077, acc: 78.86, err: 21.14
77/100 - 77.00%
[train] loss: 0.0021, acc: 64.12, err: 35.88
[test] loss: 0.0077, acc: 78.43, err: 21.57
78/100 - 78.00%
[train] loss: 0.0021, acc: 64.23, err: 35.77
[test] loss: 0.0078, acc: 78.85, err: 21.15
79/100 - 79.00%
[train] loss: 0.0021, acc: 64.68, err: 35.32
[test] loss: 0.0077, acc: 79.03, err: 20.97
80/100 - 80.00%
[train] loss: 0.0021, acc: 64.31, err: 35.69
[test] loss: 0.0076, acc: 78.83, err: 21.17
81/100 - 81.00%
[train] loss: 0.0021, acc: 64.73, err: 35.27
[test] loss: 0.0076, acc: 78.76, err: 21.24
82/100 - 82.00%
[train] loss: 0.0021, acc: 64.49, err: 35.51
[test] loss: 0.0076, acc: 79.47, err: 20.53
83/100 - 83.00%
[train] loss: 0.0021, acc: 64.63, err: 35.37
[test] loss: 0.0075, acc: 79.49, err: 20.51
84/100 - 84.00%
[train] loss: 0.0021, acc: 64.52, err: 35.48
[test] loss: 0.0077, acc: 78.87, err: 21.13
85/100 - 85.00%
[train] loss: 0.0021, acc: 65.00, err: 35.00
[test] loss: 0.0076, acc: 78.95, err: 21.05
86/100 - 86.00%
[train] loss: 0.0021, acc: 64.72, err: 35.28
[test] loss: 0.0074, acc: 79.61, err: 20.39
87/100 - 87.00%
[train] loss: 0.0021, acc: 64.73, err: 35.27
[test] loss: 0.0075, acc: 79.42, err: 20.58
88/100 - 88.00%
[train] loss: 0.0021, acc: 64.99, err: 35.01
[test] loss: 0.0077, acc: 78.55, err: 21.45
89/100 - 89.00%
[train] loss: 0.0021, acc: 64.99, err: 35.01
[test] loss: 0.0078, acc: 78.21, err: 21.79
90/100 - 90.00%
[train] loss: 0.0021, acc: 65.21, err: 34.79
[test] loss: 0.0074, acc: 79.68, err: 20.32
91/100 - 91.00%
[train] loss: 0.0021, acc: 65.13, err: 34.87
[test] loss: 0.0074, acc: 79.63, err: 20.37
92/100 - 92.00%
[train] loss: 0.0021, acc: 64.95, err: 35.05
[test] loss: 0.0076, acc: 79.28, err: 20.72
93/100 - 93.00%
[train] loss: 0.0021, acc: 65.26, err: 34.74
[test] loss: 0.0075, acc: 79.55, err: 20.45
94/100 - 94.00%
[train] loss: 0.0021, acc: 65.23, err: 34.77
[test] loss: 0.0074, acc: 79.66, err: 20.34
95/100 - 95.00%
[train] loss: 0.0021, acc: 65.45, err: 34.55
[test] loss: 0.0073, acc: 79.64, err: 20.36
96/100 - 96.00%
[train] loss: 0.0020, acc: 65.29, err: 34.71
[test] loss: 0.0073, acc: 80.10, err: 19.90
97/100 - 97.00%
[train] loss: 0.0021, acc: 65.35, err: 34.65
[test] loss: 0.0073, acc: 79.99, err: 20.01
98/100 - 98.00%
[train] loss: 0.0021, acc: 65.72, err: 34.28
[test] loss: 0.0075, acc: 79.29, err: 20.71
99/100 - 99.00%
[train] loss: 0.0021, acc: 65.50, err: 34.50
[test] loss: 0.0075, acc: 79.28, err: 20.72
100/100 - 100.00%
[train] loss: 0.0020, acc: 65.59, err: 34.41
[test] loss: 0.0074, acc: 80.14, err: 19.86
best loss: 0.0074, best acc: 80.14, best err: 19.86
log saved: cifar10_23-06-04_03-39-40.log
