Loading pretrained weights from Hugging Face hub (timm/resnet18.a1_in1k)
[timm/resnet18.a1_in1k] Safe alternative available for 'pytorch_model.bin' (as 'model.safetensors'). Loading weights using safetensors.
> cuda memory allocated: 44781056
> n_trainable_params: 11181642, n_nontrainable_params: 0
> training arguments:
>>> dataset: cifar10
>>> data_dir: data
>>> num_epoch: 100
>>> batch_size: 128
>>> resize: 224
>>> gpus: 0
>>> seed: 7890
>>> lr: 0.05
>>> weight_decay: 0.0
>>> clip_norm: 50
>>> no_data_aug: False
>>> cutout: True
>>> autoaug: True
>>> default_directory: drive/app/torch/save_models
>>> optimizer: adam
>>> device: cuda:2
>>> log_name: cifar10_23-06-04_12-16-36.log
1/100 - 1.00%
[train] loss: 0.0038, acc: 16.16, err: 83.84
[test] loss: 0.0194, acc: 22.36, err: 77.64
2/100 - 2.00%
[train] loss: 0.0036, acc: 20.49, err: 79.51
[test] loss: 0.0204, acc: 20.89, err: 79.11
3/100 - 3.00%
[train] loss: 0.0035, acc: 24.05, err: 75.95
[test] loss: 0.0170, acc: 31.74, err: 68.26
4/100 - 4.00%
[train] loss: 0.0034, acc: 26.26, err: 73.74
[test] loss: 0.0174, acc: 30.95, err: 69.05
5/100 - 5.00%
[train] loss: 0.0033, acc: 29.36, err: 70.64
[test] loss: 0.0162, acc: 37.22, err: 62.78
6/100 - 6.00%
[train] loss: 0.0032, acc: 32.17, err: 67.83
[test] loss: 0.0143, acc: 45.07, err: 54.93
7/100 - 7.00%
[train] loss: 0.0030, acc: 37.10, err: 62.90
[test] loss: 0.0133, acc: 51.51, err: 48.49
8/100 - 8.00%
[train] loss: 0.0029, acc: 40.03, err: 59.97
[test] loss: 0.0129, acc: 53.35, err: 46.65
9/100 - 9.00%
[train] loss: 0.0028, acc: 42.26, err: 57.74
[test] loss: 0.0123, acc: 54.61, err: 45.39
10/100 - 10.00%
[train] loss: 0.0028, acc: 44.26, err: 55.74
[test] loss: 0.0117, acc: 58.42, err: 41.58
11/100 - 11.00%
[train] loss: 0.0027, acc: 46.35, err: 53.65
[test] loss: 0.0123, acc: 56.87, err: 43.13
12/100 - 12.00%
[train] loss: 0.0026, acc: 47.67, err: 52.33
[test] loss: 0.0110, acc: 61.09, err: 38.91
13/100 - 13.00%
[train] loss: 0.0026, acc: 48.16, err: 51.84
[test] loss: 0.0107, acc: 63.17, err: 36.83
14/100 - 14.00%
[train] loss: 0.0025, acc: 50.15, err: 49.85
[test] loss: 0.0110, acc: 64.05, err: 35.95
15/100 - 15.00%
[train] loss: 0.0025, acc: 51.04, err: 48.96
[test] loss: 0.0107, acc: 62.52, err: 37.48
16/100 - 16.00%
[train] loss: 0.0025, acc: 51.57, err: 48.43
[test] loss: 0.0135, acc: 61.81, err: 38.19
17/100 - 17.00%
[train] loss: 0.0025, acc: 52.24, err: 47.76
[test] loss: 0.0143, acc: 59.47, err: 40.53
18/100 - 18.00%
[train] loss: 0.0024, acc: 53.34, err: 46.66
[test] loss: 0.0100, acc: 67.65, err: 32.35
19/100 - 19.00%
[train] loss: 0.0024, acc: 52.88, err: 47.12
[test] loss: 0.0095, acc: 68.59, err: 31.41
20/100 - 20.00%
[train] loss: 0.0024, acc: 54.38, err: 45.62
[test] loss: 0.0093, acc: 69.43, err: 30.57
21/100 - 21.00%
[train] loss: 0.0023, acc: 55.65, err: 44.35
[test] loss: 0.0095, acc: 68.47, err: 31.53
22/100 - 22.00%
[train] loss: 0.0023, acc: 55.60, err: 44.40
[test] loss: 0.0119, acc: 65.26, err: 34.74
23/100 - 23.00%
[train] loss: 0.0023, acc: 56.26, err: 43.74
[test] loss: 0.0084, acc: 72.63, err: 27.37
24/100 - 24.00%
[train] loss: 0.0022, acc: 56.89, err: 43.11
[test] loss: 0.0083, acc: 72.27, err: 27.73
25/100 - 25.00%
[train] loss: 0.0022, acc: 57.54, err: 42.46
[test] loss: 0.0081, acc: 72.47, err: 27.53
26/100 - 26.00%
[train] loss: 0.0022, acc: 58.14, err: 41.86
[test] loss: 0.0081, acc: 72.85, err: 27.15
27/100 - 27.00%
[train] loss: 0.0022, acc: 58.29, err: 41.71
[test] loss: 0.0087, acc: 70.29, err: 29.71
28/100 - 28.00%
[train] loss: 0.0021, acc: 58.44, err: 41.56
[test] loss: 0.0085, acc: 73.30, err: 26.70
29/100 - 29.00%
[train] loss: 0.0021, acc: 59.25, err: 40.75
[test] loss: 0.0074, acc: 75.33, err: 24.67
30/100 - 30.00%
[train] loss: 0.0022, acc: 59.07, err: 40.93
[test] loss: 0.0081, acc: 71.68, err: 28.32
31/100 - 31.00%
[train] loss: 0.0021, acc: 60.22, err: 39.78
[test] loss: 0.0081, acc: 74.57, err: 25.43
32/100 - 32.00%
[train] loss: 0.0021, acc: 60.23, err: 39.77
[test] loss: 0.0077, acc: 74.13, err: 25.87
33/100 - 33.00%
[train] loss: 0.0021, acc: 60.58, err: 39.42
[test] loss: 0.0083, acc: 73.11, err: 26.89
34/100 - 34.00%
[train] loss: 0.0021, acc: 60.70, err: 39.30
[test] loss: 0.0084, acc: 73.68, err: 26.32
35/100 - 35.00%
[train] loss: 0.0021, acc: 61.02, err: 38.98
[test] loss: 0.0093, acc: 73.60, err: 26.40
36/100 - 36.00%
[train] loss: 0.0021, acc: 61.37, err: 38.63
[test] loss: 0.0078, acc: 74.93, err: 25.07
37/100 - 37.00%
[train] loss: 0.0020, acc: 61.93, err: 38.07
[test] loss: 0.0073, acc: 75.31, err: 24.69
38/100 - 38.00%
[train] loss: 0.0020, acc: 61.95, err: 38.05
[test] loss: 0.0076, acc: 76.07, err: 23.93
39/100 - 39.00%
[train] loss: 0.0020, acc: 62.83, err: 37.17
[test] loss: 0.0076, acc: 77.00, err: 23.00
40/100 - 40.00%
[train] loss: 0.0020, acc: 62.37, err: 37.63
[test] loss: 0.0078, acc: 75.53, err: 24.47
41/100 - 41.00%
[train] loss: 0.0020, acc: 62.99, err: 37.01
[test] loss: 0.0072, acc: 77.78, err: 22.22
42/100 - 42.00%
[train] loss: 0.0020, acc: 62.60, err: 37.40
[test] loss: 0.0127, acc: 64.32, err: 35.68
43/100 - 43.00%
[train] loss: 0.0020, acc: 63.29, err: 36.71
[test] loss: 0.0096, acc: 77.01, err: 22.99
44/100 - 44.00%
[train] loss: 0.0020, acc: 62.95, err: 37.05
[test] loss: 0.0204, acc: 75.42, err: 24.58
45/100 - 45.00%
[train] loss: 0.0020, acc: 63.32, err: 36.68
[test] loss: 0.0185, acc: 76.48, err: 23.52
46/100 - 46.00%
[train] loss: 0.0020, acc: 63.83, err: 36.17
[test] loss: 0.0085, acc: 75.33, err: 24.67
47/100 - 47.00%
[train] loss: 0.0019, acc: 64.14, err: 35.86
[test] loss: 0.0337, acc: 76.36, err: 23.64
48/100 - 48.00%
[train] loss: 0.0020, acc: 63.92, err: 36.08
[test] loss: 0.0311, acc: 75.28, err: 24.72
49/100 - 49.00%
[train] loss: 0.0019, acc: 64.22, err: 35.78
[test] loss: 0.0102, acc: 77.89, err: 22.11
50/100 - 50.00%
[train] loss: 0.0019, acc: 64.82, err: 35.18
[test] loss: 0.0154, acc: 77.20, err: 22.80
51/100 - 51.00%
[train] loss: 0.0020, acc: 64.78, err: 35.22
[test] loss: 0.0193, acc: 76.13, err: 23.87
52/100 - 52.00%
[train] loss: 0.0019, acc: 64.65, err: 35.35
[test] loss: 0.0305, acc: 77.47, err: 22.53
53/100 - 53.00%
[train] loss: 0.0021, acc: 64.42, err: 35.58
[test] loss: 0.0295, acc: 77.70, err: 22.30
54/100 - 54.00%
[train] loss: 0.0019, acc: 64.46, err: 35.54
[test] loss: 0.0144, acc: 75.99, err: 24.01
55/100 - 55.00%
[train] loss: 0.0019, acc: 65.11, err: 34.89
[test] loss: 0.0127, acc: 77.99, err: 22.01
56/100 - 56.00%
[train] loss: 0.0019, acc: 65.81, err: 34.19
[test] loss: 0.0130, acc: 78.55, err: 21.45
57/100 - 57.00%
[train] loss: 0.0019, acc: 66.08, err: 33.92
[test] loss: 0.0077, acc: 80.06, err: 19.94
58/100 - 58.00%
[train] loss: 0.0019, acc: 66.07, err: 33.93
[test] loss: 0.0092, acc: 79.58, err: 20.42
59/100 - 59.00%
[train] loss: 0.0018, acc: 66.68, err: 33.32
[test] loss: 0.0082, acc: 80.74, err: 19.26
60/100 - 60.00%
[train] loss: 0.0018, acc: 66.30, err: 33.70
[test] loss: 0.0094, acc: 79.42, err: 20.58
61/100 - 61.00%
[train] loss: 0.0018, acc: 66.43, err: 33.57
[test] loss: 0.0133, acc: 79.46, err: 20.54
62/100 - 62.00%
[train] loss: 0.0018, acc: 66.66, err: 33.34
[test] loss: 0.0152, acc: 76.80, err: 23.20
63/100 - 63.00%
[train] loss: 0.0018, acc: 65.97, err: 34.03
[test] loss: 0.0088, acc: 79.45, err: 20.55
64/100 - 64.00%
[train] loss: 0.0018, acc: 66.78, err: 33.22
[test] loss: 0.0503, acc: 75.29, err: 24.71
65/100 - 65.00%
[train] loss: 0.0019, acc: 66.70, err: 33.30
[test] loss: 0.0058, acc: 82.04, err: 17.96
66/100 - 66.00%
[train] loss: 0.0018, acc: 67.05, err: 32.95
[test] loss: 0.0062, acc: 80.40, err: 19.60
67/100 - 67.00%
[train] loss: 0.0019, acc: 66.87, err: 33.13
[test] loss: 0.0064, acc: 80.24, err: 19.76
68/100 - 68.00%
[train] loss: 0.0018, acc: 67.13, err: 32.87
[test] loss: 0.0061, acc: 80.27, err: 19.73
69/100 - 69.00%
[train] loss: 0.0018, acc: 67.05, err: 32.95
[test] loss: 0.0065, acc: 82.00, err: 18.00
70/100 - 70.00%
[train] loss: 0.0018, acc: 67.26, err: 32.74
[test] loss: 0.0058, acc: 81.70, err: 18.30
71/100 - 71.00%
[train] loss: 0.0017, acc: 67.64, err: 32.36
[test] loss: 0.0058, acc: 81.89, err: 18.11
72/100 - 72.00%
[train] loss: 0.0018, acc: 67.35, err: 32.65
[test] loss: 0.0057, acc: 82.17, err: 17.83
73/100 - 73.00%
[train] loss: 0.0017, acc: 67.59, err: 32.41
[test] loss: 0.0070, acc: 80.65, err: 19.35
74/100 - 74.00%
[train] loss: 0.0018, acc: 67.98, err: 32.02
[test] loss: 0.0057, acc: 82.50, err: 17.50
75/100 - 75.00%
[train] loss: 0.0018, acc: 68.42, err: 31.58
[test] loss: 0.0058, acc: 81.67, err: 18.33
76/100 - 76.00%
[train] loss: 0.0017, acc: 67.87, err: 32.13
[test] loss: 0.0057, acc: 81.65, err: 18.35
77/100 - 77.00%
[train] loss: 0.0017, acc: 68.24, err: 31.76
[test] loss: 0.0058, acc: 81.84, err: 18.16
78/100 - 78.00%
[train] loss: 0.0018, acc: 68.21, err: 31.79
[test] loss: 0.0057, acc: 82.24, err: 17.76
79/100 - 79.00%
[train] loss: 0.0017, acc: 68.46, err: 31.54
[test] loss: 0.0085, acc: 82.03, err: 17.97
80/100 - 80.00%
[train] loss: 0.0017, acc: 68.24, err: 31.76
[test] loss: 0.0062, acc: 81.55, err: 18.45
81/100 - 81.00%
[train] loss: 0.0017, acc: 68.35, err: 31.65
[test] loss: 0.0055, acc: 83.18, err: 16.82
82/100 - 82.00%
[train] loss: 0.0017, acc: 68.76, err: 31.24
[test] loss: 0.0055, acc: 82.84, err: 17.16
83/100 - 83.00%
[train] loss: 0.0018, acc: 68.55, err: 31.45
[test] loss: 0.0055, acc: 82.48, err: 17.52
84/100 - 84.00%
[train] loss: 0.0018, acc: 68.66, err: 31.34
[test] loss: 0.0057, acc: 81.80, err: 18.20
85/100 - 85.00%
[train] loss: 0.0017, acc: 69.02, err: 30.98
[test] loss: 0.0053, acc: 83.06, err: 16.94
86/100 - 86.00%
[train] loss: 0.0017, acc: 69.04, err: 30.96
[test] loss: 0.0059, acc: 81.89, err: 18.11
87/100 - 87.00%
[train] loss: 0.0017, acc: 69.05, err: 30.95
[test] loss: 0.0056, acc: 83.02, err: 16.98
88/100 - 88.00%
[train] loss: 0.0017, acc: 68.83, err: 31.17
[test] loss: 0.0058, acc: 82.26, err: 17.74
89/100 - 89.00%
[train] loss: 0.0017, acc: 69.11, err: 30.89
[test] loss: 0.0076, acc: 78.16, err: 21.84
90/100 - 90.00%
[train] loss: 0.0017, acc: 68.54, err: 31.46
[test] loss: 0.0055, acc: 82.82, err: 17.18
91/100 - 91.00%
[train] loss: 0.0016, acc: 69.55, err: 30.45
[test] loss: 0.0054, acc: 83.12, err: 16.88
92/100 - 92.00%
[train] loss: 0.0017, acc: 69.87, err: 30.13
[test] loss: 0.0057, acc: 82.11, err: 17.89
93/100 - 93.00%
[train] loss: 0.0017, acc: 69.57, err: 30.43
[test] loss: 0.0057, acc: 81.66, err: 18.34
94/100 - 94.00%
[train] loss: 0.0017, acc: 69.50, err: 30.50
[test] loss: 0.0054, acc: 83.08, err: 16.92
95/100 - 95.00%
[train] loss: 0.0017, acc: 69.74, err: 30.26
[test] loss: 0.0054, acc: 82.84, err: 17.16
96/100 - 96.00%
[train] loss: 0.0017, acc: 69.36, err: 30.64
[test] loss: 0.0054, acc: 83.36, err: 16.64
97/100 - 97.00%
[train] loss: 0.0017, acc: 69.59, err: 30.41
[test] loss: 0.0052, acc: 83.59, err: 16.41
98/100 - 98.00%
[train] loss: 0.0017, acc: 69.92, err: 30.08
[test] loss: 0.0055, acc: 82.83, err: 17.17
99/100 - 99.00%
[train] loss: 0.0016, acc: 69.91, err: 30.09
[test] loss: 0.0057, acc: 82.58, err: 17.42
100/100 - 100.00%
[train] loss: 0.0017, acc: 69.91, err: 30.09
[test] loss: 0.0054, acc: 82.21, err: 17.79
best loss: 0.0052, best acc: 83.59, best err: 16.41
log saved: cifar10_23-06-04_12-16-36.log
