Loading pretrained weights from Hugging Face hub (timm/resnet18.a1_in1k)
[timm/resnet18.a1_in1k] Safe alternative available for 'pytorch_model.bin' (as 'model.safetensors'). Loading weights using safetensors.
> cuda memory allocated: 44781056
> n_trainable_params: 11181642, n_nontrainable_params: 0
> training arguments:
>>> dataset: cifar10
>>> data_dir: data
>>> num_epoch: 200
>>> batch_size: 128
>>> resize: 224
>>> gpus: 0
>>> seed: 7890
>>> lr: 0.0001
>>> weight_decay: 0.001
>>> clip_norm: 50
>>> no_data_aug: False
>>> cutout: False
>>> autoaug: False
>>> default_directory: drive/app/torch/save_models
>>> optimizer: Adam
>>> device: cuda:2
>>> log_name: cifar10_23-06-03_17-49-04.log
1/200 - 0.50%
[train] loss: 0.0032, acc: 27.62, err: 72.38
[test] loss: 0.0165, acc: 44.98, err: 55.02
2/200 - 1.00%
[train] loss: 0.0023, acc: 50.63, err: 49.37
[test] loss: 0.0117, acc: 59.89, err: 40.11
3/200 - 1.50%
[train] loss: 0.0020, acc: 60.56, err: 39.44
[test] loss: 0.0099, acc: 65.51, err: 34.49
4/200 - 2.00%
[train] loss: 0.0017, acc: 65.24, err: 34.76
[test] loss: 0.0089, acc: 69.20, err: 30.80
5/200 - 2.50%
[train] loss: 0.0016, acc: 68.63, err: 31.37
[test] loss: 0.0081, acc: 71.90, err: 28.10
6/200 - 3.00%
[train] loss: 0.0015, acc: 71.21, err: 28.79
[test] loss: 0.0075, acc: 74.14, err: 25.86
7/200 - 3.50%
[train] loss: 0.0014, acc: 73.02, err: 26.98
[test] loss: 0.0071, acc: 75.20, err: 24.80
8/200 - 4.00%
[train] loss: 0.0013, acc: 74.61, err: 25.39
[test] loss: 0.0067, acc: 76.94, err: 23.06
9/200 - 4.50%
[train] loss: 0.0012, acc: 76.04, err: 23.96
[test] loss: 0.0064, acc: 78.04, err: 21.96
10/200 - 5.00%
[train] loss: 0.0012, acc: 77.11, err: 22.89
[test] loss: 0.0061, acc: 78.57, err: 21.43
11/200 - 5.50%
[train] loss: 0.0012, acc: 78.21, err: 21.79
[test] loss: 0.0059, acc: 79.57, err: 20.43
12/200 - 6.00%
[train] loss: 0.0011, acc: 79.19, err: 20.81
[test] loss: 0.0057, acc: 79.87, err: 20.13
13/200 - 6.50%
[train] loss: 0.0010, acc: 80.09, err: 19.91
[test] loss: 0.0055, acc: 80.58, err: 19.42
14/200 - 7.00%
[train] loss: 0.0010, acc: 81.13, err: 18.87
[test] loss: 0.0053, acc: 81.61, err: 18.39
15/200 - 7.50%
[train] loss: 0.0010, acc: 81.72, err: 18.28
[test] loss: 0.0052, acc: 81.81, err: 18.19
16/200 - 8.00%
[train] loss: 0.0009, acc: 82.31, err: 17.69
[test] loss: 0.0051, acc: 82.37, err: 17.63
17/200 - 8.50%
[train] loss: 0.0009, acc: 82.89, err: 17.11
[test] loss: 0.0050, acc: 82.89, err: 17.11
18/200 - 9.00%
[train] loss: 0.0009, acc: 83.62, err: 16.38
[test] loss: 0.0049, acc: 83.07, err: 16.93
19/200 - 9.50%
[train] loss: 0.0008, acc: 84.25, err: 15.75
[test] loss: 0.0048, acc: 83.59, err: 16.41
20/200 - 10.00%
[train] loss: 0.0008, acc: 84.80, err: 15.20
[test] loss: 0.0048, acc: 83.44, err: 16.56
21/200 - 10.50%
[train] loss: 0.0008, acc: 85.33, err: 14.67
[test] loss: 0.0047, acc: 84.07, err: 15.93
22/200 - 11.00%
[train] loss: 0.0008, acc: 85.68, err: 14.32
[test] loss: 0.0047, acc: 84.27, err: 15.73
23/200 - 11.50%
[train] loss: 0.0007, acc: 86.08, err: 13.92
[test] loss: 0.0046, acc: 84.50, err: 15.50
24/200 - 12.00%
[train] loss: 0.0007, acc: 86.81, err: 13.19
[test] loss: 0.0045, acc: 84.42, err: 15.58
25/200 - 12.50%
[train] loss: 0.0007, acc: 87.15, err: 12.85
[test] loss: 0.0045, acc: 84.72, err: 15.28
26/200 - 13.00%
[train] loss: 0.0006, acc: 87.44, err: 12.56
[test] loss: 0.0045, acc: 84.97, err: 15.03
27/200 - 13.50%
[train] loss: 0.0006, acc: 87.91, err: 12.09
[test] loss: 0.0045, acc: 84.97, err: 15.03
28/200 - 14.00%
[train] loss: 0.0006, acc: 88.11, err: 11.89
[test] loss: 0.0044, acc: 85.43, err: 14.57
29/200 - 14.50%
[train] loss: 0.0006, acc: 88.64, err: 11.36
[test] loss: 0.0044, acc: 85.46, err: 14.54
30/200 - 15.00%
[train] loss: 0.0006, acc: 88.97, err: 11.03
[test] loss: 0.0044, acc: 85.42, err: 14.58
31/200 - 15.50%
[train] loss: 0.0006, acc: 89.37, err: 10.63
[test] loss: 0.0043, acc: 85.58, err: 14.42
32/200 - 16.00%
[train] loss: 0.0006, acc: 89.72, err: 10.28
[test] loss: 0.0044, acc: 86.06, err: 13.94
33/200 - 16.50%
[train] loss: 0.0005, acc: 90.07, err: 9.93
[test] loss: 0.0044, acc: 85.62, err: 14.38
34/200 - 17.00%
[train] loss: 0.0005, acc: 90.23, err: 9.77
[test] loss: 0.0045, acc: 85.39, err: 14.61
35/200 - 17.50%
[train] loss: 0.0005, acc: 90.49, err: 9.51
[test] loss: 0.0044, acc: 85.93, err: 14.07
36/200 - 18.00%
[train] loss: 0.0005, acc: 90.93, err: 9.07
[test] loss: 0.0044, acc: 86.01, err: 13.99
37/200 - 18.50%
[train] loss: 0.0005, acc: 91.00, err: 9.00
[test] loss: 0.0044, acc: 86.24, err: 13.76
38/200 - 19.00%
[train] loss: 0.0005, acc: 91.36, err: 8.64
[test] loss: 0.0044, acc: 86.37, err: 13.63
39/200 - 19.50%
[train] loss: 0.0005, acc: 91.79, err: 8.21
[test] loss: 0.0044, acc: 85.84, err: 14.16
40/200 - 20.00%
[train] loss: 0.0004, acc: 92.04, err: 7.96
[test] loss: 0.0044, acc: 86.21, err: 13.79
41/200 - 20.50%
[train] loss: 0.0004, acc: 92.25, err: 7.75
[test] loss: 0.0044, acc: 86.16, err: 13.84
42/200 - 21.00%
[train] loss: 0.0004, acc: 92.37, err: 7.63
[test] loss: 0.0045, acc: 85.92, err: 14.08
43/200 - 21.50%
[train] loss: 0.0004, acc: 92.67, err: 7.33
[test] loss: 0.0045, acc: 86.46, err: 13.54
44/200 - 22.00%
[train] loss: 0.0004, acc: 92.75, err: 7.25
[test] loss: 0.0046, acc: 85.89, err: 14.11
45/200 - 22.50%
[train] loss: 0.0004, acc: 92.95, err: 7.05
[test] loss: 0.0045, acc: 86.06, err: 13.94
46/200 - 23.00%
[train] loss: 0.0004, acc: 93.17, err: 6.83
[test] loss: 0.0045, acc: 86.40, err: 13.60
47/200 - 23.50%
[train] loss: 0.0004, acc: 93.44, err: 6.56
[test] loss: 0.0046, acc: 86.38, err: 13.62
48/200 - 24.00%
[train] loss: 0.0003, acc: 93.52, err: 6.48
[test] loss: 0.0046, acc: 86.00, err: 14.00
49/200 - 24.50%
[train] loss: 0.0004, acc: 93.56, err: 6.44
[test] loss: 0.0046, acc: 86.10, err: 13.90
50/200 - 25.00%
[train] loss: 0.0003, acc: 93.61, err: 6.39
[test] loss: 0.0046, acc: 86.68, err: 13.32
51/200 - 25.50%
[train] loss: 0.0003, acc: 93.91, err: 6.09
[test] loss: 0.0045, acc: 86.53, err: 13.47
52/200 - 26.00%
[train] loss: 0.0003, acc: 93.88, err: 6.12
[test] loss: 0.0048, acc: 85.94, err: 14.06
53/200 - 26.50%
[train] loss: 0.0003, acc: 94.21, err: 5.79
[test] loss: 0.0047, acc: 86.08, err: 13.92
54/200 - 27.00%
[train] loss: 0.0003, acc: 94.36, err: 5.64
[test] loss: 0.0045, acc: 86.54, err: 13.46
55/200 - 27.50%
[train] loss: 0.0003, acc: 94.49, err: 5.51
[test] loss: 0.0046, acc: 86.67, err: 13.33
56/200 - 28.00%
[train] loss: 0.0003, acc: 94.49, err: 5.51
[test] loss: 0.0047, acc: 86.40, err: 13.60
57/200 - 28.50%
[train] loss: 0.0003, acc: 94.62, err: 5.38
[test] loss: 0.0047, acc: 86.24, err: 13.76
58/200 - 29.00%
[train] loss: 0.0003, acc: 94.77, err: 5.23
[test] loss: 0.0046, acc: 86.53, err: 13.47
59/200 - 29.50%
[train] loss: 0.0003, acc: 94.81, err: 5.19
[test] loss: 0.0047, acc: 86.31, err: 13.69
60/200 - 30.00%
[train] loss: 0.0003, acc: 95.00, err: 5.00
[test] loss: 0.0047, acc: 86.53, err: 13.47
61/200 - 30.50%
[train] loss: 0.0003, acc: 94.87, err: 5.13
[test] loss: 0.0048, acc: 86.16, err: 13.84
62/200 - 31.00%
[train] loss: 0.0003, acc: 94.95, err: 5.05
[test] loss: 0.0048, acc: 86.54, err: 13.46
63/200 - 31.50%
[train] loss: 0.0003, acc: 95.12, err: 4.88
[test] loss: 0.0049, acc: 86.31, err: 13.69
64/200 - 32.00%
[train] loss: 0.0003, acc: 95.24, err: 4.76
[test] loss: 0.0048, acc: 86.40, err: 13.60
65/200 - 32.50%
[train] loss: 0.0003, acc: 95.32, err: 4.68
[test] loss: 0.0048, acc: 86.09, err: 13.91
66/200 - 33.00%
[train] loss: 0.0003, acc: 95.31, err: 4.69
[test] loss: 0.0047, acc: 86.48, err: 13.52
67/200 - 33.50%
[train] loss: 0.0003, acc: 95.41, err: 4.59
[test] loss: 0.0047, acc: 86.53, err: 13.47
68/200 - 34.00%
[train] loss: 0.0003, acc: 95.33, err: 4.67
[test] loss: 0.0049, acc: 86.24, err: 13.76
69/200 - 34.50%
[train] loss: 0.0002, acc: 95.56, err: 4.44
[test] loss: 0.0049, acc: 86.00, err: 14.00
70/200 - 35.00%
[train] loss: 0.0003, acc: 95.57, err: 4.43
[test] loss: 0.0048, acc: 86.44, err: 13.56
71/200 - 35.50%
[train] loss: 0.0002, acc: 95.66, err: 4.34
[test] loss: 0.0048, acc: 86.46, err: 13.54
72/200 - 36.00%
[train] loss: 0.0002, acc: 95.73, err: 4.27
[test] loss: 0.0047, acc: 86.84, err: 13.16
73/200 - 36.50%
[train] loss: 0.0002, acc: 95.79, err: 4.21
[test] loss: 0.0048, acc: 86.52, err: 13.48
74/200 - 37.00%
[train] loss: 0.0002, acc: 95.66, err: 4.34
[test] loss: 0.0047, acc: 86.01, err: 13.99
75/200 - 37.50%
[train] loss: 0.0002, acc: 95.98, err: 4.02
[test] loss: 0.0049, acc: 86.40, err: 13.60
76/200 - 38.00%
[train] loss: 0.0002, acc: 95.95, err: 4.05
[test] loss: 0.0046, acc: 86.44, err: 13.56
77/200 - 38.50%
[train] loss: 0.0002, acc: 95.64, err: 4.36
[test] loss: 0.0049, acc: 86.03, err: 13.97
78/200 - 39.00%
[train] loss: 0.0002, acc: 95.92, err: 4.08
[test] loss: 0.0048, acc: 86.39, err: 13.61
79/200 - 39.50%
[train] loss: 0.0002, acc: 95.87, err: 4.13
[test] loss: 0.0048, acc: 86.56, err: 13.44
80/200 - 40.00%
[train] loss: 0.0002, acc: 96.17, err: 3.83
[test] loss: 0.0050, acc: 85.91, err: 14.09
81/200 - 40.50%
[train] loss: 0.0002, acc: 96.00, err: 4.00
[test] loss: 0.0049, acc: 86.51, err: 13.49
82/200 - 41.00%
[train] loss: 0.0002, acc: 96.16, err: 3.84
[test] loss: 0.0050, acc: 86.52, err: 13.48
83/200 - 41.50%
[train] loss: 0.0002, acc: 96.22, err: 3.78
[test] loss: 0.0050, acc: 86.54, err: 13.46
84/200 - 42.00%
[train] loss: 0.0002, acc: 96.08, err: 3.92
[test] loss: 0.0048, acc: 86.32, err: 13.68
85/200 - 42.50%
[train] loss: 0.0002, acc: 96.26, err: 3.74
[test] loss: 0.0049, acc: 86.67, err: 13.33
86/200 - 43.00%
[train] loss: 0.0002, acc: 96.31, err: 3.69
[test] loss: 0.0049, acc: 86.91, err: 13.09
87/200 - 43.50%
[train] loss: 0.0002, acc: 96.34, err: 3.66
[test] loss: 0.0049, acc: 86.53, err: 13.47
88/200 - 44.00%
[train] loss: 0.0002, acc: 96.16, err: 3.84
[test] loss: 0.0048, acc: 86.71, err: 13.29
89/200 - 44.50%
[train] loss: 0.0002, acc: 96.42, err: 3.58
[test] loss: 0.0050, acc: 86.21, err: 13.79
90/200 - 45.00%
[train] loss: 0.0002, acc: 96.10, err: 3.90
[test] loss: 0.0048, acc: 86.29, err: 13.71
91/200 - 45.50%
[train] loss: 0.0002, acc: 96.38, err: 3.62
[test] loss: 0.0048, acc: 86.55, err: 13.45
92/200 - 46.00%
[train] loss: 0.0002, acc: 96.42, err: 3.58
[test] loss: 0.0048, acc: 86.82, err: 13.18
93/200 - 46.50%
[train] loss: 0.0002, acc: 96.43, err: 3.57
[test] loss: 0.0050, acc: 86.51, err: 13.49
94/200 - 47.00%
[train] loss: 0.0002, acc: 96.43, err: 3.57
[test] loss: 0.0050, acc: 86.29, err: 13.71
95/200 - 47.50%
[train] loss: 0.0002, acc: 96.53, err: 3.47
[test] loss: 0.0049, acc: 86.79, err: 13.21
96/200 - 48.00%
[train] loss: 0.0002, acc: 96.43, err: 3.57
[test] loss: 0.0049, acc: 86.68, err: 13.32
97/200 - 48.50%
[train] loss: 0.0002, acc: 96.53, err: 3.47
[test] loss: 0.0047, acc: 87.17, err: 12.83
98/200 - 49.00%
[train] loss: 0.0002, acc: 96.50, err: 3.50
[test] loss: 0.0049, acc: 86.63, err: 13.37
99/200 - 49.50%
[train] loss: 0.0002, acc: 96.50, err: 3.50
[test] loss: 0.0049, acc: 86.38, err: 13.62
100/200 - 50.00%
[train] loss: 0.0002, acc: 96.49, err: 3.51
[test] loss: 0.0048, acc: 86.85, err: 13.15
101/200 - 50.50%
[train] loss: 0.0002, acc: 96.60, err: 3.40
[test] loss: 0.0048, acc: 86.71, err: 13.29
102/200 - 51.00%
[train] loss: 0.0002, acc: 96.75, err: 3.25
[test] loss: 0.0049, acc: 86.36, err: 13.64
103/200 - 51.50%
[train] loss: 0.0002, acc: 96.49, err: 3.51
[test] loss: 0.0050, acc: 86.68, err: 13.32
104/200 - 52.00%
[train] loss: 0.0002, acc: 96.71, err: 3.29
[test] loss: 0.0050, acc: 86.49, err: 13.51
105/200 - 52.50%
[train] loss: 0.0002, acc: 96.65, err: 3.35
[test] loss: 0.0049, acc: 86.51, err: 13.49
106/200 - 53.00%
[train] loss: 0.0002, acc: 96.50, err: 3.50
[test] loss: 0.0048, acc: 86.72, err: 13.28
107/200 - 53.50%
[train] loss: 0.0002, acc: 96.60, err: 3.40
[test] loss: 0.0049, acc: 86.81, err: 13.19
108/200 - 54.00%
[train] loss: 0.0002, acc: 96.53, err: 3.47
[test] loss: 0.0049, acc: 86.45, err: 13.55
109/200 - 54.50%
[train] loss: 0.0002, acc: 96.64, err: 3.36
[test] loss: 0.0049, acc: 86.50, err: 13.50
110/200 - 55.00%
[train] loss: 0.0002, acc: 96.84, err: 3.16
[test] loss: 0.0049, acc: 86.66, err: 13.34
111/200 - 55.50%
[train] loss: 0.0002, acc: 96.73, err: 3.27
[test] loss: 0.0049, acc: 86.35, err: 13.65
112/200 - 56.00%
[train] loss: 0.0002, acc: 96.84, err: 3.16
[test] loss: 0.0049, acc: 86.83, err: 13.17
113/200 - 56.50%
[train] loss: 0.0002, acc: 96.91, err: 3.09
[test] loss: 0.0049, acc: 86.44, err: 13.56
114/200 - 57.00%
[train] loss: 0.0002, acc: 96.68, err: 3.32
[test] loss: 0.0050, acc: 86.40, err: 13.60
115/200 - 57.50%
[train] loss: 0.0002, acc: 96.89, err: 3.11
[test] loss: 0.0049, acc: 86.73, err: 13.27
116/200 - 58.00%
[train] loss: 0.0002, acc: 96.70, err: 3.30
[test] loss: 0.0049, acc: 86.29, err: 13.71
117/200 - 58.50%
[train] loss: 0.0002, acc: 96.71, err: 3.29
[test] loss: 0.0049, acc: 86.41, err: 13.59
118/200 - 59.00%
[train] loss: 0.0002, acc: 96.82, err: 3.18
[test] loss: 0.0050, acc: 86.59, err: 13.41
119/200 - 59.50%
[train] loss: 0.0002, acc: 96.74, err: 3.26
[test] loss: 0.0050, acc: 86.21, err: 13.79
120/200 - 60.00%
[train] loss: 0.0002, acc: 96.95, err: 3.05
[test] loss: 0.0048, acc: 86.60, err: 13.40
121/200 - 60.50%
[train] loss: 0.0002, acc: 96.75, err: 3.25
[test] loss: 0.0049, acc: 86.94, err: 13.06
122/200 - 61.00%
[train] loss: 0.0002, acc: 96.90, err: 3.10
[test] loss: 0.0048, acc: 86.93, err: 13.07
123/200 - 61.50%
[train] loss: 0.0002, acc: 96.84, err: 3.16
[test] loss: 0.0049, acc: 86.65, err: 13.35
124/200 - 62.00%
[train] loss: 0.0002, acc: 96.95, err: 3.05
[test] loss: 0.0047, acc: 87.42, err: 12.58
125/200 - 62.50%
[train] loss: 0.0001, acc: 97.84, err: 2.16
[test] loss: 0.0044, acc: 87.95, err: 12.05
126/200 - 63.00%
[train] loss: 0.0001, acc: 98.59, err: 1.41
[test] loss: 0.0044, acc: 88.22, err: 11.78
127/200 - 63.50%
[train] loss: 0.0001, acc: 98.68, err: 1.32
[test] loss: 0.0044, acc: 88.28, err: 11.72
128/200 - 64.00%
[train] loss: 0.0001, acc: 98.92, err: 1.08
[test] loss: 0.0044, acc: 88.37, err: 11.63
129/200 - 64.50%
[train] loss: 0.0001, acc: 99.06, err: 0.94
[test] loss: 0.0044, acc: 88.46, err: 11.54
130/200 - 65.00%
[train] loss: 0.0001, acc: 99.01, err: 0.99
[test] loss: 0.0044, acc: 88.56, err: 11.44
131/200 - 65.50%
[train] loss: 0.0001, acc: 99.14, err: 0.86
[test] loss: 0.0044, acc: 88.29, err: 11.71
132/200 - 66.00%
[train] loss: 0.0001, acc: 99.18, err: 0.82
[test] loss: 0.0045, acc: 88.38, err: 11.62
133/200 - 66.50%
[train] loss: 0.0001, acc: 99.19, err: 0.81
[test] loss: 0.0044, acc: 88.49, err: 11.51
134/200 - 67.00%
[train] loss: 0.0000, acc: 99.23, err: 0.77
[test] loss: 0.0045, acc: 88.44, err: 11.56
135/200 - 67.50%
[train] loss: 0.0000, acc: 99.28, err: 0.72
[test] loss: 0.0045, acc: 88.44, err: 11.56
136/200 - 68.00%
[train] loss: 0.0000, acc: 99.36, err: 0.64
[test] loss: 0.0045, acc: 88.57, err: 11.43
137/200 - 68.50%
[train] loss: 0.0000, acc: 99.30, err: 0.70
[test] loss: 0.0045, acc: 88.51, err: 11.49
138/200 - 69.00%
[train] loss: 0.0000, acc: 99.32, err: 0.68
[test] loss: 0.0045, acc: 88.58, err: 11.42
139/200 - 69.50%
[train] loss: 0.0000, acc: 99.36, err: 0.64
[test] loss: 0.0045, acc: 88.35, err: 11.65
140/200 - 70.00%
[train] loss: 0.0000, acc: 99.43, err: 0.57
[test] loss: 0.0046, acc: 88.33, err: 11.67
141/200 - 70.50%
[train] loss: 0.0000, acc: 99.42, err: 0.58
[test] loss: 0.0046, acc: 88.46, err: 11.54
142/200 - 71.00%
[train] loss: 0.0000, acc: 99.43, err: 0.57
[test] loss: 0.0046, acc: 88.47, err: 11.53
143/200 - 71.50%
[train] loss: 0.0000, acc: 99.47, err: 0.53
[test] loss: 0.0046, acc: 88.58, err: 11.42
144/200 - 72.00%
[train] loss: 0.0000, acc: 99.48, err: 0.52
[test] loss: 0.0047, acc: 88.43, err: 11.57
145/200 - 72.50%
[train] loss: 0.0000, acc: 99.50, err: 0.50
[test] loss: 0.0047, acc: 88.26, err: 11.74
146/200 - 73.00%
[train] loss: 0.0000, acc: 99.45, err: 0.55
[test] loss: 0.0047, acc: 88.34, err: 11.66
147/200 - 73.50%
[train] loss: 0.0000, acc: 99.51, err: 0.49
[test] loss: 0.0046, acc: 88.28, err: 11.72
148/200 - 74.00%
[train] loss: 0.0000, acc: 99.55, err: 0.45
[test] loss: 0.0047, acc: 88.41, err: 11.59
149/200 - 74.50%
[train] loss: 0.0000, acc: 99.47, err: 0.53
[test] loss: 0.0047, acc: 88.35, err: 11.65
150/200 - 75.00%
[train] loss: 0.0000, acc: 99.55, err: 0.45
[test] loss: 0.0047, acc: 88.37, err: 11.63
151/200 - 75.50%
[train] loss: 0.0000, acc: 99.48, err: 0.52
[test] loss: 0.0047, acc: 88.26, err: 11.74
152/200 - 76.00%
[train] loss: 0.0000, acc: 99.57, err: 0.43
[test] loss: 0.0047, acc: 88.18, err: 11.82
153/200 - 76.50%
[train] loss: 0.0000, acc: 99.54, err: 0.46
[test] loss: 0.0047, acc: 88.25, err: 11.75
154/200 - 77.00%
[train] loss: 0.0000, acc: 99.57, err: 0.43
[test] loss: 0.0048, acc: 88.17, err: 11.83
155/200 - 77.50%
[train] loss: 0.0000, acc: 99.56, err: 0.44
[test] loss: 0.0047, acc: 88.29, err: 11.71
156/200 - 78.00%
[train] loss: 0.0000, acc: 99.56, err: 0.44
[test] loss: 0.0047, acc: 88.35, err: 11.65
157/200 - 78.50%
[train] loss: 0.0000, acc: 99.54, err: 0.46
[test] loss: 0.0048, acc: 88.25, err: 11.75
158/200 - 79.00%
[train] loss: 0.0000, acc: 99.59, err: 0.41
[test] loss: 0.0048, acc: 88.23, err: 11.77
159/200 - 79.50%
[train] loss: 0.0000, acc: 99.63, err: 0.37
[test] loss: 0.0047, acc: 88.20, err: 11.80
160/200 - 80.00%
[train] loss: 0.0000, acc: 99.58, err: 0.42
[test] loss: 0.0048, acc: 88.37, err: 11.63
161/200 - 80.50%
[train] loss: 0.0000, acc: 99.63, err: 0.37
[test] loss: 0.0048, acc: 88.17, err: 11.83
162/200 - 81.00%
[train] loss: 0.0000, acc: 99.56, err: 0.44
[test] loss: 0.0048, acc: 88.22, err: 11.78
163/200 - 81.50%
[train] loss: 0.0000, acc: 99.54, err: 0.46
[test] loss: 0.0048, acc: 88.21, err: 11.79
164/200 - 82.00%
[train] loss: 0.0000, acc: 99.61, err: 0.39
[test] loss: 0.0048, acc: 88.21, err: 11.79
165/200 - 82.50%
[train] loss: 0.0000, acc: 99.66, err: 0.34
[test] loss: 0.0048, acc: 88.63, err: 11.37
166/200 - 83.00%
[train] loss: 0.0000, acc: 99.62, err: 0.38
[test] loss: 0.0048, acc: 88.40, err: 11.60
167/200 - 83.50%
[train] loss: 0.0000, acc: 99.63, err: 0.37
[test] loss: 0.0048, acc: 88.22, err: 11.78
168/200 - 84.00%
[train] loss: 0.0000, acc: 99.66, err: 0.34
[test] loss: 0.0049, acc: 88.35, err: 11.65
169/200 - 84.50%
[train] loss: 0.0000, acc: 99.67, err: 0.33
[test] loss: 0.0048, acc: 88.28, err: 11.72
170/200 - 85.00%
[train] loss: 0.0000, acc: 99.59, err: 0.41
[test] loss: 0.0048, acc: 88.58, err: 11.42
171/200 - 85.50%
[train] loss: 0.0000, acc: 99.69, err: 0.31
[test] loss: 0.0048, acc: 88.48, err: 11.52
172/200 - 86.00%
[train] loss: 0.0000, acc: 99.65, err: 0.35
[test] loss: 0.0049, acc: 88.25, err: 11.75
173/200 - 86.50%
[train] loss: 0.0000, acc: 99.67, err: 0.33
[test] loss: 0.0048, acc: 88.58, err: 11.42
174/200 - 87.00%
[train] loss: 0.0000, acc: 99.64, err: 0.36
[test] loss: 0.0048, acc: 88.43, err: 11.57
175/200 - 87.50%
[train] loss: 0.0000, acc: 99.60, err: 0.40
[test] loss: 0.0048, acc: 88.53, err: 11.47
176/200 - 88.00%
[train] loss: 0.0000, acc: 99.67, err: 0.33
[test] loss: 0.0048, acc: 88.29, err: 11.71
177/200 - 88.50%
[train] loss: 0.0000, acc: 99.64, err: 0.36
[test] loss: 0.0048, acc: 88.25, err: 11.75
178/200 - 89.00%
[train] loss: 0.0000, acc: 99.65, err: 0.35
[test] loss: 0.0048, acc: 88.52, err: 11.48
179/200 - 89.50%
[train] loss: 0.0000, acc: 99.65, err: 0.35
[test] loss: 0.0048, acc: 88.57, err: 11.43
180/200 - 90.00%
[train] loss: 0.0000, acc: 99.61, err: 0.39
[test] loss: 0.0048, acc: 88.58, err: 11.42
181/200 - 90.50%
[train] loss: 0.0000, acc: 99.64, err: 0.36
[test] loss: 0.0048, acc: 88.30, err: 11.70
182/200 - 91.00%
[train] loss: 0.0000, acc: 99.63, err: 0.37
[test] loss: 0.0048, acc: 88.50, err: 11.50
183/200 - 91.50%
[train] loss: 0.0000, acc: 99.73, err: 0.27
[test] loss: 0.0048, acc: 88.50, err: 11.50
184/200 - 92.00%
[train] loss: 0.0000, acc: 99.71, err: 0.29
[test] loss: 0.0048, acc: 88.40, err: 11.60
185/200 - 92.50%
[train] loss: 0.0000, acc: 99.76, err: 0.24
[test] loss: 0.0048, acc: 88.45, err: 11.55
186/200 - 93.00%
[train] loss: 0.0000, acc: 99.73, err: 0.27
[test] loss: 0.0048, acc: 88.35, err: 11.65
187/200 - 93.50%
[train] loss: 0.0000, acc: 99.73, err: 0.27
[test] loss: 0.0048, acc: 88.36, err: 11.64
188/200 - 94.00%
[train] loss: 0.0000, acc: 99.75, err: 0.25
[test] loss: 0.0048, acc: 88.37, err: 11.63
189/200 - 94.50%
[train] loss: 0.0000, acc: 99.75, err: 0.25
[test] loss: 0.0048, acc: 88.54, err: 11.46
190/200 - 95.00%
[train] loss: 0.0000, acc: 99.77, err: 0.23
[test] loss: 0.0048, acc: 88.45, err: 11.55
191/200 - 95.50%
[train] loss: 0.0000, acc: 99.72, err: 0.28
[test] loss: 0.0048, acc: 88.45, err: 11.55
192/200 - 96.00%
[train] loss: 0.0000, acc: 99.79, err: 0.21
[test] loss: 0.0048, acc: 88.51, err: 11.49
193/200 - 96.50%
[train] loss: 0.0000, acc: 99.76, err: 0.24
[test] loss: 0.0048, acc: 88.61, err: 11.39
194/200 - 97.00%
[train] loss: 0.0000, acc: 99.75, err: 0.25
[test] loss: 0.0048, acc: 88.42, err: 11.58
195/200 - 97.50%
[train] loss: 0.0000, acc: 99.79, err: 0.21
[test] loss: 0.0048, acc: 88.56, err: 11.44
196/200 - 98.00%
[train] loss: 0.0000, acc: 99.73, err: 0.27
[test] loss: 0.0048, acc: 88.48, err: 11.52
197/200 - 98.50%
[train] loss: 0.0000, acc: 99.80, err: 0.20
[test] loss: 0.0047, acc: 88.60, err: 11.40
198/200 - 99.00%
[train] loss: 0.0000, acc: 99.75, err: 0.25
[test] loss: 0.0048, acc: 88.53, err: 11.47
199/200 - 99.50%
[train] loss: 0.0000, acc: 99.79, err: 0.21
[test] loss: 0.0048, acc: 88.55, err: 11.45
200/200 - 100.00%
[train] loss: 0.0000, acc: 99.80, err: 0.20
[test] loss: 0.0048, acc: 88.40, err: 11.60
best loss: 0.0048, best acc: 88.63, best err: 11.37
log saved: cifar10_23-06-03_17-49-04.log
