> cuda memory allocated: 44781056
> n_trainable_params: 11181642, n_nontrainable_params: 0
> training arguments:
>>> dataset: cifar10
>>> data_dir: data
>>> num_epoch: 200
>>> batch_size: 1024
>>> resize: 224
>>> gpus: 0
>>> seed: 7890
>>> lr: 0.0001
>>> weight_decay: 0.001
>>> clip_norm: 50
>>> no_data_aug: False
>>> cutout: False
>>> autoaug: True
>>> default_directory: drive/app/torch/save_models
>>> optimizer: Adam
>>> device: cuda:2
>>> log_name: cifar10_23-06-01_22-23-44.log
1/200 - 0.50%
[train] loss: 0.0020, acc: 27.93, err: 72.07
[test] loss: 0.0138, acc: 51.83, err: 48.17
2/200 - 1.00%
[train] loss: 0.0015, acc: 43.54, err: 56.46
[test] loss: 0.0110, acc: 61.50, err: 38.50
3/200 - 1.50%
[train] loss: 0.0014, acc: 49.18, err: 50.82
[test] loss: 0.0095, acc: 67.06, err: 32.94
4/200 - 2.00%
[train] loss: 0.0013, acc: 53.02, err: 46.98
[test] loss: 0.0087, acc: 69.55, err: 30.45
5/200 - 2.50%
[train] loss: 0.0012, acc: 54.97, err: 45.03
[test] loss: 0.0084, acc: 70.83, err: 29.17
6/200 - 3.00%
[train] loss: 0.0012, acc: 57.09, err: 42.91
[test] loss: 0.0079, acc: 72.56, err: 27.44
7/200 - 3.50%
[train] loss: 0.0012, acc: 58.37, err: 41.63
[test] loss: 0.0076, acc: 73.07, err: 26.93
8/200 - 4.00%
[train] loss: 0.0011, acc: 59.55, err: 40.45
[test] loss: 0.0071, acc: 75.19, err: 24.81
9/200 - 4.50%
[train] loss: 0.0011, acc: 60.63, err: 39.37
[test] loss: 0.0073, acc: 74.47, err: 25.53
10/200 - 5.00%
[train] loss: 0.0011, acc: 61.32, err: 38.68
[test] loss: 0.0069, acc: 76.24, err: 23.76
11/200 - 5.50%
[train] loss: 0.0011, acc: 62.09, err: 37.91
[test] loss: 0.0068, acc: 76.43, err: 23.57
12/200 - 6.00%
[train] loss: 0.0010, acc: 62.76, err: 37.24
[test] loss: 0.0067, acc: 76.72, err: 23.28
13/200 - 6.50%
[train] loss: 0.0010, acc: 63.12, err: 36.88
[test] loss: 0.0063, acc: 78.02, err: 21.98
14/200 - 7.00%
[train] loss: 0.0010, acc: 64.37, err: 35.63
[test] loss: 0.0064, acc: 77.92, err: 22.08
15/200 - 7.50%
[train] loss: 0.0010, acc: 64.25, err: 35.75
[test] loss: 0.0063, acc: 78.13, err: 21.87
16/200 - 8.00%
[train] loss: 0.0010, acc: 65.26, err: 34.74
[test] loss: 0.0059, acc: 79.60, err: 20.40
17/200 - 8.50%
[train] loss: 0.0010, acc: 65.77, err: 34.23
[test] loss: 0.0058, acc: 79.95, err: 20.05
18/200 - 9.00%
[train] loss: 0.0009, acc: 66.17, err: 33.83
[test] loss: 0.0058, acc: 80.11, err: 19.89
19/200 - 9.50%
[train] loss: 0.0009, acc: 66.46, err: 33.54
[test] loss: 0.0057, acc: 80.46, err: 19.54
20/200 - 10.00%
[train] loss: 0.0009, acc: 66.98, err: 33.02
[test] loss: 0.0055, acc: 80.77, err: 19.23
21/200 - 10.50%
[train] loss: 0.0009, acc: 67.29, err: 32.71
[test] loss: 0.0057, acc: 80.33, err: 19.67
22/200 - 11.00%
[train] loss: 0.0009, acc: 67.56, err: 32.44
[test] loss: 0.0058, acc: 80.34, err: 19.66
23/200 - 11.50%
[train] loss: 0.0009, acc: 67.84, err: 32.16
[test] loss: 0.0056, acc: 81.11, err: 18.89
24/200 - 12.00%
[train] loss: 0.0009, acc: 68.34, err: 31.66
[test] loss: 0.0053, acc: 81.90, err: 18.10
25/200 - 12.50%
[train] loss: 0.0009, acc: 68.66, err: 31.34
[test] loss: 0.0052, acc: 82.20, err: 17.80
26/200 - 13.00%
[train] loss: 0.0009, acc: 68.58, err: 31.42
[test] loss: 0.0053, acc: 82.03, err: 17.97
27/200 - 13.50%
[train] loss: 0.0009, acc: 68.96, err: 31.04
[test] loss: 0.0051, acc: 82.52, err: 17.48
28/200 - 14.00%
[train] loss: 0.0009, acc: 69.16, err: 30.84
[test] loss: 0.0052, acc: 82.33, err: 17.67
29/200 - 14.50%
[train] loss: 0.0008, acc: 69.56, err: 30.44
[test] loss: 0.0052, acc: 82.44, err: 17.56
30/200 - 15.00%
[train] loss: 0.0008, acc: 69.59, err: 30.41
[test] loss: 0.0050, acc: 82.85, err: 17.15
31/200 - 15.50%
[train] loss: 0.0008, acc: 70.20, err: 29.80
[test] loss: 0.0051, acc: 82.81, err: 17.19
32/200 - 16.00%
[train] loss: 0.0008, acc: 70.12, err: 29.88
[test] loss: 0.0049, acc: 83.33, err: 16.67
33/200 - 16.50%
[train] loss: 0.0008, acc: 70.38, err: 29.62
[test] loss: 0.0050, acc: 83.41, err: 16.59
34/200 - 17.00%
[train] loss: 0.0008, acc: 70.81, err: 29.19
[test] loss: 0.0049, acc: 83.32, err: 16.68
35/200 - 17.50%
[train] loss: 0.0008, acc: 71.26, err: 28.74
[test] loss: 0.0048, acc: 83.60, err: 16.40
36/200 - 18.00%
[train] loss: 0.0008, acc: 71.42, err: 28.58
[test] loss: 0.0048, acc: 83.48, err: 16.52
37/200 - 18.50%
[train] loss: 0.0008, acc: 70.96, err: 29.04
[test] loss: 0.0047, acc: 83.69, err: 16.31
38/200 - 19.00%
[train] loss: 0.0008, acc: 71.67, err: 28.33
[test] loss: 0.0047, acc: 83.92, err: 16.08
39/200 - 19.50%
[train] loss: 0.0008, acc: 71.85, err: 28.15
[test] loss: 0.0047, acc: 83.86, err: 16.14
40/200 - 20.00%
[train] loss: 0.0008, acc: 71.89, err: 28.11
[test] loss: 0.0048, acc: 83.82, err: 16.18
41/200 - 20.50%
[train] loss: 0.0008, acc: 72.18, err: 27.82
[test] loss: 0.0047, acc: 84.23, err: 15.77
42/200 - 21.00%
[train] loss: 0.0008, acc: 72.33, err: 27.67
[test] loss: 0.0047, acc: 84.03, err: 15.97
43/200 - 21.50%
[train] loss: 0.0008, acc: 72.67, err: 27.33
[test] loss: 0.0046, acc: 84.70, err: 15.30
44/200 - 22.00%
[train] loss: 0.0008, acc: 72.63, err: 27.37
[test] loss: 0.0045, acc: 84.62, err: 15.38
45/200 - 22.50%
[train] loss: 0.0008, acc: 73.02, err: 26.98
[test] loss: 0.0046, acc: 84.53, err: 15.47
46/200 - 23.00%
[train] loss: 0.0007, acc: 73.23, err: 26.77
[test] loss: 0.0045, acc: 84.92, err: 15.08
47/200 - 23.50%
[train] loss: 0.0007, acc: 73.40, err: 26.60
[test] loss: 0.0045, acc: 84.74, err: 15.26
48/200 - 24.00%
[train] loss: 0.0007, acc: 73.15, err: 26.85
[test] loss: 0.0044, acc: 85.23, err: 14.77
49/200 - 24.50%
[train] loss: 0.0007, acc: 73.49, err: 26.51
[test] loss: 0.0045, acc: 84.80, err: 15.20
50/200 - 25.00%
[train] loss: 0.0007, acc: 73.54, err: 26.46
[test] loss: 0.0044, acc: 85.25, err: 14.75
51/200 - 25.50%
[train] loss: 0.0007, acc: 73.59, err: 26.41
[test] loss: 0.0043, acc: 85.40, err: 14.60
52/200 - 26.00%
[train] loss: 0.0007, acc: 73.85, err: 26.15
[test] loss: 0.0043, acc: 85.05, err: 14.95
53/200 - 26.50%
[train] loss: 0.0007, acc: 74.31, err: 25.69
[test] loss: 0.0044, acc: 85.22, err: 14.78
54/200 - 27.00%
[train] loss: 0.0007, acc: 74.30, err: 25.70
[test] loss: 0.0043, acc: 85.28, err: 14.72
55/200 - 27.50%
[train] loss: 0.0007, acc: 74.34, err: 25.66
[test] loss: 0.0043, acc: 85.33, err: 14.67
56/200 - 28.00%
[train] loss: 0.0007, acc: 74.39, err: 25.61
[test] loss: 0.0042, acc: 85.77, err: 14.23
57/200 - 28.50%
[train] loss: 0.0007, acc: 74.71, err: 25.29
[test] loss: 0.0044, acc: 85.25, err: 14.75
58/200 - 29.00%
[train] loss: 0.0007, acc: 74.88, err: 25.12
[test] loss: 0.0043, acc: 85.23, err: 14.77
59/200 - 29.50%
[train] loss: 0.0007, acc: 74.79, err: 25.21
[test] loss: 0.0043, acc: 85.52, err: 14.48
60/200 - 30.00%
[train] loss: 0.0007, acc: 74.44, err: 25.56
[test] loss: 0.0043, acc: 85.72, err: 14.28
61/200 - 30.50%
[train] loss: 0.0007, acc: 75.11, err: 24.89
[test] loss: 0.0042, acc: 85.85, err: 14.15
62/200 - 31.00%
[train] loss: 0.0007, acc: 75.11, err: 24.89
[test] loss: 0.0043, acc: 85.62, err: 14.38
63/200 - 31.50%
[train] loss: 0.0007, acc: 74.90, err: 25.10
[test] loss: 0.0042, acc: 86.14, err: 13.86
64/200 - 32.00%
[train] loss: 0.0007, acc: 75.45, err: 24.55
[test] loss: 0.0043, acc: 85.90, err: 14.10
65/200 - 32.50%
[train] loss: 0.0007, acc: 75.46, err: 24.54
[test] loss: 0.0042, acc: 85.83, err: 14.17
66/200 - 33.00%
[train] loss: 0.0007, acc: 75.66, err: 24.34
[test] loss: 0.0043, acc: 86.05, err: 13.95
67/200 - 33.50%
[train] loss: 0.0007, acc: 75.84, err: 24.16
[test] loss: 0.0041, acc: 86.30, err: 13.70
68/200 - 34.00%
[train] loss: 0.0007, acc: 75.93, err: 24.07
[test] loss: 0.0043, acc: 85.96, err: 14.04
69/200 - 34.50%
[train] loss: 0.0007, acc: 76.01, err: 23.99
[test] loss: 0.0043, acc: 85.96, err: 14.04
70/200 - 35.00%
[train] loss: 0.0007, acc: 76.18, err: 23.82
[test] loss: 0.0043, acc: 85.95, err: 14.05
71/200 - 35.50%
[train] loss: 0.0007, acc: 75.95, err: 24.05
[test] loss: 0.0043, acc: 85.51, err: 14.49
72/200 - 36.00%
[train] loss: 0.0007, acc: 76.14, err: 23.86
[test] loss: 0.0041, acc: 86.45, err: 13.55
73/200 - 36.50%
[train] loss: 0.0007, acc: 76.18, err: 23.82
[test] loss: 0.0040, acc: 86.80, err: 13.20
74/200 - 37.00%
[train] loss: 0.0007, acc: 76.49, err: 23.51
[test] loss: 0.0041, acc: 86.63, err: 13.37
75/200 - 37.50%
[train] loss: 0.0007, acc: 76.40, err: 23.60
[test] loss: 0.0040, acc: 86.56, err: 13.44
76/200 - 38.00%
[train] loss: 0.0007, acc: 76.43, err: 23.57
[test] loss: 0.0041, acc: 86.67, err: 13.33
77/200 - 38.50%
[train] loss: 0.0006, acc: 76.72, err: 23.28
[test] loss: 0.0040, acc: 86.55, err: 13.45
78/200 - 39.00%
[train] loss: 0.0006, acc: 76.77, err: 23.23
[test] loss: 0.0041, acc: 86.84, err: 13.16
79/200 - 39.50%
[train] loss: 0.0006, acc: 76.69, err: 23.31
[test] loss: 0.0041, acc: 86.57, err: 13.43
80/200 - 40.00%
[train] loss: 0.0006, acc: 76.60, err: 23.40
[test] loss: 0.0040, acc: 86.72, err: 13.28
81/200 - 40.50%
[train] loss: 0.0006, acc: 76.66, err: 23.34
[test] loss: 0.0040, acc: 86.61, err: 13.39
82/200 - 41.00%
[train] loss: 0.0006, acc: 77.07, err: 22.93
[test] loss: 0.0040, acc: 86.53, err: 13.47
83/200 - 41.50%
[train] loss: 0.0006, acc: 77.10, err: 22.90
[test] loss: 0.0040, acc: 87.07, err: 12.93
84/200 - 42.00%
[train] loss: 0.0006, acc: 77.47, err: 22.53
[test] loss: 0.0040, acc: 86.66, err: 13.34
85/200 - 42.50%
[train] loss: 0.0006, acc: 77.41, err: 22.59
[test] loss: 0.0040, acc: 87.06, err: 12.94
86/200 - 43.00%
[train] loss: 0.0006, acc: 77.10, err: 22.90
[test] loss: 0.0039, acc: 86.63, err: 13.37
87/200 - 43.50%
[train] loss: 0.0006, acc: 77.52, err: 22.48
[test] loss: 0.0041, acc: 86.20, err: 13.80
88/200 - 44.00%
[train] loss: 0.0006, acc: 77.52, err: 22.48
[test] loss: 0.0041, acc: 86.61, err: 13.39
89/200 - 44.50%
[train] loss: 0.0006, acc: 77.60, err: 22.40
[test] loss: 0.0040, acc: 86.48, err: 13.52
90/200 - 45.00%
[train] loss: 0.0006, acc: 77.71, err: 22.29
[test] loss: 0.0040, acc: 86.65, err: 13.35
91/200 - 45.50%
[train] loss: 0.0006, acc: 78.01, err: 21.99
[test] loss: 0.0040, acc: 87.05, err: 12.95
92/200 - 46.00%
[train] loss: 0.0006, acc: 77.68, err: 22.32
[test] loss: 0.0039, acc: 87.46, err: 12.54
93/200 - 46.50%
[train] loss: 0.0006, acc: 77.72, err: 22.28
[test] loss: 0.0040, acc: 86.94, err: 13.06
94/200 - 47.00%
[train] loss: 0.0006, acc: 77.76, err: 22.24
[test] loss: 0.0040, acc: 87.08, err: 12.92
95/200 - 47.50%
[train] loss: 0.0006, acc: 78.18, err: 21.82
[test] loss: 0.0040, acc: 86.78, err: 13.22
96/200 - 48.00%
[train] loss: 0.0006, acc: 78.45, err: 21.55
[test] loss: 0.0039, acc: 87.03, err: 12.97
97/200 - 48.50%
[train] loss: 0.0006, acc: 78.41, err: 21.59
[test] loss: 0.0041, acc: 86.84, err: 13.16
98/200 - 49.00%
[train] loss: 0.0006, acc: 78.40, err: 21.60
[test] loss: 0.0041, acc: 86.95, err: 13.05
99/200 - 49.50%
[train] loss: 0.0006, acc: 78.30, err: 21.70
[test] loss: 0.0040, acc: 86.92, err: 13.08
100/200 - 50.00%
[train] loss: 0.0006, acc: 78.30, err: 21.70
[test] loss: 0.0039, acc: 87.41, err: 12.59
101/200 - 50.50%
[train] loss: 0.0006, acc: 78.99, err: 21.01
[test] loss: 0.0039, acc: 87.39, err: 12.61
102/200 - 51.00%
[train] loss: 0.0006, acc: 78.82, err: 21.18
[test] loss: 0.0039, acc: 87.36, err: 12.64
103/200 - 51.50%
[train] loss: 0.0006, acc: 78.97, err: 21.03
[test] loss: 0.0039, acc: 87.40, err: 12.60
104/200 - 52.00%
[train] loss: 0.0006, acc: 79.04, err: 20.96
[test] loss: 0.0040, acc: 87.30, err: 12.70
105/200 - 52.50%
[train] loss: 0.0006, acc: 78.88, err: 21.12
[test] loss: 0.0039, acc: 87.45, err: 12.55
106/200 - 53.00%
[train] loss: 0.0006, acc: 78.95, err: 21.05
[test] loss: 0.0039, acc: 87.38, err: 12.62
107/200 - 53.50%
[train] loss: 0.0006, acc: 78.87, err: 21.13
[test] loss: 0.0040, acc: 87.27, err: 12.73
108/200 - 54.00%
[train] loss: 0.0006, acc: 78.76, err: 21.24
[test] loss: 0.0040, acc: 86.93, err: 13.07
109/200 - 54.50%
[train] loss: 0.0006, acc: 79.10, err: 20.90
[test] loss: 0.0039, acc: 87.42, err: 12.58
110/200 - 55.00%
[train] loss: 0.0006, acc: 79.23, err: 20.77
[test] loss: 0.0040, acc: 87.23, err: 12.77
111/200 - 55.50%
[train] loss: 0.0006, acc: 79.44, err: 20.56
[test] loss: 0.0040, acc: 87.34, err: 12.66
112/200 - 56.00%
[train] loss: 0.0006, acc: 79.20, err: 20.80
[test] loss: 0.0040, acc: 87.19, err: 12.81
113/200 - 56.50%
[train] loss: 0.0006, acc: 79.34, err: 20.66
[test] loss: 0.0038, acc: 87.33, err: 12.67
114/200 - 57.00%
[train] loss: 0.0006, acc: 79.72, err: 20.28
[test] loss: 0.0040, acc: 87.16, err: 12.84
115/200 - 57.50%
[train] loss: 0.0006, acc: 79.59, err: 20.41
[test] loss: 0.0040, acc: 87.08, err: 12.92
116/200 - 58.00%
[train] loss: 0.0006, acc: 79.86, err: 20.14
[test] loss: 0.0040, acc: 87.05, err: 12.95
117/200 - 58.50%
[train] loss: 0.0006, acc: 79.71, err: 20.29
[test] loss: 0.0040, acc: 87.19, err: 12.81
118/200 - 59.00%
[train] loss: 0.0006, acc: 79.76, err: 20.24
[test] loss: 0.0041, acc: 87.04, err: 12.96
119/200 - 59.50%
[train] loss: 0.0006, acc: 79.78, err: 20.22
[test] loss: 0.0039, acc: 87.52, err: 12.48
120/200 - 60.00%
[train] loss: 0.0006, acc: 79.84, err: 20.16
[test] loss: 0.0039, acc: 87.42, err: 12.58
121/200 - 60.50%
[train] loss: 0.0006, acc: 80.11, err: 19.89
[test] loss: 0.0039, acc: 87.40, err: 12.60
122/200 - 61.00%
[train] loss: 0.0006, acc: 80.24, err: 19.76
[test] loss: 0.0040, acc: 87.22, err: 12.78
123/200 - 61.50%
[train] loss: 0.0006, acc: 80.06, err: 19.94
[test] loss: 0.0039, acc: 87.38, err: 12.62
124/200 - 62.00%
[train] loss: 0.0006, acc: 80.00, err: 20.00
[test] loss: 0.0040, acc: 87.20, err: 12.80
125/200 - 62.50%
[train] loss: 0.0006, acc: 79.95, err: 20.05
[test] loss: 0.0039, acc: 87.27, err: 12.73
126/200 - 63.00%
[train] loss: 0.0006, acc: 80.18, err: 19.82
[test] loss: 0.0041, acc: 86.87, err: 13.13
127/200 - 63.50%
[train] loss: 0.0005, acc: 80.29, err: 19.71
[test] loss: 0.0039, acc: 87.51, err: 12.49
128/200 - 64.00%
[train] loss: 0.0005, acc: 80.56, err: 19.44
[test] loss: 0.0041, acc: 86.78, err: 13.22
129/200 - 64.50%
[train] loss: 0.0006, acc: 80.27, err: 19.73
[test] loss: 0.0039, acc: 87.34, err: 12.66
130/200 - 65.00%
[train] loss: 0.0005, acc: 80.36, err: 19.64
[test] loss: 0.0040, acc: 87.35, err: 12.65
131/200 - 65.50%
[train] loss: 0.0005, acc: 80.75, err: 19.25
[test] loss: 0.0040, acc: 87.55, err: 12.45
132/200 - 66.00%
[train] loss: 0.0005, acc: 80.42, err: 19.58
[test] loss: 0.0039, acc: 87.50, err: 12.50
133/200 - 66.50%
[train] loss: 0.0005, acc: 80.65, err: 19.35
[test] loss: 0.0040, acc: 87.21, err: 12.79
134/200 - 67.00%
[train] loss: 0.0005, acc: 80.63, err: 19.37
[test] loss: 0.0039, acc: 87.70, err: 12.30
135/200 - 67.50%
[train] loss: 0.0005, acc: 80.99, err: 19.01
[test] loss: 0.0040, acc: 87.58, err: 12.42
136/200 - 68.00%
[train] loss: 0.0005, acc: 80.78, err: 19.22
[test] loss: 0.0040, acc: 87.31, err: 12.69
137/200 - 68.50%
[train] loss: 0.0005, acc: 80.95, err: 19.05
[test] loss: 0.0040, acc: 87.35, err: 12.65
138/200 - 69.00%
[train] loss: 0.0005, acc: 81.06, err: 18.94
[test] loss: 0.0040, acc: 87.70, err: 12.30
139/200 - 69.50%
[train] loss: 0.0005, acc: 80.81, err: 19.19
[test] loss: 0.0040, acc: 87.48, err: 12.52
140/200 - 70.00%
[train] loss: 0.0005, acc: 80.69, err: 19.31
[test] loss: 0.0039, acc: 87.31, err: 12.69
141/200 - 70.50%
[train] loss: 0.0005, acc: 81.17, err: 18.83
[test] loss: 0.0040, acc: 87.57, err: 12.43
142/200 - 71.00%
[train] loss: 0.0005, acc: 80.93, err: 19.07
[test] loss: 0.0040, acc: 87.35, err: 12.65
143/200 - 71.50%
[train] loss: 0.0005, acc: 81.12, err: 18.88
[test] loss: 0.0041, acc: 86.83, err: 13.17
144/200 - 72.00%
[train] loss: 0.0005, acc: 80.79, err: 19.21
[test] loss: 0.0040, acc: 87.92, err: 12.08
145/200 - 72.50%
[train] loss: 0.0005, acc: 81.29, err: 18.71
[test] loss: 0.0041, acc: 87.44, err: 12.56
146/200 - 73.00%
[train] loss: 0.0005, acc: 81.16, err: 18.84
[test] loss: 0.0039, acc: 87.93, err: 12.07
147/200 - 73.50%
[train] loss: 0.0005, acc: 81.23, err: 18.77
[test] loss: 0.0040, acc: 87.47, err: 12.53
148/200 - 74.00%
[train] loss: 0.0005, acc: 81.29, err: 18.71
[test] loss: 0.0041, acc: 87.29, err: 12.71
149/200 - 74.50%
[train] loss: 0.0005, acc: 81.44, err: 18.56
[test] loss: 0.0039, acc: 87.65, err: 12.35
150/200 - 75.00%
[train] loss: 0.0005, acc: 80.95, err: 19.05
[test] loss: 0.0039, acc: 87.88, err: 12.12
151/200 - 75.50%
[train] loss: 0.0005, acc: 81.34, err: 18.66
[test] loss: 0.0038, acc: 87.83, err: 12.17
152/200 - 76.00%
[train] loss: 0.0005, acc: 81.50, err: 18.50
[test] loss: 0.0039, acc: 87.65, err: 12.35
153/200 - 76.50%
[train] loss: 0.0005, acc: 81.54, err: 18.46
[test] loss: 0.0039, acc: 87.54, err: 12.46
154/200 - 77.00%
[train] loss: 0.0005, acc: 81.56, err: 18.44
[test] loss: 0.0039, acc: 88.10, err: 11.90
155/200 - 77.50%
[train] loss: 0.0005, acc: 81.43, err: 18.57
[test] loss: 0.0040, acc: 87.48, err: 12.52
156/200 - 78.00%
[train] loss: 0.0005, acc: 81.59, err: 18.41
[test] loss: 0.0039, acc: 87.68, err: 12.32
157/200 - 78.50%
[train] loss: 0.0005, acc: 81.85, err: 18.15
[test] loss: 0.0039, acc: 87.61, err: 12.39
158/200 - 79.00%
[train] loss: 0.0005, acc: 81.79, err: 18.21
[test] loss: 0.0040, acc: 87.30, err: 12.70
159/200 - 79.50%
[train] loss: 0.0005, acc: 81.32, err: 18.68
[test] loss: 0.0039, acc: 87.45, err: 12.55
160/200 - 80.00%
[train] loss: 0.0005, acc: 81.99, err: 18.01
[test] loss: 0.0041, acc: 87.33, err: 12.67
161/200 - 80.50%
[train] loss: 0.0005, acc: 81.83, err: 18.17
[test] loss: 0.0039, acc: 87.66, err: 12.34
162/200 - 81.00%
[train] loss: 0.0005, acc: 82.00, err: 18.00
[test] loss: 0.0039, acc: 87.52, err: 12.48
163/200 - 81.50%
[train] loss: 0.0005, acc: 82.01, err: 17.99
[test] loss: 0.0039, acc: 87.58, err: 12.42
164/200 - 82.00%
[train] loss: 0.0005, acc: 82.24, err: 17.76
[test] loss: 0.0040, acc: 87.60, err: 12.40
165/200 - 82.50%
[train] loss: 0.0005, acc: 82.22, err: 17.78
[test] loss: 0.0040, acc: 87.50, err: 12.50
166/200 - 83.00%
[train] loss: 0.0005, acc: 81.78, err: 18.22
[test] loss: 0.0040, acc: 87.71, err: 12.29
167/200 - 83.50%
[train] loss: 0.0005, acc: 82.29, err: 17.71
[test] loss: 0.0040, acc: 87.71, err: 12.29
168/200 - 84.00%
[train] loss: 0.0005, acc: 82.24, err: 17.76
[test] loss: 0.0039, acc: 87.93, err: 12.07
169/200 - 84.50%
[train] loss: 0.0005, acc: 82.29, err: 17.71
[test] loss: 0.0039, acc: 87.77, err: 12.23
170/200 - 85.00%
[train] loss: 0.0005, acc: 82.11, err: 17.89
[test] loss: 0.0040, acc: 87.52, err: 12.48
171/200 - 85.50%
[train] loss: 0.0005, acc: 82.06, err: 17.94
[test] loss: 0.0042, acc: 87.49, err: 12.51
172/200 - 86.00%
[train] loss: 0.0005, acc: 81.81, err: 18.19
[test] loss: 0.0040, acc: 87.91, err: 12.09
173/200 - 86.50%
[train] loss: 0.0005, acc: 82.42, err: 17.58
[test] loss: 0.0039, acc: 88.13, err: 11.87
174/200 - 87.00%
[train] loss: 0.0005, acc: 82.29, err: 17.71
[test] loss: 0.0039, acc: 87.82, err: 12.18
175/200 - 87.50%
[train] loss: 0.0005, acc: 82.44, err: 17.56
[test] loss: 0.0040, acc: 88.05, err: 11.95
176/200 - 88.00%
[train] loss: 0.0005, acc: 82.50, err: 17.50
[test] loss: 0.0039, acc: 87.65, err: 12.35
177/200 - 88.50%
[train] loss: 0.0005, acc: 82.63, err: 17.37
[test] loss: 0.0039, acc: 87.75, err: 12.25
178/200 - 89.00%
[train] loss: 0.0005, acc: 82.42, err: 17.58
[test] loss: 0.0039, acc: 87.66, err: 12.34
179/200 - 89.50%
[train] loss: 0.0005, acc: 82.73, err: 17.27
[test] loss: 0.0040, acc: 87.66, err: 12.34
180/200 - 90.00%
[train] loss: 0.0005, acc: 82.70, err: 17.30
[test] loss: 0.0039, acc: 87.61, err: 12.39
181/200 - 90.50%
[train] loss: 0.0005, acc: 82.43, err: 17.57
[test] loss: 0.0041, acc: 87.28, err: 12.72
182/200 - 91.00%
[train] loss: 0.0005, acc: 82.41, err: 17.59
[test] loss: 0.0040, acc: 87.66, err: 12.34
183/200 - 91.50%
[train] loss: 0.0005, acc: 82.84, err: 17.16
[test] loss: 0.0042, acc: 87.16, err: 12.84
184/200 - 92.00%
[train] loss: 0.0005, acc: 82.54, err: 17.46
[test] loss: 0.0041, acc: 87.46, err: 12.54
185/200 - 92.50%
[train] loss: 0.0005, acc: 82.62, err: 17.38
[test] loss: 0.0040, acc: 87.65, err: 12.35
186/200 - 93.00%
[train] loss: 0.0005, acc: 82.73, err: 17.27
[test] loss: 0.0042, acc: 87.27, err: 12.73
187/200 - 93.50%
[train] loss: 0.0005, acc: 82.74, err: 17.26
[test] loss: 0.0040, acc: 87.90, err: 12.10
188/200 - 94.00%
[train] loss: 0.0005, acc: 82.87, err: 17.13
[test] loss: 0.0041, acc: 87.36, err: 12.64
189/200 - 94.50%
[train] loss: 0.0005, acc: 82.78, err: 17.22
[test] loss: 0.0040, acc: 87.68, err: 12.32
190/200 - 95.00%
[train] loss: 0.0005, acc: 83.00, err: 17.00
[test] loss: 0.0041, acc: 87.77, err: 12.23
191/200 - 95.50%
[train] loss: 0.0005, acc: 82.75, err: 17.25
[test] loss: 0.0040, acc: 87.68, err: 12.32
192/200 - 96.00%
[train] loss: 0.0005, acc: 82.61, err: 17.39
[test] loss: 0.0042, acc: 87.62, err: 12.38
193/200 - 96.50%
[train] loss: 0.0005, acc: 82.94, err: 17.06
[test] loss: 0.0041, acc: 87.58, err: 12.42
194/200 - 97.00%
[train] loss: 0.0005, acc: 83.13, err: 16.87
[test] loss: 0.0039, acc: 88.31, err: 11.69
195/200 - 97.50%
[train] loss: 0.0005, acc: 83.31, err: 16.69
[test] loss: 0.0041, acc: 87.38, err: 12.62
196/200 - 98.00%
[train] loss: 0.0005, acc: 82.90, err: 17.10
[test] loss: 0.0040, acc: 87.81, err: 12.19
197/200 - 98.50%
[train] loss: 0.0005, acc: 83.29, err: 16.71
[test] loss: 0.0039, acc: 87.94, err: 12.06
198/200 - 99.00%
[train] loss: 0.0005, acc: 82.89, err: 17.11
[test] loss: 0.0040, acc: 87.68, err: 12.32
199/200 - 99.50%
[train] loss: 0.0005, acc: 83.31, err: 16.69
[test] loss: 0.0039, acc: 88.11, err: 11.89
200/200 - 100.00%
[train] loss: 0.0005, acc: 83.09, err: 16.91
[test] loss: 0.0040, acc: 87.91, err: 12.09
best loss: 0.0039, best acc: 88.31, best err: 11.69
log saved: cifar10_23-06-01_22-23-44.log
