Loading pretrained weights from Hugging Face hub (timm/resnet18.a1_in1k)
[timm/resnet18.a1_in1k] Safe alternative available for 'pytorch_model.bin' (as 'model.safetensors'). Loading weights using safetensors.
> cuda memory allocated: 44781056
> n_trainable_params: 11181642, n_nontrainable_params: 0
> training arguments:
>>> dataset: cifar10
>>> data_dir: data
>>> num_epoch: 100
>>> batch_size: 128
>>> resize: 224
>>> gpus: 0
>>> seed: 7890
>>> lr: 0.01
>>> weight_decay: 0.0
>>> clip_norm: 50
>>> no_data_aug: False
>>> cutout: False
>>> autoaug: False
>>> default_directory: drive/app/torch/save_models
>>> optimizer: adam
>>> device: cuda:2
>>> log_name: cifar10_23-06-04_01-47-08.log
1/100 - 1.00%
[train] loss: 0.0019, acc: 54.42, err: 45.58
[test] loss: 0.0098, acc: 66.85, err: 33.15
2/100 - 2.00%
[train] loss: 0.0016, acc: 68.83, err: 31.17
[test] loss: 0.0100, acc: 67.12, err: 32.88
3/100 - 3.00%
[train] loss: 0.0015, acc: 73.09, err: 26.91
[test] loss: 0.0088, acc: 70.36, err: 29.64
4/100 - 4.00%
[train] loss: 0.0012, acc: 75.83, err: 24.17
[test] loss: 0.0068, acc: 77.39, err: 22.61
5/100 - 5.00%
[train] loss: 0.0012, acc: 77.68, err: 22.32
[test] loss: 0.0072, acc: 75.71, err: 24.29
6/100 - 6.00%
[train] loss: 0.0011, acc: 78.88, err: 21.12
[test] loss: 0.0060, acc: 79.94, err: 20.06
7/100 - 7.00%
[train] loss: 0.0011, acc: 80.05, err: 19.95
[test] loss: 0.0062, acc: 78.85, err: 21.15
8/100 - 8.00%
[train] loss: 0.0010, acc: 81.41, err: 18.59
[test] loss: 0.0061, acc: 79.52, err: 20.48
9/100 - 9.00%
[train] loss: 0.0011, acc: 78.82, err: 21.18
[test] loss: 0.0058, acc: 80.65, err: 19.35
10/100 - 10.00%
[train] loss: 0.0009, acc: 82.20, err: 17.80
[test] loss: 0.0058, acc: 80.54, err: 19.46
11/100 - 11.00%
[train] loss: 0.0009, acc: 82.93, err: 17.07
[test] loss: 0.0053, acc: 82.64, err: 17.36
12/100 - 12.00%
[train] loss: 0.0009, acc: 83.86, err: 16.14
[test] loss: 0.0053, acc: 82.47, err: 17.53
13/100 - 13.00%
[train] loss: 0.0014, acc: 81.95, err: 18.05
[test] loss: 0.0079, acc: 72.91, err: 27.09
14/100 - 14.00%
[train] loss: 0.0008, acc: 82.79, err: 17.21
[test] loss: 0.0052, acc: 82.44, err: 17.56
15/100 - 15.00%
[train] loss: 0.0008, acc: 85.19, err: 14.81
[test] loss: 0.0057, acc: 80.84, err: 19.16
16/100 - 16.00%
[train] loss: 0.0007, acc: 85.79, err: 14.21
[test] loss: 0.0050, acc: 83.16, err: 16.84
17/100 - 17.00%
[train] loss: 0.0007, acc: 86.17, err: 13.83
[test] loss: 0.0048, acc: 84.22, err: 15.78
18/100 - 18.00%
[train] loss: 0.0009, acc: 84.77, err: 15.23
[test] loss: 0.0051, acc: 82.82, err: 17.18
19/100 - 19.00%
[train] loss: 0.0008, acc: 86.09, err: 13.91
[test] loss: 0.0309, acc: 54.40, err: 45.60
20/100 - 20.00%
[train] loss: 0.0009, acc: 78.07, err: 21.93
[test] loss: 0.0056, acc: 81.27, err: 18.73
21/100 - 21.00%
[train] loss: 0.0007, acc: 85.67, err: 14.33
[test] loss: 0.0048, acc: 84.31, err: 15.69
22/100 - 22.00%
[train] loss: 0.0007, acc: 87.38, err: 12.62
[test] loss: 0.0050, acc: 83.68, err: 16.32
23/100 - 23.00%
[train] loss: 0.0007, acc: 88.06, err: 11.94
[test] loss: 0.0047, acc: 84.36, err: 15.64
24/100 - 24.00%
[train] loss: 0.0006, acc: 87.33, err: 12.67
[test] loss: 0.0046, acc: 84.72, err: 15.28
25/100 - 25.00%
[train] loss: 0.0006, acc: 88.29, err: 11.71
[test] loss: 0.0048, acc: 84.56, err: 15.44
26/100 - 26.00%
[train] loss: 0.0008, acc: 87.98, err: 12.02
[test] loss: 0.0057, acc: 81.71, err: 18.29
27/100 - 27.00%
[train] loss: 0.0006, acc: 86.57, err: 13.43
[test] loss: 0.0049, acc: 84.26, err: 15.74
28/100 - 28.00%
[train] loss: 0.0006, acc: 88.76, err: 11.24
[test] loss: 0.0046, acc: 84.96, err: 15.04
29/100 - 29.00%
[train] loss: 0.0006, acc: 89.55, err: 10.45
[test] loss: 0.0044, acc: 85.49, err: 14.51
30/100 - 30.00%
[train] loss: 0.0006, acc: 89.61, err: 10.39
[test] loss: 0.0046, acc: 85.27, err: 14.73
31/100 - 31.00%
[train] loss: 0.0005, acc: 89.74, err: 10.26
[test] loss: 0.0047, acc: 85.09, err: 14.91
32/100 - 32.00%
[train] loss: 0.0005, acc: 90.19, err: 9.81
[test] loss: 0.0046, acc: 85.45, err: 14.55
33/100 - 33.00%
[train] loss: 0.0007, acc: 84.80, err: 15.20
[test] loss: 0.0053, acc: 82.32, err: 17.68
34/100 - 34.00%
[train] loss: 0.0006, acc: 88.82, err: 11.18
[test] loss: 0.0045, acc: 85.96, err: 14.04
35/100 - 35.00%
[train] loss: 0.0005, acc: 90.29, err: 9.71
[test] loss: 0.0048, acc: 84.71, err: 15.29
36/100 - 36.00%
[train] loss: 0.0005, acc: 90.57, err: 9.43
[test] loss: 0.0048, acc: 84.94, err: 15.06
37/100 - 37.00%
[train] loss: 0.0005, acc: 90.70, err: 9.30
[test] loss: 0.0047, acc: 85.44, err: 14.56
38/100 - 38.00%
[train] loss: 0.0005, acc: 91.46, err: 8.54
[test] loss: 0.0045, acc: 86.00, err: 14.00
39/100 - 39.00%
[train] loss: 0.0005, acc: 90.50, err: 9.50
[test] loss: 0.0045, acc: 86.21, err: 13.79
40/100 - 40.00%
[train] loss: 0.0006, acc: 89.66, err: 10.34
[test] loss: 0.0073, acc: 77.35, err: 22.65
41/100 - 41.00%
[train] loss: 0.0005, acc: 90.42, err: 9.58
[test] loss: 0.0045, acc: 85.77, err: 14.23
42/100 - 42.00%
[train] loss: 0.0004, acc: 91.52, err: 8.48
[test] loss: 0.0047, acc: 86.25, err: 13.75
43/100 - 43.00%
[train] loss: 0.0004, acc: 91.91, err: 8.09
[test] loss: 0.0047, acc: 85.83, err: 14.17
44/100 - 44.00%
[train] loss: 0.0004, acc: 91.79, err: 8.21
[test] loss: 0.0047, acc: 85.63, err: 14.37
45/100 - 45.00%
[train] loss: 0.0004, acc: 92.11, err: 7.89
[test] loss: 0.0046, acc: 86.45, err: 13.55
46/100 - 46.00%
[train] loss: 0.0004, acc: 91.59, err: 8.41
[test] loss: 0.0048, acc: 85.28, err: 14.72
47/100 - 47.00%
[train] loss: 0.0004, acc: 92.11, err: 7.89
[test] loss: 0.0049, acc: 85.65, err: 14.35
48/100 - 48.00%
[train] loss: 0.0004, acc: 92.43, err: 7.57
[test] loss: 0.0046, acc: 86.14, err: 13.86
49/100 - 49.00%
[train] loss: 0.0004, acc: 92.53, err: 7.47
[test] loss: 0.0051, acc: 85.56, err: 14.44
50/100 - 50.00%
[train] loss: 0.0004, acc: 92.68, err: 7.32
[test] loss: 0.0049, acc: 85.99, err: 14.01
51/100 - 51.00%
[train] loss: 0.0004, acc: 92.88, err: 7.12
[test] loss: 0.0048, acc: 85.29, err: 14.71
52/100 - 52.00%
[train] loss: 0.0004, acc: 92.81, err: 7.19
[test] loss: 0.0048, acc: 85.86, err: 14.14
53/100 - 53.00%
[train] loss: 0.0004, acc: 92.87, err: 7.13
[test] loss: 0.0049, acc: 85.87, err: 14.13
54/100 - 54.00%
[train] loss: 0.0004, acc: 93.02, err: 6.98
[test] loss: 0.0051, acc: 85.82, err: 14.18
55/100 - 55.00%
[train] loss: 0.0004, acc: 93.22, err: 6.78
[test] loss: 0.0049, acc: 86.22, err: 13.78
56/100 - 56.00%
[train] loss: 0.0004, acc: 93.28, err: 6.72
[test] loss: 0.0051, acc: 85.75, err: 14.25
57/100 - 57.00%
[train] loss: 0.0003, acc: 93.52, err: 6.48
[test] loss: 0.0049, acc: 86.52, err: 13.48
58/100 - 58.00%
[train] loss: 0.0003, acc: 93.49, err: 6.51
[test] loss: 0.0051, acc: 85.69, err: 14.31
59/100 - 59.00%
[train] loss: 0.0003, acc: 93.77, err: 6.23
[test] loss: 0.0047, acc: 86.54, err: 13.46
60/100 - 60.00%
[train] loss: 0.0003, acc: 93.98, err: 6.02
[test] loss: 0.0050, acc: 85.97, err: 14.03
61/100 - 61.00%
[train] loss: 0.0003, acc: 93.38, err: 6.62
[test] loss: 0.0049, acc: 86.17, err: 13.83
62/100 - 62.00%
[train] loss: 0.0003, acc: 94.12, err: 5.88
[test] loss: 0.0047, acc: 86.29, err: 13.71
63/100 - 63.00%
[train] loss: 0.0003, acc: 94.04, err: 5.96
[test] loss: 0.0052, acc: 85.44, err: 14.56
64/100 - 64.00%
[train] loss: 0.0003, acc: 94.13, err: 5.87
[test] loss: 0.0056, acc: 84.54, err: 15.46
65/100 - 65.00%
[train] loss: 0.0003, acc: 94.06, err: 5.94
[test] loss: 0.0047, acc: 86.52, err: 13.48
66/100 - 66.00%
[train] loss: 0.0003, acc: 94.36, err: 5.64
[test] loss: 0.0054, acc: 85.23, err: 14.77
67/100 - 67.00%
[train] loss: 0.0003, acc: 94.61, err: 5.39
[test] loss: 0.0056, acc: 85.14, err: 14.86
68/100 - 68.00%
[train] loss: 0.0003, acc: 94.66, err: 5.34
[test] loss: 0.0056, acc: 85.12, err: 14.88
69/100 - 69.00%
[train] loss: 0.0003, acc: 94.63, err: 5.37
[test] loss: 0.0053, acc: 86.30, err: 13.70
70/100 - 70.00%
[train] loss: 0.0003, acc: 93.24, err: 6.76
[test] loss: 0.0050, acc: 86.32, err: 13.68
71/100 - 71.00%
[train] loss: 0.0008, acc: 84.97, err: 15.03
[test] loss: 0.0054, acc: 82.84, err: 17.16
72/100 - 72.00%
[train] loss: 0.0004, acc: 90.36, err: 9.64
[test] loss: 0.0049, acc: 85.42, err: 14.58
73/100 - 73.00%
[train] loss: 0.0003, acc: 93.44, err: 6.56
[test] loss: 0.0049, acc: 86.20, err: 13.80
74/100 - 74.00%
[train] loss: 0.0003, acc: 94.55, err: 5.45
[test] loss: 0.0051, acc: 86.34, err: 13.66
75/100 - 75.00%
[train] loss: 0.0003, acc: 94.96, err: 5.04
[test] loss: 0.0051, acc: 86.64, err: 13.36
76/100 - 76.00%
[train] loss: 0.0003, acc: 95.17, err: 4.83
[test] loss: 0.0050, acc: 86.88, err: 13.12
77/100 - 77.00%
[train] loss: 0.0003, acc: 95.06, err: 4.94
[test] loss: 0.0054, acc: 86.12, err: 13.88
78/100 - 78.00%
[train] loss: 0.0002, acc: 95.49, err: 4.51
[test] loss: 0.0053, acc: 86.38, err: 13.62
79/100 - 79.00%
[train] loss: 0.0002, acc: 95.44, err: 4.56
[test] loss: 0.0052, acc: 86.57, err: 13.43
80/100 - 80.00%
[train] loss: 0.0002, acc: 95.43, err: 4.57
[test] loss: 0.0054, acc: 86.52, err: 13.48
81/100 - 81.00%
[train] loss: 0.0002, acc: 95.50, err: 4.50
[test] loss: 0.0053, acc: 86.19, err: 13.81
82/100 - 82.00%
[train] loss: 0.0003, acc: 95.36, err: 4.64
[test] loss: 0.0052, acc: 86.65, err: 13.35
83/100 - 83.00%
[train] loss: 0.0003, acc: 95.32, err: 4.68
[test] loss: 0.0052, acc: 86.66, err: 13.34
84/100 - 84.00%
[train] loss: 0.0003, acc: 95.40, err: 4.60
[test] loss: 0.0052, acc: 86.92, err: 13.08
85/100 - 85.00%
[train] loss: 0.0002, acc: 95.50, err: 4.50
[test] loss: 0.0054, acc: 86.36, err: 13.64
86/100 - 86.00%
[train] loss: 0.0003, acc: 94.88, err: 5.12
[test] loss: 0.0053, acc: 86.17, err: 13.83
87/100 - 87.00%
[train] loss: 0.0003, acc: 95.60, err: 4.40
[test] loss: 0.0053, acc: 86.35, err: 13.65
88/100 - 88.00%
[train] loss: 0.0002, acc: 95.85, err: 4.15
[test] loss: 0.0055, acc: 86.11, err: 13.89
89/100 - 89.00%
[train] loss: 0.0002, acc: 95.66, err: 4.34
[test] loss: 0.0055, acc: 86.43, err: 13.57
90/100 - 90.00%
[train] loss: 0.0002, acc: 95.74, err: 4.26
[test] loss: 0.0051, acc: 87.02, err: 12.98
91/100 - 91.00%
[train] loss: 0.0002, acc: 95.73, err: 4.27
[test] loss: 0.0053, acc: 86.91, err: 13.09
92/100 - 92.00%
[train] loss: 0.0002, acc: 95.91, err: 4.09
[test] loss: 0.0056, acc: 86.27, err: 13.73
93/100 - 93.00%
[train] loss: 0.0002, acc: 95.99, err: 4.01
[test] loss: 0.0056, acc: 86.59, err: 13.41
94/100 - 94.00%
[train] loss: 0.0002, acc: 95.82, err: 4.18
[test] loss: 0.0053, acc: 86.74, err: 13.26
95/100 - 95.00%
[train] loss: 0.0002, acc: 95.90, err: 4.10
[test] loss: 0.0053, acc: 87.06, err: 12.94
96/100 - 96.00%
[train] loss: 0.0002, acc: 95.69, err: 4.31
[test] loss: 0.0052, acc: 86.76, err: 13.24
97/100 - 97.00%
[train] loss: 0.0002, acc: 96.08, err: 3.92
[test] loss: 0.0058, acc: 85.84, err: 14.16
98/100 - 98.00%
[train] loss: 0.0002, acc: 96.11, err: 3.89
[test] loss: 0.0057, acc: 86.65, err: 13.35
99/100 - 99.00%
[train] loss: 0.0002, acc: 96.20, err: 3.80
[test] loss: 0.0057, acc: 86.50, err: 13.50
100/100 - 100.00%
[train] loss: 0.0002, acc: 96.07, err: 3.93
[test] loss: 0.0058, acc: 85.95, err: 14.05
best loss: 0.0053, best acc: 87.06, best err: 12.94
log saved: cifar10_23-06-04_01-47-08.log
